[0.007s] Invoking command in '/home/ywag/ros_ws/build/rm_gimbal_description': CMAKE_PREFIX_PATH=${CMAKE_PREFIX_PATH}:/opt/ros/humble /usr/bin/cmake --build /home/ywag/ros_ws/build/rm_gimbal_description -- -j2 -l2
[0.074s] Invoked command in '/home/ywag/ros_ws/build/rm_gimbal_description' returned '0': CMAKE_PREFIX_PATH=${CMAKE_PREFIX_PATH}:/opt/ros/humble /usr/bin/cmake --build /home/ywag/ros_ws/build/rm_gimbal_description -- -j2 -l2
[0.078s] Invoking command in '/home/ywag/ros_ws/build/rm_gimbal_description': CMAKE_PREFIX_PATH=${CMAKE_PREFIX_PATH}:/opt/ros/humble /usr/bin/cmake --install /home/ywag/ros_ws/build/rm_gimbal_description
[0.090s] -- Install configuration: ""
[0.091s] -- Execute custom install script
[0.092s] -- Up-to-date symlink: /home/ywag/ros_ws/install/rm_gimbal_description/share/rm_gimbal_description/urdf/rm_gimbal.urdf.xacro
[0.093s] -- Up-to-date symlink: /home/ywag/ros_ws/install/rm_gimbal_description/share/ament_index/resource_index/package_run_dependencies/rm_gimbal_description
[0.094s] -- Up-to-date symlink: /home/ywag/ros_ws/install/rm_gimbal_description/share/ament_index/resource_index/parent_prefix_path/rm_gimbal_description
[0.095s] -- Up-to-date symlink: /home/ywag/ros_ws/install/rm_gimbal_description/share/rm_gimbal_description/environment/ament_prefix_path.sh
[0.095s] -- Up-to-date symlink: /home/ywag/ros_ws/install/rm_gimbal_description/share/rm_gimbal_description/environment/ament_prefix_path.dsv
[0.095s] -- Up-to-date symlink: /home/ywag/ros_ws/install/rm_gimbal_description/share/rm_gimbal_description/environment/path.sh
[0.096s] -- Up-to-date symlink: /home/ywag/ros_ws/install/rm_gimbal_description/share/rm_gimbal_description/environment/path.dsv
[0.099s] -- Up-to-date symlink: /home/ywag/ros_ws/install/rm_gimbal_description/share/rm_gimbal_description/local_setup.bash
[0.099s] -- Up-to-date symlink: /home/ywag/ros_ws/install/rm_gimbal_description/share/rm_gimbal_description/local_setup.sh
[0.099s] -- Up-to-date symlink: /home/ywag/ros_ws/install/rm_gimbal_description/share/rm_gimbal_description/local_setup.zsh
[0.099s] -- Up-to-date symlink: /home/ywag/ros_ws/install/rm_gimbal_description/share/rm_gimbal_description/local_setup.dsv
[0.099s] -- Symlinking: /home/ywag/ros_ws/install/rm_gimbal_description/share/rm_gimbal_description/package.dsv
[0.112s] -- Up-to-date symlink: /home/ywag/ros_ws/install/rm_gimbal_description/share/ament_index/resource_index/packages/rm_gimbal_description
[0.113s] -- Up-to-date symlink: /home/ywag/ros_ws/install/rm_gimbal_description/share/rm_gimbal_description/cmake/rm_gimbal_descriptionConfig.cmake
[0.113s] -- Up-to-date symlink: /home/ywag/ros_ws/install/rm_gimbal_description/share/rm_gimbal_description/cmake/rm_gimbal_descriptionConfig-version.cmake
[0.113s] -- Up-to-date symlink: /home/ywag/ros_ws/install/rm_gimbal_description/share/rm_gimbal_description/package.xml
[0.116s] Invoked command in '/home/ywag/ros_ws/build/rm_gimbal_description' returned '0': CMAKE_PREFIX_PATH=${CMAKE_PREFIX_PATH}:/opt/ros/humble /usr/bin/cmake --install /home/ywag/ros_ws/build/rm_gimbal_description
