[0.012s] Invoking command in '/home/ywag/ros_ws/build/auto_aim_bringup': CMAKE_PREFIX_PATH=/home/ywag/ros_ws/install/ballistic_solver:/home/ywag/ros_ws/install/armor_detector:/home/ywag/ros_ws/install/auto_aim_interfaces:/home/ywag/ros_ws/install/rm_vision_bringup:/home/ywag/ros_ws/install/rm_serial_driver:/home/ywag/ros_ws/install/rm_gimbal_description:/home/ywag/ros_ws/install/mindvision_camera:/home/ywag/ros_ws/install/hik_camera:/home/ywag/ros_ws/install/armor_tracker LD_LIBRARY_PATH=/home/ywag/ros_ws/install/armor_detector/lib:/home/ywag/ros_ws/install/auto_aim_interfaces/lib:/usr/local/lib:/usr/local/lib:/usr/local/lib:/usr/local/lib:/usr/local/lib:/usr/local/lib:/home/ywag/ros_ws/install/rm_serial_driver/lib:/home/ywag/ros_ws/install/mindvision_camera/lib:/home/ywag/ros_ws/install/hik_camera/lib:/home/ywag/ros_ws/install/armor_tracker/lib:/opt/ros/humble/opt/rviz_ogre_vendor/lib:/opt/ros/humble/lib/x86_64-linux-gnu:/opt/ros/humble/lib /usr/bin/cmake /home/ywag/ros_ws/src/auto_aim_bringup -DCATKIN_INSTALL_INTO_PREFIX_ROOT=0 -DCMAKE_INSTALL_PREFIX=/home/ywag/ros_ws/install/auto_aim_bringup
[0.030s] -- Found ament_cmake: 1.3.12 (/opt/ros/humble/share/ament_cmake/cmake)
[0.105s] -- Found rclpy: 3.3.17 (/opt/ros/humble/share/rclpy/cmake)
[0.143s] -- Configuring done
[0.143s] -- Generating done
[0.143s] -- Build files have been written to: /home/ywag/ros_ws/build/auto_aim_bringup
[0.147s] Invoked command in '/home/ywag/ros_ws/build/auto_aim_bringup' returned '0': CMAKE_PREFIX_PATH=/home/ywag/ros_ws/install/ballistic_solver:/home/ywag/ros_ws/install/armor_detector:/home/ywag/ros_ws/install/auto_aim_interfaces:/home/ywag/ros_ws/install/rm_vision_bringup:/home/ywag/ros_ws/install/rm_serial_driver:/home/ywag/ros_ws/install/rm_gimbal_description:/home/ywag/ros_ws/install/mindvision_camera:/home/ywag/ros_ws/install/hik_camera:/home/ywag/ros_ws/install/armor_tracker LD_LIBRARY_PATH=/home/ywag/ros_ws/install/armor_detector/lib:/home/ywag/ros_ws/install/auto_aim_interfaces/lib:/usr/local/lib:/usr/local/lib:/usr/local/lib:/usr/local/lib:/usr/local/lib:/usr/local/lib:/home/ywag/ros_ws/install/rm_serial_driver/lib:/home/ywag/ros_ws/install/mindvision_camera/lib:/home/ywag/ros_ws/install/hik_camera/lib:/home/ywag/ros_ws/install/armor_tracker/lib:/opt/ros/humble/opt/rviz_ogre_vendor/lib:/opt/ros/humble/lib/x86_64-linux-gnu:/opt/ros/humble/lib /usr/bin/cmake /home/ywag/ros_ws/src/auto_aim_bringup -DCATKIN_INSTALL_INTO_PREFIX_ROOT=0 -DCMAKE_INSTALL_PREFIX=/home/ywag/ros_ws/install/auto_aim_bringup
[0.148s] Invoking command in '/home/ywag/ros_ws/build/auto_aim_bringup': CMAKE_PREFIX_PATH=/home/ywag/ros_ws/install/ballistic_solver:/home/ywag/ros_ws/install/armor_detector:/home/ywag/ros_ws/install/auto_aim_interfaces:/home/ywag/ros_ws/install/rm_vision_bringup:/home/ywag/ros_ws/install/rm_serial_driver:/home/ywag/ros_ws/install/rm_gimbal_description:/home/ywag/ros_ws/install/mindvision_camera:/home/ywag/ros_ws/install/hik_camera:/home/ywag/ros_ws/install/armor_tracker LD_LIBRARY_PATH=/home/ywag/ros_ws/install/armor_detector/lib:/home/ywag/ros_ws/install/auto_aim_interfaces/lib:/usr/local/lib:/usr/local/lib:/usr/local/lib:/usr/local/lib:/usr/local/lib:/usr/local/lib:/home/ywag/ros_ws/install/rm_serial_driver/lib:/home/ywag/ros_ws/install/mindvision_camera/lib:/home/ywag/ros_ws/install/hik_camera/lib:/home/ywag/ros_ws/install/armor_tracker/lib:/opt/ros/humble/opt/rviz_ogre_vendor/lib:/opt/ros/humble/lib/x86_64-linux-gnu:/opt/ros/humble/lib /usr/bin/cmake --build /home/ywag/ros_ws/build/auto_aim_bringup -- -j2 -l2
[0.170s] Invoked command in '/home/ywag/ros_ws/build/auto_aim_bringup' returned '0': CMAKE_PREFIX_PATH=/home/ywag/ros_ws/install/ballistic_solver:/home/ywag/ros_ws/install/armor_detector:/home/ywag/ros_ws/install/auto_aim_interfaces:/home/ywag/ros_ws/install/rm_vision_bringup:/home/ywag/ros_ws/install/rm_serial_driver:/home/ywag/ros_ws/install/rm_gimbal_description:/home/ywag/ros_ws/install/mindvision_camera:/home/ywag/ros_ws/install/hik_camera:/home/ywag/ros_ws/install/armor_tracker LD_LIBRARY_PATH=/home/ywag/ros_ws/install/armor_detector/lib:/home/ywag/ros_ws/install/auto_aim_interfaces/lib:/usr/local/lib:/usr/local/lib:/usr/local/lib:/usr/local/lib:/usr/local/lib:/usr/local/lib:/home/ywag/ros_ws/install/rm_serial_driver/lib:/home/ywag/ros_ws/install/mindvision_camera/lib:/home/ywag/ros_ws/install/hik_camera/lib:/home/ywag/ros_ws/install/armor_tracker/lib:/opt/ros/humble/opt/rviz_ogre_vendor/lib:/opt/ros/humble/lib/x86_64-linux-gnu:/opt/ros/humble/lib /usr/bin/cmake --build /home/ywag/ros_ws/build/auto_aim_bringup -- -j2 -l2
[0.180s] Invoking command in '/home/ywag/ros_ws/build/auto_aim_bringup': CMAKE_PREFIX_PATH=/home/ywag/ros_ws/install/ballistic_solver:/home/ywag/ros_ws/install/armor_detector:/home/ywag/ros_ws/install/auto_aim_interfaces:/home/ywag/ros_ws/install/rm_vision_bringup:/home/ywag/ros_ws/install/rm_serial_driver:/home/ywag/ros_ws/install/rm_gimbal_description:/home/ywag/ros_ws/install/mindvision_camera:/home/ywag/ros_ws/install/hik_camera:/home/ywag/ros_ws/install/armor_tracker LD_LIBRARY_PATH=/home/ywag/ros_ws/install/armor_detector/lib:/home/ywag/ros_ws/install/auto_aim_interfaces/lib:/usr/local/lib:/usr/local/lib:/usr/local/lib:/usr/local/lib:/usr/local/lib:/usr/local/lib:/home/ywag/ros_ws/install/rm_serial_driver/lib:/home/ywag/ros_ws/install/mindvision_camera/lib:/home/ywag/ros_ws/install/hik_camera/lib:/home/ywag/ros_ws/install/armor_tracker/lib:/opt/ros/humble/opt/rviz_ogre_vendor/lib:/opt/ros/humble/lib/x86_64-linux-gnu:/opt/ros/humble/lib /usr/bin/cmake --install /home/ywag/ros_ws/build/auto_aim_bringup
[0.183s] -- Install configuration: ""
[0.183s] -- Up-to-date: /home/ywag/ros_ws/install/auto_aim_bringup/share/auto_aim_bringup/launch
[0.183s] -- Up-to-date: /home/ywag/ros_ws/install/auto_aim_bringup/share/auto_aim_bringup/launch/bringup.launch.py
[0.183s] -- Up-to-date: /home/ywag/ros_ws/install/auto_aim_bringup/share/ament_index/resource_index/package_run_dependencies/auto_aim_bringup
[0.184s] -- Up-to-date: /home/ywag/ros_ws/install/auto_aim_bringup/share/ament_index/resource_index/parent_prefix_path/auto_aim_bringup
[0.184s] -- Up-to-date: /home/ywag/ros_ws/install/auto_aim_bringup/share/auto_aim_bringup/environment/ament_prefix_path.sh
[0.184s] -- Installing: /home/ywag/ros_ws/install/auto_aim_bringup/share/auto_aim_bringup/environment/ament_prefix_path.dsv
[0.184s] -- Up-to-date: /home/ywag/ros_ws/install/auto_aim_bringup/share/auto_aim_bringup/environment/path.sh
[0.184s] -- Installing: /home/ywag/ros_ws/install/auto_aim_bringup/share/auto_aim_bringup/environment/path.dsv
[0.184s] -- Up-to-date: /home/ywag/ros_ws/install/auto_aim_bringup/share/auto_aim_bringup/local_setup.bash
[0.184s] -- Up-to-date: /home/ywag/ros_ws/install/auto_aim_bringup/share/auto_aim_bringup/local_setup.sh
[0.184s] -- Up-to-date: /home/ywag/ros_ws/install/auto_aim_bringup/share/auto_aim_bringup/local_setup.zsh
[0.184s] -- Installing: /home/ywag/ros_ws/install/auto_aim_bringup/share/auto_aim_bringup/local_setup.dsv
[0.184s] -- Installing: /home/ywag/ros_ws/install/auto_aim_bringup/share/auto_aim_bringup/package.dsv
[0.184s] -- Up-to-date: /home/ywag/ros_ws/install/auto_aim_bringup/share/ament_index/resource_index/packages/auto_aim_bringup
[0.184s] -- Up-to-date: /home/ywag/ros_ws/install/auto_aim_bringup/share/auto_aim_bringup/cmake/auto_aim_bringupConfig.cmake
[0.184s] -- Up-to-date: /home/ywag/ros_ws/install/auto_aim_bringup/share/auto_aim_bringup/cmake/auto_aim_bringupConfig-version.cmake
[0.184s] -- Up-to-date: /home/ywag/ros_ws/install/auto_aim_bringup/share/auto_aim_bringup/package.xml
[0.186s] Invoked command in '/home/ywag/ros_ws/build/auto_aim_bringup' returned '0': CMAKE_PREFIX_PATH=/home/ywag/ros_ws/install/ballistic_solver:/home/ywag/ros_ws/install/armor_detector:/home/ywag/ros_ws/install/auto_aim_interfaces:/home/ywag/ros_ws/install/rm_vision_bringup:/home/ywag/ros_ws/install/rm_serial_driver:/home/ywag/ros_ws/install/rm_gimbal_description:/home/ywag/ros_ws/install/mindvision_camera:/home/ywag/ros_ws/install/hik_camera:/home/ywag/ros_ws/install/armor_tracker LD_LIBRARY_PATH=/home/ywag/ros_ws/install/armor_detector/lib:/home/ywag/ros_ws/install/auto_aim_interfaces/lib:/usr/local/lib:/usr/local/lib:/usr/local/lib:/usr/local/lib:/usr/local/lib:/usr/local/lib:/home/ywag/ros_ws/install/rm_serial_driver/lib:/home/ywag/ros_ws/install/mindvision_camera/lib:/home/ywag/ros_ws/install/hik_camera/lib:/home/ywag/ros_ws/install/armor_tracker/lib:/opt/ros/humble/opt/rviz_ogre_vendor/lib:/opt/ros/humble/lib/x86_64-linux-gnu:/opt/ros/humble/lib /usr/bin/cmake --install /home/ywag/ros_ws/build/auto_aim_bringup
