[0.013s] Invoking command in '/home/ywag/ros_ws/build/mindvision_camera': CMAKE_PREFIX_PATH=${CMAKE_PREFIX_PATH}:/opt/ros/humble /usr/bin/cmake /home/ywag/ros_ws/src/ros2-mindvision-camera -DAMENT_CMAKE_SYMLINK_INSTALL=1 -DCMAKE_INSTALL_PREFIX=/home/ywag/ros_ws/install/mindvision_camera
[0.096s] -- The C compiler identification is GNU 11.4.0
[0.150s] -- The CXX compiler identification is GNU 11.4.0
[0.160s] -- Detecting C compiler ABI info
[0.283s] -- Detecting C compiler ABI info - done
[0.290s] -- Check for working C compiler: /usr/bin/cc - skipped
[0.290s] -- Detecting C compile features
[0.291s] -- Detecting C compile features - done
[0.296s] -- Detecting CXX compiler ABI info
[0.405s] -- Detecting CXX compiler ABI info - done
[0.409s] -- Check for working CXX compiler: /usr/bin/c++ - skipped
[0.409s] -- Detecting CXX compile features
[0.410s] -- Detecting CXX compile features - done
[0.416s] -- Found ament_cmake_auto: 1.3.12 (/opt/ros/humble/share/ament_cmake_auto/cmake)
[0.661s] -- Found Python3: /usr/bin/python3 (found version "3.10.12") found components: Interpreter 
[0.769s] -- Override CMake install command with custom implementation using symlinks instead of copying resources
[0.969s] -- Found rosidl_generator_c: 3.1.7 (/opt/ros/humble/share/rosidl_generator_c/cmake)
[0.976s] -- Found rosidl_adapter: 3.1.7 (/opt/ros/humble/share/rosidl_adapter/cmake)
[0.987s] -- Found rosidl_generator_cpp: 3.1.7 (/opt/ros/humble/share/rosidl_generator_cpp/cmake)
[1.014s] -- Using all available rosidl_typesupport_c: rosidl_typesupport_fastrtps_c;rosidl_typesupport_introspection_c
[1.060s] -- Using all available rosidl_typesupport_cpp: rosidl_typesupport_fastrtps_cpp;rosidl_typesupport_introspection_cpp
[1.245s] -- Found rmw_implementation_cmake: 6.1.2 (/opt/ros/humble/share/rmw_implementation_cmake/cmake)
[1.249s] -- Found rmw_fastrtps_cpp: 6.2.8 (/opt/ros/humble/share/rmw_fastrtps_cpp/cmake)
[1.344s] -- Found OpenSSL: /usr/lib/x86_64-linux-gnu/libcrypto.so (found version "3.0.2")  
[1.358s] -- Found FastRTPS: /opt/ros/humble/include  
[1.378s] -- Using RMW implementation 'rmw_fastrtps_cpp' as default
[1.386s] -- Looking for pthread.h
[1.479s] -- Looking for pthread.h - found
[1.479s] -- Performing Test CMAKE_HAVE_LIBC_PTHREAD
[1.544s] -- Performing Test CMAKE_HAVE_LIBC_PTHREAD - Success
[1.549s] -- Found Threads: TRUE  
[1.777s] -- Found ament_lint_auto: 0.12.14 (/opt/ros/humble/share/ament_lint_auto/cmake)
[1.806s] -- Added test 'cppcheck' to perform static code analysis on C / C++ code
[1.806s] -- Configured cppcheck include dirs: /home/ywag/ros_ws/src/ros2-mindvision-camera/mvsdk/include
[1.806s] -- Configured cppcheck exclude dirs and/or files: 
[1.806s] -- Added test 'flake8' to check Python code syntax and style conventions
[1.807s] -- Added test 'lint_cmake' to check CMake code style
[1.808s] -- Added test 'pep257' to check Python code against some of the docstring style conventions in PEP 257
[1.809s] -- Added test 'xmllint' to check XML markup files
[1.813s] -- Configuring done
[1.825s] -- Generating done
[1.831s] -- Build files have been written to: /home/ywag/ros_ws/build/mindvision_camera
[1.845s] Invoked command in '/home/ywag/ros_ws/build/mindvision_camera' returned '0': CMAKE_PREFIX_PATH=${CMAKE_PREFIX_PATH}:/opt/ros/humble /usr/bin/cmake /home/ywag/ros_ws/src/ros2-mindvision-camera -DAMENT_CMAKE_SYMLINK_INSTALL=1 -DCMAKE_INSTALL_PREFIX=/home/ywag/ros_ws/install/mindvision_camera
[1.845s] Invoking command in '/home/ywag/ros_ws/build/mindvision_camera': CMAKE_PREFIX_PATH=${CMAKE_PREFIX_PATH}:/opt/ros/humble /usr/bin/cmake --build /home/ywag/ros_ws/build/mindvision_camera -- -j2 -l2
[1.900s] [ 25%] [32mBuilding CXX object CMakeFiles/mindvision_camera.dir/src/mv_camera_node.cpp.o[0m
[6.628s] [ 50%] [32m[1mLinking CXX shared library libmindvision_camera.so[0m
[6.875s] [ 50%] Built target mindvision_camera
[6.904s] [ 75%] [32mBuilding CXX object CMakeFiles/mindvision_camera_node.dir/rclcpp_components/node_main_mindvision_camera_node.cpp.o[0m
[10.880s] [100%] [32m[1mLinking CXX executable mindvision_camera_node[0m
[11.144s] [100%] Built target mindvision_camera_node
[11.156s] Invoked command in '/home/ywag/ros_ws/build/mindvision_camera' returned '0': CMAKE_PREFIX_PATH=${CMAKE_PREFIX_PATH}:/opt/ros/humble /usr/bin/cmake --build /home/ywag/ros_ws/build/mindvision_camera -- -j2 -l2
[11.162s] Invoking command in '/home/ywag/ros_ws/build/mindvision_camera': CMAKE_PREFIX_PATH=${CMAKE_PREFIX_PATH}:/opt/ros/humble /usr/bin/cmake --install /home/ywag/ros_ws/build/mindvision_camera
[11.165s] -- Install configuration: ""
[11.165s] -- Execute custom install script
[11.166s] -- Symlinking: /home/ywag/ros_ws/install/mindvision_camera/lib/mindvision_camera/mindvision_camera_node
[11.183s] -- Symlinking: /home/ywag/ros_ws/install/mindvision_camera/share/mindvision_camera/environment/library_path.sh
[11.203s] -- Symlinking: /home/ywag/ros_ws/install/mindvision_camera/share/mindvision_camera/environment/library_path.dsv
[11.216s] -- Symlinking: /home/ywag/ros_ws/install/mindvision_camera/lib/libmindvision_camera.so
[11.223s] -- Symlinking: /home/ywag/ros_ws/install/mindvision_camera/share/mindvision_camera/config/camera_info.yaml
[11.234s] -- Symlinking: /home/ywag/ros_ws/install/mindvision_camera/share/mindvision_camera/config/camera_params.yaml
[11.247s] -- Symlinking: /home/ywag/ros_ws/install/mindvision_camera/share/mindvision_camera/launch/mv_launch.py
[11.258s] -- Symlinking: /home/ywag/ros_ws/install/mindvision_camera/share/ament_index/resource_index/package_run_dependencies/mindvision_camera
[11.272s] -- Symlinking: /home/ywag/ros_ws/install/mindvision_camera/share/ament_index/resource_index/parent_prefix_path/mindvision_camera
[11.280s] -- Symlinking: /home/ywag/ros_ws/install/mindvision_camera/share/mindvision_camera/environment/ament_prefix_path.sh
[11.290s] -- Symlinking: /home/ywag/ros_ws/install/mindvision_camera/share/mindvision_camera/environment/ament_prefix_path.dsv
[11.300s] -- Symlinking: /home/ywag/ros_ws/install/mindvision_camera/share/mindvision_camera/environment/path.sh
[11.316s] -- Symlinking: /home/ywag/ros_ws/install/mindvision_camera/share/mindvision_camera/environment/path.dsv
[11.323s] -- Symlinking: /home/ywag/ros_ws/install/mindvision_camera/share/mindvision_camera/local_setup.bash
[11.333s] -- Symlinking: /home/ywag/ros_ws/install/mindvision_camera/share/mindvision_camera/local_setup.sh
[11.346s] -- Symlinking: /home/ywag/ros_ws/install/mindvision_camera/share/mindvision_camera/local_setup.zsh
[11.362s] -- Symlinking: /home/ywag/ros_ws/install/mindvision_camera/share/mindvision_camera/local_setup.dsv
[11.368s] -- Symlinking: /home/ywag/ros_ws/install/mindvision_camera/share/mindvision_camera/package.dsv
[11.372s] -- Symlinking: /home/ywag/ros_ws/install/mindvision_camera/share/ament_index/resource_index/packages/mindvision_camera
[11.383s] -- Symlinking: /home/ywag/ros_ws/install/mindvision_camera/share/ament_index/resource_index/rclcpp_components/mindvision_camera
[11.392s] -- Symlinking: /home/ywag/ros_ws/install/mindvision_camera/share/mindvision_camera/cmake/ament_cmake_export_dependencies-extras.cmake
[11.406s] -- Symlinking: /home/ywag/ros_ws/install/mindvision_camera/share/mindvision_camera/cmake/ament_cmake_export_libraries-extras.cmake
[11.421s] -- Symlinking: /home/ywag/ros_ws/install/mindvision_camera/share/mindvision_camera/cmake/mindvision_cameraConfig.cmake
[11.429s] -- Symlinking: /home/ywag/ros_ws/install/mindvision_camera/share/mindvision_camera/cmake/mindvision_cameraConfig-version.cmake
[11.440s] -- Symlinking: /home/ywag/ros_ws/install/mindvision_camera/share/mindvision_camera/package.xml
[11.457s] Invoked command in '/home/ywag/ros_ws/build/mindvision_camera' returned '0': CMAKE_PREFIX_PATH=${CMAKE_PREFIX_PATH}:/opt/ros/humble /usr/bin/cmake --install /home/ywag/ros_ws/build/mindvision_camera
