[ 33%] [32mBuilding CXX object CMakeFiles/ballistic_solver_node.dir/src/ballistic_solver_node.cpp.o[0m
[ 66%] [32m[1mLinking CXX executable ballistic_solver_node[0m
[100%] Built target ballistic_solver_node
-- Install configuration: ""
-- Execute custom install script
-- Up-to-date symlink: /home/ywag/ros_ws/install/ballistic_solver/lib/ballistic_solver/ballistic_solver_node
-- Up-to-date symlink: /home/ywag/ros_ws/install/ballistic_solver/share/ament_index/resource_index/package_run_dependencies/ballistic_solver
-- Up-to-date symlink: /home/ywag/ros_ws/install/ballistic_solver/share/ament_index/resource_index/parent_prefix_path/ballistic_solver
-- Up-to-date symlink: /home/ywag/ros_ws/install/ballistic_solver/share/ballistic_solver/environment/ament_prefix_path.sh
-- Up-to-date symlink: /home/ywag/ros_ws/install/ballistic_solver/share/ballistic_solver/environment/ament_prefix_path.dsv
-- Up-to-date symlink: /home/ywag/ros_ws/install/ballistic_solver/share/ballistic_solver/environment/path.sh
-- Up-to-date symlink: /home/ywag/ros_ws/install/ballistic_solver/share/ballistic_solver/environment/path.dsv
-- Up-to-date symlink: /home/ywag/ros_ws/install/ballistic_solver/share/ballistic_solver/local_setup.bash
-- Up-to-date symlink: /home/ywag/ros_ws/install/ballistic_solver/share/ballistic_solver/local_setup.sh
-- Up-to-date symlink: /home/ywag/ros_ws/install/ballistic_solver/share/ballistic_solver/local_setup.zsh
-- Up-to-date symlink: /home/ywag/ros_ws/install/ballistic_solver/share/ballistic_solver/local_setup.dsv
-- Symlinking: /home/ywag/ros_ws/install/ballistic_solver/share/ballistic_solver/package.dsv
-- Up-to-date symlink: /home/ywag/ros_ws/install/ballistic_solver/share/ament_index/resource_index/packages/ballistic_solver
-- Up-to-date symlink: /home/ywag/ros_ws/install/ballistic_solver/share/ballistic_solver/cmake/ballistic_solverConfig.cmake
-- Up-to-date symlink: /home/ywag/ros_ws/install/ballistic_solver/share/ballistic_solver/cmake/ballistic_solverConfig-version.cmake
-- Up-to-date symlink: /home/ywag/ros_ws/install/ballistic_solver/share/ballistic_solver/package.xml
