[0.008s] Invoking command in '/home/ywag/ros_ws/build/ballistic_solver': CMAKE_PREFIX_PATH=/home/ywag/ros_ws/install/auto_aim_interfaces:/home/ywag/ros_ws/install/rm_vision_bringup:/home/ywag/ros_ws/install/rm_serial_driver:/home/ywag/ros_ws/install/rm_gimbal_description:/home/ywag/ros_ws/install/mindvision_camera:/home/ywag/ros_ws/install/hik_camera:/home/ywag/ros_ws/install/ballistic_solver:/home/ywag/ros_ws/install/armor_tracker:/home/ywag/ros_ws/install/armor_detector:/opt/ros/humble LD_LIBRARY_PATH=/home/ywag/ros_ws/install/auto_aim_interfaces/lib:/usr/local/lib:/usr/local/lib:/usr/local/lib:/usr/local/lib:/usr/local/lib:/usr/local/lib:/home/ywag/ros_ws/install/rm_serial_driver/lib:/home/ywag/ros_ws/install/mindvision_camera/lib:/home/ywag/ros_ws/install/hik_camera/lib:/home/ywag/ros_ws/install/armor_tracker/lib:/home/ywag/ros_ws/install/armor_detector/lib:/opt/ros/humble/opt/rviz_ogre_vendor/lib:/opt/ros/humble/lib/x86_64-linux-gnu:/opt/ros/humble/lib /usr/bin/cmake --build /home/ywag/ros_ws/build/ballistic_solver -- -j2 -l2
[0.113s] [ 33%] [32mBuilding CXX object CMakeFiles/ballistic_solver_node.dir/src/ballistic_solver_node.cpp.o[0m
[7.598s] [ 66%] [32m[1mLinking CXX executable ballistic_solver_node[0m
[7.907s] [100%] Built target ballistic_solver_node
[7.923s] Invoked command in '/home/ywag/ros_ws/build/ballistic_solver' returned '0': CMAKE_PREFIX_PATH=/home/ywag/ros_ws/install/auto_aim_interfaces:/home/ywag/ros_ws/install/rm_vision_bringup:/home/ywag/ros_ws/install/rm_serial_driver:/home/ywag/ros_ws/install/rm_gimbal_description:/home/ywag/ros_ws/install/mindvision_camera:/home/ywag/ros_ws/install/hik_camera:/home/ywag/ros_ws/install/ballistic_solver:/home/ywag/ros_ws/install/armor_tracker:/home/ywag/ros_ws/install/armor_detector:/opt/ros/humble LD_LIBRARY_PATH=/home/ywag/ros_ws/install/auto_aim_interfaces/lib:/usr/local/lib:/usr/local/lib:/usr/local/lib:/usr/local/lib:/usr/local/lib:/usr/local/lib:/home/ywag/ros_ws/install/rm_serial_driver/lib:/home/ywag/ros_ws/install/mindvision_camera/lib:/home/ywag/ros_ws/install/hik_camera/lib:/home/ywag/ros_ws/install/armor_tracker/lib:/home/ywag/ros_ws/install/armor_detector/lib:/opt/ros/humble/opt/rviz_ogre_vendor/lib:/opt/ros/humble/lib/x86_64-linux-gnu:/opt/ros/humble/lib /usr/bin/cmake --build /home/ywag/ros_ws/build/ballistic_solver -- -j2 -l2
[7.923s] Invoking command in '/home/ywag/ros_ws/build/ballistic_solver': CMAKE_PREFIX_PATH=/home/ywag/ros_ws/install/auto_aim_interfaces:/home/ywag/ros_ws/install/rm_vision_bringup:/home/ywag/ros_ws/install/rm_serial_driver:/home/ywag/ros_ws/install/rm_gimbal_description:/home/ywag/ros_ws/install/mindvision_camera:/home/ywag/ros_ws/install/hik_camera:/home/ywag/ros_ws/install/ballistic_solver:/home/ywag/ros_ws/install/armor_tracker:/home/ywag/ros_ws/install/armor_detector:/opt/ros/humble LD_LIBRARY_PATH=/home/ywag/ros_ws/install/auto_aim_interfaces/lib:/usr/local/lib:/usr/local/lib:/usr/local/lib:/usr/local/lib:/usr/local/lib:/usr/local/lib:/home/ywag/ros_ws/install/rm_serial_driver/lib:/home/ywag/ros_ws/install/mindvision_camera/lib:/home/ywag/ros_ws/install/hik_camera/lib:/home/ywag/ros_ws/install/armor_tracker/lib:/home/ywag/ros_ws/install/armor_detector/lib:/opt/ros/humble/opt/rviz_ogre_vendor/lib:/opt/ros/humble/lib/x86_64-linux-gnu:/opt/ros/humble/lib /usr/bin/cmake --install /home/ywag/ros_ws/build/ballistic_solver
[7.934s] -- Install configuration: ""
[7.935s] -- Execute custom install script
[7.941s] -- Up-to-date symlink: /home/ywag/ros_ws/install/ballistic_solver/lib/ballistic_solver/ballistic_solver_node
[7.941s] -- Up-to-date symlink: /home/ywag/ros_ws/install/ballistic_solver/share/ament_index/resource_index/package_run_dependencies/ballistic_solver
[7.941s] -- Up-to-date symlink: /home/ywag/ros_ws/install/ballistic_solver/share/ament_index/resource_index/parent_prefix_path/ballistic_solver
[7.941s] -- Up-to-date symlink: /home/ywag/ros_ws/install/ballistic_solver/share/ballistic_solver/environment/ament_prefix_path.sh
[7.941s] -- Up-to-date symlink: /home/ywag/ros_ws/install/ballistic_solver/share/ballistic_solver/environment/ament_prefix_path.dsv
[7.941s] -- Up-to-date symlink: /home/ywag/ros_ws/install/ballistic_solver/share/ballistic_solver/environment/path.sh
[7.941s] -- Up-to-date symlink: /home/ywag/ros_ws/install/ballistic_solver/share/ballistic_solver/environment/path.dsv
[7.941s] -- Up-to-date symlink: /home/ywag/ros_ws/install/ballistic_solver/share/ballistic_solver/local_setup.bash
[7.941s] -- Up-to-date symlink: /home/ywag/ros_ws/install/ballistic_solver/share/ballistic_solver/local_setup.sh
[7.941s] -- Up-to-date symlink: /home/ywag/ros_ws/install/ballistic_solver/share/ballistic_solver/local_setup.zsh
[7.941s] -- Up-to-date symlink: /home/ywag/ros_ws/install/ballistic_solver/share/ballistic_solver/local_setup.dsv
[7.941s] -- Symlinking: /home/ywag/ros_ws/install/ballistic_solver/share/ballistic_solver/package.dsv
[7.948s] -- Up-to-date symlink: /home/ywag/ros_ws/install/ballistic_solver/share/ament_index/resource_index/packages/ballistic_solver
[7.948s] -- Up-to-date symlink: /home/ywag/ros_ws/install/ballistic_solver/share/ballistic_solver/cmake/ballistic_solverConfig.cmake
[7.948s] -- Up-to-date symlink: /home/ywag/ros_ws/install/ballistic_solver/share/ballistic_solver/cmake/ballistic_solverConfig-version.cmake
[7.949s] -- Up-to-date symlink: /home/ywag/ros_ws/install/ballistic_solver/share/ballistic_solver/package.xml
[7.951s] Invoked command in '/home/ywag/ros_ws/build/ballistic_solver' returned '0': CMAKE_PREFIX_PATH=/home/ywag/ros_ws/install/auto_aim_interfaces:/home/ywag/ros_ws/install/rm_vision_bringup:/home/ywag/ros_ws/install/rm_serial_driver:/home/ywag/ros_ws/install/rm_gimbal_description:/home/ywag/ros_ws/install/mindvision_camera:/home/ywag/ros_ws/install/hik_camera:/home/ywag/ros_ws/install/ballistic_solver:/home/ywag/ros_ws/install/armor_tracker:/home/ywag/ros_ws/install/armor_detector:/opt/ros/humble LD_LIBRARY_PATH=/home/ywag/ros_ws/install/auto_aim_interfaces/lib:/usr/local/lib:/usr/local/lib:/usr/local/lib:/usr/local/lib:/usr/local/lib:/usr/local/lib:/home/ywag/ros_ws/install/rm_serial_driver/lib:/home/ywag/ros_ws/install/mindvision_camera/lib:/home/ywag/ros_ws/install/hik_camera/lib:/home/ywag/ros_ws/install/armor_tracker/lib:/home/ywag/ros_ws/install/armor_detector/lib:/opt/ros/humble/opt/rviz_ogre_vendor/lib:/opt/ros/humble/lib/x86_64-linux-gnu:/opt/ros/humble/lib /usr/bin/cmake --install /home/ywag/ros_ws/build/ballistic_solver
