[0.011s] Invoking command in '/home/ywag/ros_ws/build/hik_camera': CMAKE_PREFIX_PATH=${CMAKE_PREFIX_PATH}:/opt/ros/humble /usr/bin/cmake --build /home/ywag/ros_ws/build/hik_camera -- -j2 -l2
[0.108s] [ 50%] Built target hik_camera_node
[0.108s] [100%] Built target hik_camera
[0.125s] Invoked command in '/home/ywag/ros_ws/build/hik_camera' returned '0': CMAKE_PREFIX_PATH=${CMAKE_PREFIX_PATH}:/opt/ros/humble /usr/bin/cmake --build /home/ywag/ros_ws/build/hik_camera -- -j2 -l2
[0.137s] Invoking command in '/home/ywag/ros_ws/build/hik_camera': CMAKE_PREFIX_PATH=${CMAKE_PREFIX_PATH}:/opt/ros/humble /usr/bin/cmake --install /home/ywag/ros_ws/build/hik_camera
[0.145s] -- Install configuration: ""
[0.147s] -- Execute custom install script
[0.153s] -- Up-to-date symlink: /home/ywag/ros_ws/install/hik_camera/lib/libFormatConversion.so
[0.154s] -- Up-to-date symlink: /home/ywag/ros_ws/install/hik_camera/lib/libMVRender.so
[0.154s] -- Up-to-date symlink: /home/ywag/ros_ws/install/hik_camera/lib/libMediaProcess.so
[0.155s] -- Up-to-date symlink: /home/ywag/ros_ws/install/hik_camera/lib/libMvCameraControl.so
[0.157s] -- Up-to-date symlink: /home/ywag/ros_ws/install/hik_camera/lib/libMvUsb3vTL.so
[0.158s] -- Up-to-date symlink: /home/ywag/ros_ws/install/hik_camera/lib/hik_camera/hik_camera_node
[0.158s] -- Up-to-date symlink: /home/ywag/ros_ws/install/hik_camera/share/hik_camera/environment/library_path.sh
[0.160s] -- Up-to-date symlink: /home/ywag/ros_ws/install/hik_camera/share/hik_camera/environment/library_path.dsv
[0.160s] -- Up-to-date symlink: /home/ywag/ros_ws/install/hik_camera/lib/libhik_camera.so
[0.161s] -- Up-to-date symlink: /home/ywag/ros_ws/install/hik_camera/share/hik_camera/config/camera_info.yaml
[0.161s] -- Up-to-date symlink: /home/ywag/ros_ws/install/hik_camera/share/hik_camera/config/camera_params.yaml
[0.161s] -- Up-to-date symlink: /home/ywag/ros_ws/install/hik_camera/share/hik_camera/launch/hik_camera.launch.py
[0.161s] -- Up-to-date symlink: /home/ywag/ros_ws/install/hik_camera/share/ament_index/resource_index/package_run_dependencies/hik_camera
[0.162s] -- Up-to-date symlink: /home/ywag/ros_ws/install/hik_camera/share/ament_index/resource_index/parent_prefix_path/hik_camera
[0.162s] -- Up-to-date symlink: /home/ywag/ros_ws/install/hik_camera/share/hik_camera/environment/ament_prefix_path.sh
[0.162s] -- Up-to-date symlink: /home/ywag/ros_ws/install/hik_camera/share/hik_camera/environment/ament_prefix_path.dsv
[0.163s] -- Up-to-date symlink: /home/ywag/ros_ws/install/hik_camera/share/hik_camera/environment/path.sh
[0.163s] -- Up-to-date symlink: /home/ywag/ros_ws/install/hik_camera/share/hik_camera/environment/path.dsv
[0.163s] -- Up-to-date symlink: /home/ywag/ros_ws/install/hik_camera/share/hik_camera/local_setup.bash
[0.163s] -- Up-to-date symlink: /home/ywag/ros_ws/install/hik_camera/share/hik_camera/local_setup.sh
[0.166s] -- Up-to-date symlink: /home/ywag/ros_ws/install/hik_camera/share/hik_camera/local_setup.zsh
[0.166s] -- Up-to-date symlink: /home/ywag/ros_ws/install/hik_camera/share/hik_camera/local_setup.dsv
[0.166s] -- Symlinking: /home/ywag/ros_ws/install/hik_camera/share/hik_camera/package.dsv
[0.172s] -- Up-to-date symlink: /home/ywag/ros_ws/install/hik_camera/share/ament_index/resource_index/packages/hik_camera
[0.172s] -- Up-to-date symlink: /home/ywag/ros_ws/install/hik_camera/share/ament_index/resource_index/rclcpp_components/hik_camera
[0.172s] -- Up-to-date symlink: /home/ywag/ros_ws/install/hik_camera/share/hik_camera/cmake/ament_cmake_export_dependencies-extras.cmake
[0.172s] -- Up-to-date symlink: /home/ywag/ros_ws/install/hik_camera/share/hik_camera/cmake/ament_cmake_export_libraries-extras.cmake
[0.172s] -- Up-to-date symlink: /home/ywag/ros_ws/install/hik_camera/share/hik_camera/cmake/hik_cameraConfig.cmake
[0.173s] -- Up-to-date symlink: /home/ywag/ros_ws/install/hik_camera/share/hik_camera/cmake/hik_cameraConfig-version.cmake
[0.173s] -- Up-to-date symlink: /home/ywag/ros_ws/install/hik_camera/share/hik_camera/package.xml
[0.175s] Invoked command in '/home/ywag/ros_ws/build/hik_camera' returned '0': CMAKE_PREFIX_PATH=${CMAKE_PREFIX_PATH}:/opt/ros/humble /usr/bin/cmake --install /home/ywag/ros_ws/build/hik_camera
