[0.022s] Invoking command in '/home/ywag/ros_ws/build/rm_vision_bringup': CMAKE_PREFIX_PATH=/home/ywag/ros_ws/install/rm_serial_driver:/home/ywag/ros_ws/install/auto_aim_interfaces:/home/ywag/ros_ws/install/rm_vision_bringup:/home/ywag/ros_ws/install/rm_gimbal_description:/home/ywag/ros_ws/install/mindvision_camera:/home/ywag/ros_ws/install/hik_camera:/home/ywag/ros_ws/install/ballistic_solver:/home/ywag/ros_ws/install/armor_tracker:/home/ywag/ros_ws/install/armor_detector:/opt/ros/humble LD_LIBRARY_PATH=/home/ywag/ros_ws/install/rm_serial_driver/lib:/home/ywag/ros_ws/install/auto_aim_interfaces/lib:/usr/local/lib:/usr/local/lib:/usr/local/lib:/usr/local/lib:/usr/local/lib:/usr/local/lib:/home/ywag/ros_ws/install/mindvision_camera/lib:/home/ywag/ros_ws/install/hik_camera/lib:/home/ywag/ros_ws/install/armor_tracker/lib:/home/ywag/ros_ws/install/armor_detector/lib:/opt/ros/humble/opt/rviz_ogre_vendor/lib:/opt/ros/humble/lib/x86_64-linux-gnu:/opt/ros/humble/lib /usr/bin/cmake --build /home/ywag/ros_ws/build/rm_vision_bringup -- -j2 -l2
[0.061s] Invoked command in '/home/ywag/ros_ws/build/rm_vision_bringup' returned '0': CMAKE_PREFIX_PATH=/home/ywag/ros_ws/install/rm_serial_driver:/home/ywag/ros_ws/install/auto_aim_interfaces:/home/ywag/ros_ws/install/rm_vision_bringup:/home/ywag/ros_ws/install/rm_gimbal_description:/home/ywag/ros_ws/install/mindvision_camera:/home/ywag/ros_ws/install/hik_camera:/home/ywag/ros_ws/install/ballistic_solver:/home/ywag/ros_ws/install/armor_tracker:/home/ywag/ros_ws/install/armor_detector:/opt/ros/humble LD_LIBRARY_PATH=/home/ywag/ros_ws/install/rm_serial_driver/lib:/home/ywag/ros_ws/install/auto_aim_interfaces/lib:/usr/local/lib:/usr/local/lib:/usr/local/lib:/usr/local/lib:/usr/local/lib:/usr/local/lib:/home/ywag/ros_ws/install/mindvision_camera/lib:/home/ywag/ros_ws/install/hik_camera/lib:/home/ywag/ros_ws/install/armor_tracker/lib:/home/ywag/ros_ws/install/armor_detector/lib:/opt/ros/humble/opt/rviz_ogre_vendor/lib:/opt/ros/humble/lib/x86_64-linux-gnu:/opt/ros/humble/lib /usr/bin/cmake --build /home/ywag/ros_ws/build/rm_vision_bringup -- -j2 -l2
[0.061s] Invoking command in '/home/ywag/ros_ws/build/rm_vision_bringup': CMAKE_PREFIX_PATH=/home/ywag/ros_ws/install/rm_serial_driver:/home/ywag/ros_ws/install/auto_aim_interfaces:/home/ywag/ros_ws/install/rm_vision_bringup:/home/ywag/ros_ws/install/rm_gimbal_description:/home/ywag/ros_ws/install/mindvision_camera:/home/ywag/ros_ws/install/hik_camera:/home/ywag/ros_ws/install/ballistic_solver:/home/ywag/ros_ws/install/armor_tracker:/home/ywag/ros_ws/install/armor_detector:/opt/ros/humble LD_LIBRARY_PATH=/home/ywag/ros_ws/install/rm_serial_driver/lib:/home/ywag/ros_ws/install/auto_aim_interfaces/lib:/usr/local/lib:/usr/local/lib:/usr/local/lib:/usr/local/lib:/usr/local/lib:/usr/local/lib:/home/ywag/ros_ws/install/mindvision_camera/lib:/home/ywag/ros_ws/install/hik_camera/lib:/home/ywag/ros_ws/install/armor_tracker/lib:/home/ywag/ros_ws/install/armor_detector/lib:/opt/ros/humble/opt/rviz_ogre_vendor/lib:/opt/ros/humble/lib/x86_64-linux-gnu:/opt/ros/humble/lib /usr/bin/cmake --install /home/ywag/ros_ws/build/rm_vision_bringup
[0.066s] -- Install configuration: ""
[0.067s] -- Execute custom install script
[0.067s] -- Up-to-date symlink: /home/ywag/ros_ws/install/rm_vision_bringup/share/rm_vision_bringup/launch/common.py
[0.067s] -- Up-to-date symlink: /home/ywag/ros_ws/install/rm_vision_bringup/share/rm_vision_bringup/launch/no_hardware.launch.py
[0.067s] -- Up-to-date symlink: /home/ywag/ros_ws/install/rm_vision_bringup/share/rm_vision_bringup/launch/vision_bringup.launch.py
[0.068s] -- Up-to-date symlink: /home/ywag/ros_ws/install/rm_vision_bringup/share/rm_vision_bringup/config/camera_info.yaml
[0.069s] -- Up-to-date symlink: /home/ywag/ros_ws/install/rm_vision_bringup/share/rm_vision_bringup/config/launch_params.yaml
[0.069s] -- Up-to-date symlink: /home/ywag/ros_ws/install/rm_vision_bringup/share/rm_vision_bringup/config/node_params.yaml
[0.069s] -- Up-to-date symlink: /home/ywag/ros_ws/install/rm_vision_bringup/share/ament_index/resource_index/package_run_dependencies/rm_vision_bringup
[0.069s] -- Up-to-date symlink: /home/ywag/ros_ws/install/rm_vision_bringup/share/ament_index/resource_index/parent_prefix_path/rm_vision_bringup
[0.069s] -- Up-to-date symlink: /home/ywag/ros_ws/install/rm_vision_bringup/share/rm_vision_bringup/environment/ament_prefix_path.sh
[0.069s] -- Up-to-date symlink: /home/ywag/ros_ws/install/rm_vision_bringup/share/rm_vision_bringup/environment/ament_prefix_path.dsv
[0.069s] -- Up-to-date symlink: /home/ywag/ros_ws/install/rm_vision_bringup/share/rm_vision_bringup/environment/path.sh
[0.071s] -- Up-to-date symlink: /home/ywag/ros_ws/install/rm_vision_bringup/share/rm_vision_bringup/environment/path.dsv
[0.071s] -- Up-to-date symlink: /home/ywag/ros_ws/install/rm_vision_bringup/share/rm_vision_bringup/local_setup.bash
[0.071s] -- Up-to-date symlink: /home/ywag/ros_ws/install/rm_vision_bringup/share/rm_vision_bringup/local_setup.sh
[0.071s] -- Up-to-date symlink: /home/ywag/ros_ws/install/rm_vision_bringup/share/rm_vision_bringup/local_setup.zsh
[0.071s] -- Up-to-date symlink: /home/ywag/ros_ws/install/rm_vision_bringup/share/rm_vision_bringup/local_setup.dsv
[0.071s] -- Symlinking: /home/ywag/ros_ws/install/rm_vision_bringup/share/rm_vision_bringup/package.dsv
[0.076s] -- Up-to-date symlink: /home/ywag/ros_ws/install/rm_vision_bringup/share/ament_index/resource_index/packages/rm_vision_bringup
[0.076s] -- Up-to-date symlink: /home/ywag/ros_ws/install/rm_vision_bringup/share/rm_vision_bringup/cmake/rm_vision_bringupConfig.cmake
[0.076s] -- Up-to-date symlink: /home/ywag/ros_ws/install/rm_vision_bringup/share/rm_vision_bringup/cmake/rm_vision_bringupConfig-version.cmake
[0.076s] -- Up-to-date symlink: /home/ywag/ros_ws/install/rm_vision_bringup/share/rm_vision_bringup/package.xml
[0.080s] Invoked command in '/home/ywag/ros_ws/build/rm_vision_bringup' returned '0': CMAKE_PREFIX_PATH=/home/ywag/ros_ws/install/rm_serial_driver:/home/ywag/ros_ws/install/auto_aim_interfaces:/home/ywag/ros_ws/install/rm_vision_bringup:/home/ywag/ros_ws/install/rm_gimbal_description:/home/ywag/ros_ws/install/mindvision_camera:/home/ywag/ros_ws/install/hik_camera:/home/ywag/ros_ws/install/ballistic_solver:/home/ywag/ros_ws/install/armor_tracker:/home/ywag/ros_ws/install/armor_detector:/opt/ros/humble LD_LIBRARY_PATH=/home/ywag/ros_ws/install/rm_serial_driver/lib:/home/ywag/ros_ws/install/auto_aim_interfaces/lib:/usr/local/lib:/usr/local/lib:/usr/local/lib:/usr/local/lib:/usr/local/lib:/usr/local/lib:/home/ywag/ros_ws/install/mindvision_camera/lib:/home/ywag/ros_ws/install/hik_camera/lib:/home/ywag/ros_ws/install/armor_tracker/lib:/home/ywag/ros_ws/install/armor_detector/lib:/opt/ros/humble/opt/rviz_ogre_vendor/lib:/opt/ros/humble/lib/x86_64-linux-gnu:/opt/ros/humble/lib /usr/bin/cmake --install /home/ywag/ros_ws/build/rm_vision_bringup
