[0.015s] Invoking command in '/home/ywag/ros_ws/build/auto_aim_bringup': CMAKE_PREFIX_PATH=/home/ywag/ros_ws/install/ballistic_solver:/home/ywag/ros_ws/install/armor_detector:/home/ywag/ros_ws/install/auto_aim_interfaces:/home/ywag/ros_ws/install/rm_vision_bringup:/home/ywag/ros_ws/install/rm_serial_driver:/home/ywag/ros_ws/install/rm_gimbal_description:/home/ywag/ros_ws/install/mindvision_camera:/home/ywag/ros_ws/install/hik_camera:/home/ywag/ros_ws/install/armor_tracker LD_LIBRARY_PATH=/home/ywag/ros_ws/install/armor_detector/lib:/home/ywag/ros_ws/install/auto_aim_interfaces/lib:/usr/local/lib:/usr/local/lib:/usr/local/lib:/usr/local/lib:/usr/local/lib:/usr/local/lib:/home/ywag/ros_ws/install/rm_serial_driver/lib:/home/ywag/ros_ws/install/mindvision_camera/lib:/home/ywag/ros_ws/install/hik_camera/lib:/home/ywag/ros_ws/install/armor_tracker/lib:/opt/ros/humble/opt/rviz_ogre_vendor/lib:/opt/ros/humble/lib/x86_64-linux-gnu:/opt/ros/humble/lib /usr/bin/cmake /home/ywag/ros_ws/src/auto_aim_bringup -DCATKIN_INSTALL_INTO_PREFIX_ROOT=0 -DCATKIN_SYMLINK_INSTALL=ON -DCMAKE_INSTALL_PREFIX=/home/ywag/ros_ws/install/auto_aim_bringup
[0.123s] -- The C compiler identification is GNU 11.4.0
[0.190s] -- The CXX compiler identification is GNU 11.4.0
[0.203s] -- Detecting C compiler ABI info
[0.289s] -- Detecting C compiler ABI info - done
[0.289s] -- Check for working C compiler: /usr/bin/cc - skipped
[0.291s] -- Detecting C compile features
[0.291s] -- Detecting C compile features - done
[0.295s] -- Detecting CXX compiler ABI info
[0.383s] -- Detecting CXX compiler ABI info - done
[0.387s] -- Check for working CXX compiler: /usr/bin/c++ - skipped
[0.388s] -- Detecting CXX compile features
[0.388s] -- Detecting CXX compile features - done
[0.394s] -- Found ament_cmake: 1.3.12 (/opt/ros/humble/share/ament_cmake/cmake)
[0.530s] -- Found Python3: /usr/bin/python3 (found version "3.10.12") found components: Interpreter 
[0.620s] -- Found rclpy: 3.3.17 (/opt/ros/humble/share/rclpy/cmake)
[0.679s] -- Configuring done
[0.680s] -- Generating done
[0.681s] [33mCMake Warning:
[0.681s]   Manually-specified variables were not used by the project:
[0.681s] 
[0.681s]     CATKIN_INSTALL_INTO_PREFIX_ROOT
[0.681s]     CATKIN_SYMLINK_INSTALL
[0.681s] 
[0.681s] [0m
[0.682s] -- Build files have been written to: /home/ywag/ros_ws/build/auto_aim_bringup
[0.686s] Invoked command in '/home/ywag/ros_ws/build/auto_aim_bringup' returned '0': CMAKE_PREFIX_PATH=/home/ywag/ros_ws/install/ballistic_solver:/home/ywag/ros_ws/install/armor_detector:/home/ywag/ros_ws/install/auto_aim_interfaces:/home/ywag/ros_ws/install/rm_vision_bringup:/home/ywag/ros_ws/install/rm_serial_driver:/home/ywag/ros_ws/install/rm_gimbal_description:/home/ywag/ros_ws/install/mindvision_camera:/home/ywag/ros_ws/install/hik_camera:/home/ywag/ros_ws/install/armor_tracker LD_LIBRARY_PATH=/home/ywag/ros_ws/install/armor_detector/lib:/home/ywag/ros_ws/install/auto_aim_interfaces/lib:/usr/local/lib:/usr/local/lib:/usr/local/lib:/usr/local/lib:/usr/local/lib:/usr/local/lib:/home/ywag/ros_ws/install/rm_serial_driver/lib:/home/ywag/ros_ws/install/mindvision_camera/lib:/home/ywag/ros_ws/install/hik_camera/lib:/home/ywag/ros_ws/install/armor_tracker/lib:/opt/ros/humble/opt/rviz_ogre_vendor/lib:/opt/ros/humble/lib/x86_64-linux-gnu:/opt/ros/humble/lib /usr/bin/cmake /home/ywag/ros_ws/src/auto_aim_bringup -DCATKIN_INSTALL_INTO_PREFIX_ROOT=0 -DCATKIN_SYMLINK_INSTALL=ON -DCMAKE_INSTALL_PREFIX=/home/ywag/ros_ws/install/auto_aim_bringup
[0.687s] Invoking command in '/home/ywag/ros_ws/build/auto_aim_bringup': CMAKE_PREFIX_PATH=/home/ywag/ros_ws/install/ballistic_solver:/home/ywag/ros_ws/install/armor_detector:/home/ywag/ros_ws/install/auto_aim_interfaces:/home/ywag/ros_ws/install/rm_vision_bringup:/home/ywag/ros_ws/install/rm_serial_driver:/home/ywag/ros_ws/install/rm_gimbal_description:/home/ywag/ros_ws/install/mindvision_camera:/home/ywag/ros_ws/install/hik_camera:/home/ywag/ros_ws/install/armor_tracker LD_LIBRARY_PATH=/home/ywag/ros_ws/install/armor_detector/lib:/home/ywag/ros_ws/install/auto_aim_interfaces/lib:/usr/local/lib:/usr/local/lib:/usr/local/lib:/usr/local/lib:/usr/local/lib:/usr/local/lib:/home/ywag/ros_ws/install/rm_serial_driver/lib:/home/ywag/ros_ws/install/mindvision_camera/lib:/home/ywag/ros_ws/install/hik_camera/lib:/home/ywag/ros_ws/install/armor_tracker/lib:/opt/ros/humble/opt/rviz_ogre_vendor/lib:/opt/ros/humble/lib/x86_64-linux-gnu:/opt/ros/humble/lib /usr/bin/cmake --build /home/ywag/ros_ws/build/auto_aim_bringup -- -j2 -l2
[0.722s] Invoked command in '/home/ywag/ros_ws/build/auto_aim_bringup' returned '0': CMAKE_PREFIX_PATH=/home/ywag/ros_ws/install/ballistic_solver:/home/ywag/ros_ws/install/armor_detector:/home/ywag/ros_ws/install/auto_aim_interfaces:/home/ywag/ros_ws/install/rm_vision_bringup:/home/ywag/ros_ws/install/rm_serial_driver:/home/ywag/ros_ws/install/rm_gimbal_description:/home/ywag/ros_ws/install/mindvision_camera:/home/ywag/ros_ws/install/hik_camera:/home/ywag/ros_ws/install/armor_tracker LD_LIBRARY_PATH=/home/ywag/ros_ws/install/armor_detector/lib:/home/ywag/ros_ws/install/auto_aim_interfaces/lib:/usr/local/lib:/usr/local/lib:/usr/local/lib:/usr/local/lib:/usr/local/lib:/usr/local/lib:/home/ywag/ros_ws/install/rm_serial_driver/lib:/home/ywag/ros_ws/install/mindvision_camera/lib:/home/ywag/ros_ws/install/hik_camera/lib:/home/ywag/ros_ws/install/armor_tracker/lib:/opt/ros/humble/opt/rviz_ogre_vendor/lib:/opt/ros/humble/lib/x86_64-linux-gnu:/opt/ros/humble/lib /usr/bin/cmake --build /home/ywag/ros_ws/build/auto_aim_bringup -- -j2 -l2
[0.722s] Invoking command in '/home/ywag/ros_ws/build/auto_aim_bringup': CMAKE_PREFIX_PATH=/home/ywag/ros_ws/install/ballistic_solver:/home/ywag/ros_ws/install/armor_detector:/home/ywag/ros_ws/install/auto_aim_interfaces:/home/ywag/ros_ws/install/rm_vision_bringup:/home/ywag/ros_ws/install/rm_serial_driver:/home/ywag/ros_ws/install/rm_gimbal_description:/home/ywag/ros_ws/install/mindvision_camera:/home/ywag/ros_ws/install/hik_camera:/home/ywag/ros_ws/install/armor_tracker LD_LIBRARY_PATH=/home/ywag/ros_ws/install/armor_detector/lib:/home/ywag/ros_ws/install/auto_aim_interfaces/lib:/usr/local/lib:/usr/local/lib:/usr/local/lib:/usr/local/lib:/usr/local/lib:/usr/local/lib:/home/ywag/ros_ws/install/rm_serial_driver/lib:/home/ywag/ros_ws/install/mindvision_camera/lib:/home/ywag/ros_ws/install/hik_camera/lib:/home/ywag/ros_ws/install/armor_tracker/lib:/opt/ros/humble/opt/rviz_ogre_vendor/lib:/opt/ros/humble/lib/x86_64-linux-gnu:/opt/ros/humble/lib /usr/bin/cmake --install /home/ywag/ros_ws/build/auto_aim_bringup
[0.730s] -- Install configuration: ""
[0.730s] -- Installing: /home/ywag/ros_ws/install/auto_aim_bringup/share/auto_aim_bringup/launch
[0.730s] -- Installing: /home/ywag/ros_ws/install/auto_aim_bringup/share/auto_aim_bringup/launch/bringup.launch.py
[0.732s] -- Installing: /home/ywag/ros_ws/install/auto_aim_bringup/share/ament_index/resource_index/package_run_dependencies/auto_aim_bringup
[0.733s] -- Installing: /home/ywag/ros_ws/install/auto_aim_bringup/share/ament_index/resource_index/parent_prefix_path/auto_aim_bringup
[0.733s] -- Installing: /home/ywag/ros_ws/install/auto_aim_bringup/share/auto_aim_bringup/environment/ament_prefix_path.sh
[0.733s] -- Installing: /home/ywag/ros_ws/install/auto_aim_bringup/share/auto_aim_bringup/environment/ament_prefix_path.dsv
[0.733s] -- Installing: /home/ywag/ros_ws/install/auto_aim_bringup/share/auto_aim_bringup/environment/path.sh
[0.733s] -- Installing: /home/ywag/ros_ws/install/auto_aim_bringup/share/auto_aim_bringup/environment/path.dsv
[0.733s] -- Installing: /home/ywag/ros_ws/install/auto_aim_bringup/share/auto_aim_bringup/local_setup.bash
[0.733s] -- Installing: /home/ywag/ros_ws/install/auto_aim_bringup/share/auto_aim_bringup/local_setup.sh
[0.733s] -- Installing: /home/ywag/ros_ws/install/auto_aim_bringup/share/auto_aim_bringup/local_setup.zsh
[0.733s] -- Installing: /home/ywag/ros_ws/install/auto_aim_bringup/share/auto_aim_bringup/local_setup.dsv
[0.733s] -- Installing: /home/ywag/ros_ws/install/auto_aim_bringup/share/auto_aim_bringup/package.dsv
[0.733s] -- Installing: /home/ywag/ros_ws/install/auto_aim_bringup/share/ament_index/resource_index/packages/auto_aim_bringup
[0.733s] -- Installing: /home/ywag/ros_ws/install/auto_aim_bringup/share/auto_aim_bringup/cmake/auto_aim_bringupConfig.cmake
[0.733s] -- Installing: /home/ywag/ros_ws/install/auto_aim_bringup/share/auto_aim_bringup/cmake/auto_aim_bringupConfig-version.cmake
[0.733s] -- Installing: /home/ywag/ros_ws/install/auto_aim_bringup/share/auto_aim_bringup/package.xml
[0.735s] Invoked command in '/home/ywag/ros_ws/build/auto_aim_bringup' returned '0': CMAKE_PREFIX_PATH=/home/ywag/ros_ws/install/ballistic_solver:/home/ywag/ros_ws/install/armor_detector:/home/ywag/ros_ws/install/auto_aim_interfaces:/home/ywag/ros_ws/install/rm_vision_bringup:/home/ywag/ros_ws/install/rm_serial_driver:/home/ywag/ros_ws/install/rm_gimbal_description:/home/ywag/ros_ws/install/mindvision_camera:/home/ywag/ros_ws/install/hik_camera:/home/ywag/ros_ws/install/armor_tracker LD_LIBRARY_PATH=/home/ywag/ros_ws/install/armor_detector/lib:/home/ywag/ros_ws/install/auto_aim_interfaces/lib:/usr/local/lib:/usr/local/lib:/usr/local/lib:/usr/local/lib:/usr/local/lib:/usr/local/lib:/home/ywag/ros_ws/install/rm_serial_driver/lib:/home/ywag/ros_ws/install/mindvision_camera/lib:/home/ywag/ros_ws/install/hik_camera/lib:/home/ywag/ros_ws/install/armor_tracker/lib:/opt/ros/humble/opt/rviz_ogre_vendor/lib:/opt/ros/humble/lib/x86_64-linux-gnu:/opt/ros/humble/lib /usr/bin/cmake --install /home/ywag/ros_ws/build/auto_aim_bringup
