[0.005s] Invoking command in '/home/ywag/ros_ws/build/hik_camera': CMAKE_PREFIX_PATH=${CMAKE_PREFIX_PATH}:/opt/ros/humble /usr/bin/cmake --build /home/ywag/ros_ws/build/hik_camera -- -j2 -l2
[0.177s] [ 50%] Built target hik_camera
[0.184s] [100%] Built target hik_camera_node
[0.209s] Invoked command in '/home/ywag/ros_ws/build/hik_camera' returned '0': CMAKE_PREFIX_PATH=${CMAKE_PREFIX_PATH}:/opt/ros/humble /usr/bin/cmake --build /home/ywag/ros_ws/build/hik_camera -- -j2 -l2
[0.219s] Invoking command in '/home/ywag/ros_ws/build/hik_camera': CMAKE_PREFIX_PATH=${CMAKE_PREFIX_PATH}:/opt/ros/humble /usr/bin/cmake --install /home/ywag/ros_ws/build/hik_camera
[0.229s] -- Install configuration: ""
[0.229s] -- Execute custom install script
[0.230s] -- Up-to-date symlink: /home/ywag/ros_ws/install/hik_camera/lib/libFormatConversion.so
[0.231s] -- Up-to-date symlink: /home/ywag/ros_ws/install/hik_camera/lib/libMVRender.so
[0.231s] -- Up-to-date symlink: /home/ywag/ros_ws/install/hik_camera/lib/libMediaProcess.so
[0.231s] -- Up-to-date symlink: /home/ywag/ros_ws/install/hik_camera/lib/libMvCameraControl.so
[0.231s] -- Up-to-date symlink: /home/ywag/ros_ws/install/hik_camera/lib/libMvUsb3vTL.so
[0.232s] -- Up-to-date symlink: /home/ywag/ros_ws/install/hik_camera/lib/hik_camera/hik_camera_node
[0.233s] -- Up-to-date symlink: /home/ywag/ros_ws/install/hik_camera/share/hik_camera/environment/library_path.sh
[0.233s] -- Up-to-date symlink: /home/ywag/ros_ws/install/hik_camera/share/hik_camera/environment/library_path.dsv
[0.233s] -- Up-to-date symlink: /home/ywag/ros_ws/install/hik_camera/lib/libhik_camera.so
[0.234s] -- Up-to-date symlink: /home/ywag/ros_ws/install/hik_camera/share/hik_camera/config/camera_info.yaml
[0.235s] -- Up-to-date symlink: /home/ywag/ros_ws/install/hik_camera/share/hik_camera/config/camera_params.yaml
[0.235s] -- Up-to-date symlink: /home/ywag/ros_ws/install/hik_camera/share/hik_camera/launch/hik_camera.launch.py
[0.235s] -- Up-to-date symlink: /home/ywag/ros_ws/install/hik_camera/share/ament_index/resource_index/package_run_dependencies/hik_camera
[0.235s] -- Up-to-date symlink: /home/ywag/ros_ws/install/hik_camera/share/ament_index/resource_index/parent_prefix_path/hik_camera
[0.236s] -- Up-to-date symlink: /home/ywag/ros_ws/install/hik_camera/share/hik_camera/environment/ament_prefix_path.sh
[0.236s] -- Up-to-date symlink: /home/ywag/ros_ws/install/hik_camera/share/hik_camera/environment/ament_prefix_path.dsv
[0.238s] -- Up-to-date symlink: /home/ywag/ros_ws/install/hik_camera/share/hik_camera/environment/path.sh
[0.238s] -- Up-to-date symlink: /home/ywag/ros_ws/install/hik_camera/share/hik_camera/environment/path.dsv
[0.238s] -- Up-to-date symlink: /home/ywag/ros_ws/install/hik_camera/share/hik_camera/local_setup.bash
[0.239s] -- Up-to-date symlink: /home/ywag/ros_ws/install/hik_camera/share/hik_camera/local_setup.sh
[0.239s] -- Up-to-date symlink: /home/ywag/ros_ws/install/hik_camera/share/hik_camera/local_setup.zsh
[0.241s] -- Up-to-date symlink: /home/ywag/ros_ws/install/hik_camera/share/hik_camera/local_setup.dsv
[0.241s] -- Symlinking: /home/ywag/ros_ws/install/hik_camera/share/hik_camera/package.dsv
[0.256s] -- Up-to-date symlink: /home/ywag/ros_ws/install/hik_camera/share/ament_index/resource_index/packages/hik_camera
[0.259s] -- Up-to-date symlink: /home/ywag/ros_ws/install/hik_camera/share/ament_index/resource_index/rclcpp_components/hik_camera
[0.259s] -- Up-to-date symlink: /home/ywag/ros_ws/install/hik_camera/share/hik_camera/cmake/ament_cmake_export_dependencies-extras.cmake
[0.259s] -- Up-to-date symlink: /home/ywag/ros_ws/install/hik_camera/share/hik_camera/cmake/ament_cmake_export_libraries-extras.cmake
[0.259s] -- Up-to-date symlink: /home/ywag/ros_ws/install/hik_camera/share/hik_camera/cmake/hik_cameraConfig.cmake
[0.261s] -- Up-to-date symlink: /home/ywag/ros_ws/install/hik_camera/share/hik_camera/cmake/hik_cameraConfig-version.cmake
[0.261s] -- Up-to-date symlink: /home/ywag/ros_ws/install/hik_camera/share/hik_camera/package.xml
[0.263s] Invoked command in '/home/ywag/ros_ws/build/hik_camera' returned '0': CMAKE_PREFIX_PATH=${CMAKE_PREFIX_PATH}:/opt/ros/humble /usr/bin/cmake --install /home/ywag/ros_ws/build/hik_camera
