[0.028s] Invoking command in '/home/ywag/ros_ws/build/ballistic_solver': CMAKE_PREFIX_PATH=/home/ywag/ros_ws/install/auto_aim_interfaces:/home/ywag/ros_ws/install/rm_vision_bringup:/home/ywag/ros_ws/install/rm_serial_driver:/home/ywag/ros_ws/install/rm_gimbal_description:/home/ywag/ros_ws/install/mindvision_camera:/home/ywag/ros_ws/install/hik_camera:/home/ywag/ros_ws/install/ballistic_solver:/home/ywag/ros_ws/install/armor_tracker:/home/ywag/ros_ws/install/armor_detector:/opt/ros/humble LD_LIBRARY_PATH=/home/ywag/ros_ws/install/auto_aim_interfaces/lib:/usr/local/lib:/usr/local/lib:/usr/local/lib:/usr/local/lib:/usr/local/lib:/usr/local/lib:/home/ywag/ros_ws/install/rm_serial_driver/lib:/home/ywag/ros_ws/install/mindvision_camera/lib:/home/ywag/ros_ws/install/hik_camera/lib:/home/ywag/ros_ws/install/armor_tracker/lib:/home/ywag/ros_ws/install/armor_detector/lib:/opt/ros/humble/opt/rviz_ogre_vendor/lib:/opt/ros/humble/lib/x86_64-linux-gnu:/opt/ros/humble/lib /usr/bin/cmake /home/ywag/ros_ws/src/ballistic_solver -DCMAKE_INSTALL_PREFIX=/home/ywag/ros_ws/install/ballistic_solver
[0.075s] -- Found ament_cmake: 1.3.12 (/opt/ros/humble/share/ament_cmake/cmake)
[0.199s] -- Override CMake install command with custom implementation using symlinks instead of copying resources
[0.223s] -- Found rclcpp: 16.0.14 (/opt/ros/humble/share/rclcpp/cmake)
[0.274s] -- Found rosidl_generator_c: 3.1.7 (/opt/ros/humble/share/rosidl_generator_c/cmake)
[0.278s] -- Found rosidl_adapter: 3.1.7 (/opt/ros/humble/share/rosidl_adapter/cmake)
[0.288s] -- Found rosidl_generator_cpp: 3.1.7 (/opt/ros/humble/share/rosidl_generator_cpp/cmake)
[0.301s] -- Using all available rosidl_typesupport_c: rosidl_typesupport_fastrtps_c;rosidl_typesupport_introspection_c
[0.318s] -- Using all available rosidl_typesupport_cpp: rosidl_typesupport_fastrtps_cpp;rosidl_typesupport_introspection_cpp
[0.364s] -- Found rmw_implementation_cmake: 6.1.2 (/opt/ros/humble/share/rmw_implementation_cmake/cmake)
[0.366s] -- Found rmw_fastrtps_cpp: 6.2.8 (/opt/ros/humble/share/rmw_fastrtps_cpp/cmake)
[0.449s] -- Using RMW implementation 'rmw_fastrtps_cpp' as default
[0.504s] -- Found auto_aim_interfaces: 0.0.0 (/home/ywag/ros_ws/install/auto_aim_interfaces/share/auto_aim_interfaces/cmake)
[0.540s] -- Found ament_lint_auto: 0.12.14 (/opt/ros/humble/share/ament_lint_auto/cmake)
[0.590s] -- Added test 'cppcheck' to perform static code analysis on C / C++ code
[0.590s] -- Configured cppcheck include dirs: $<BUILD_INTERFACE:/home/ywag/ros_ws/src/ballistic_solver/include>
[0.590s] -- Configured cppcheck exclude dirs and/or files: 
[0.591s] -- Added test 'lint_cmake' to check CMake code style
[0.592s] -- Added test 'uncrustify' to check C / C++ code style
[0.592s] -- Configured uncrustify additional arguments: 
[0.593s] -- Added test 'xmllint' to check XML markup files
[0.594s] -- Configuring done
[0.606s] -- Generating done
[0.610s] -- Build files have been written to: /home/ywag/ros_ws/build/ballistic_solver
[0.616s] Invoked command in '/home/ywag/ros_ws/build/ballistic_solver' returned '0': CMAKE_PREFIX_PATH=/home/ywag/ros_ws/install/auto_aim_interfaces:/home/ywag/ros_ws/install/rm_vision_bringup:/home/ywag/ros_ws/install/rm_serial_driver:/home/ywag/ros_ws/install/rm_gimbal_description:/home/ywag/ros_ws/install/mindvision_camera:/home/ywag/ros_ws/install/hik_camera:/home/ywag/ros_ws/install/ballistic_solver:/home/ywag/ros_ws/install/armor_tracker:/home/ywag/ros_ws/install/armor_detector:/opt/ros/humble LD_LIBRARY_PATH=/home/ywag/ros_ws/install/auto_aim_interfaces/lib:/usr/local/lib:/usr/local/lib:/usr/local/lib:/usr/local/lib:/usr/local/lib:/usr/local/lib:/home/ywag/ros_ws/install/rm_serial_driver/lib:/home/ywag/ros_ws/install/mindvision_camera/lib:/home/ywag/ros_ws/install/hik_camera/lib:/home/ywag/ros_ws/install/armor_tracker/lib:/home/ywag/ros_ws/install/armor_detector/lib:/opt/ros/humble/opt/rviz_ogre_vendor/lib:/opt/ros/humble/lib/x86_64-linux-gnu:/opt/ros/humble/lib /usr/bin/cmake /home/ywag/ros_ws/src/ballistic_solver -DCMAKE_INSTALL_PREFIX=/home/ywag/ros_ws/install/ballistic_solver
[0.616s] Invoking command in '/home/ywag/ros_ws/build/ballistic_solver': CMAKE_PREFIX_PATH=/home/ywag/ros_ws/install/auto_aim_interfaces:/home/ywag/ros_ws/install/rm_vision_bringup:/home/ywag/ros_ws/install/rm_serial_driver:/home/ywag/ros_ws/install/rm_gimbal_description:/home/ywag/ros_ws/install/mindvision_camera:/home/ywag/ros_ws/install/hik_camera:/home/ywag/ros_ws/install/ballistic_solver:/home/ywag/ros_ws/install/armor_tracker:/home/ywag/ros_ws/install/armor_detector:/opt/ros/humble LD_LIBRARY_PATH=/home/ywag/ros_ws/install/auto_aim_interfaces/lib:/usr/local/lib:/usr/local/lib:/usr/local/lib:/usr/local/lib:/usr/local/lib:/usr/local/lib:/home/ywag/ros_ws/install/rm_serial_driver/lib:/home/ywag/ros_ws/install/mindvision_camera/lib:/home/ywag/ros_ws/install/hik_camera/lib:/home/ywag/ros_ws/install/armor_tracker/lib:/home/ywag/ros_ws/install/armor_detector/lib:/opt/ros/humble/opt/rviz_ogre_vendor/lib:/opt/ros/humble/lib/x86_64-linux-gnu:/opt/ros/humble/lib /usr/bin/cmake --build /home/ywag/ros_ws/build/ballistic_solver -- -j2 -l2
[0.663s] [35m[1mConsolidate compiler generated dependencies of target ballistic_solver_node[0m
[0.685s] [ 33%] [32mBuilding CXX object CMakeFiles/ballistic_solver_node.dir/src/ballistic_solver_node.cpp.o[0m
[6.298s] [ 66%] [32m[1mLinking CXX executable ballistic_solver_node[0m
[6.687s] [100%] Built target ballistic_solver_node
[6.694s] Invoked command in '/home/ywag/ros_ws/build/ballistic_solver' returned '0': CMAKE_PREFIX_PATH=/home/ywag/ros_ws/install/auto_aim_interfaces:/home/ywag/ros_ws/install/rm_vision_bringup:/home/ywag/ros_ws/install/rm_serial_driver:/home/ywag/ros_ws/install/rm_gimbal_description:/home/ywag/ros_ws/install/mindvision_camera:/home/ywag/ros_ws/install/hik_camera:/home/ywag/ros_ws/install/ballistic_solver:/home/ywag/ros_ws/install/armor_tracker:/home/ywag/ros_ws/install/armor_detector:/opt/ros/humble LD_LIBRARY_PATH=/home/ywag/ros_ws/install/auto_aim_interfaces/lib:/usr/local/lib:/usr/local/lib:/usr/local/lib:/usr/local/lib:/usr/local/lib:/usr/local/lib:/home/ywag/ros_ws/install/rm_serial_driver/lib:/home/ywag/ros_ws/install/mindvision_camera/lib:/home/ywag/ros_ws/install/hik_camera/lib:/home/ywag/ros_ws/install/armor_tracker/lib:/home/ywag/ros_ws/install/armor_detector/lib:/opt/ros/humble/opt/rviz_ogre_vendor/lib:/opt/ros/humble/lib/x86_64-linux-gnu:/opt/ros/humble/lib /usr/bin/cmake --build /home/ywag/ros_ws/build/ballistic_solver -- -j2 -l2
[6.706s] Invoking command in '/home/ywag/ros_ws/build/ballistic_solver': CMAKE_PREFIX_PATH=/home/ywag/ros_ws/install/auto_aim_interfaces:/home/ywag/ros_ws/install/rm_vision_bringup:/home/ywag/ros_ws/install/rm_serial_driver:/home/ywag/ros_ws/install/rm_gimbal_description:/home/ywag/ros_ws/install/mindvision_camera:/home/ywag/ros_ws/install/hik_camera:/home/ywag/ros_ws/install/ballistic_solver:/home/ywag/ros_ws/install/armor_tracker:/home/ywag/ros_ws/install/armor_detector:/opt/ros/humble LD_LIBRARY_PATH=/home/ywag/ros_ws/install/auto_aim_interfaces/lib:/usr/local/lib:/usr/local/lib:/usr/local/lib:/usr/local/lib:/usr/local/lib:/usr/local/lib:/home/ywag/ros_ws/install/rm_serial_driver/lib:/home/ywag/ros_ws/install/mindvision_camera/lib:/home/ywag/ros_ws/install/hik_camera/lib:/home/ywag/ros_ws/install/armor_tracker/lib:/home/ywag/ros_ws/install/armor_detector/lib:/opt/ros/humble/opt/rviz_ogre_vendor/lib:/opt/ros/humble/lib/x86_64-linux-gnu:/opt/ros/humble/lib /usr/bin/cmake --install /home/ywag/ros_ws/build/ballistic_solver
[6.714s] -- Install configuration: ""
[6.714s] -- Execute custom install script
[6.715s] -- Up-to-date symlink: /home/ywag/ros_ws/install/ballistic_solver/lib/ballistic_solver/ballistic_solver_node
[6.717s] -- Up-to-date symlink: /home/ywag/ros_ws/install/ballistic_solver/share/ament_index/resource_index/package_run_dependencies/ballistic_solver
[6.718s] -- Up-to-date symlink: /home/ywag/ros_ws/install/ballistic_solver/share/ament_index/resource_index/parent_prefix_path/ballistic_solver
[6.718s] -- Up-to-date symlink: /home/ywag/ros_ws/install/ballistic_solver/share/ballistic_solver/environment/ament_prefix_path.sh
[6.718s] -- Up-to-date symlink: /home/ywag/ros_ws/install/ballistic_solver/share/ballistic_solver/environment/ament_prefix_path.dsv
[6.718s] -- Up-to-date symlink: /home/ywag/ros_ws/install/ballistic_solver/share/ballistic_solver/environment/path.sh
[6.718s] -- Up-to-date symlink: /home/ywag/ros_ws/install/ballistic_solver/share/ballistic_solver/environment/path.dsv
[6.718s] -- Up-to-date symlink: /home/ywag/ros_ws/install/ballistic_solver/share/ballistic_solver/local_setup.bash
[6.719s] -- Up-to-date symlink: /home/ywag/ros_ws/install/ballistic_solver/share/ballistic_solver/local_setup.sh
[6.719s] -- Up-to-date symlink: /home/ywag/ros_ws/install/ballistic_solver/share/ballistic_solver/local_setup.zsh
[6.719s] -- Up-to-date symlink: /home/ywag/ros_ws/install/ballistic_solver/share/ballistic_solver/local_setup.dsv
[6.719s] -- Symlinking: /home/ywag/ros_ws/install/ballistic_solver/share/ballistic_solver/package.dsv
[6.725s] -- Up-to-date symlink: /home/ywag/ros_ws/install/ballistic_solver/share/ament_index/resource_index/packages/ballistic_solver
[6.725s] -- Up-to-date symlink: /home/ywag/ros_ws/install/ballistic_solver/share/ballistic_solver/cmake/ballistic_solverConfig.cmake
[6.726s] -- Up-to-date symlink: /home/ywag/ros_ws/install/ballistic_solver/share/ballistic_solver/cmake/ballistic_solverConfig-version.cmake
[6.727s] -- Up-to-date symlink: /home/ywag/ros_ws/install/ballistic_solver/share/ballistic_solver/package.xml
[6.727s] Invoked command in '/home/ywag/ros_ws/build/ballistic_solver' returned '0': CMAKE_PREFIX_PATH=/home/ywag/ros_ws/install/auto_aim_interfaces:/home/ywag/ros_ws/install/rm_vision_bringup:/home/ywag/ros_ws/install/rm_serial_driver:/home/ywag/ros_ws/install/rm_gimbal_description:/home/ywag/ros_ws/install/mindvision_camera:/home/ywag/ros_ws/install/hik_camera:/home/ywag/ros_ws/install/ballistic_solver:/home/ywag/ros_ws/install/armor_tracker:/home/ywag/ros_ws/install/armor_detector:/opt/ros/humble LD_LIBRARY_PATH=/home/ywag/ros_ws/install/auto_aim_interfaces/lib:/usr/local/lib:/usr/local/lib:/usr/local/lib:/usr/local/lib:/usr/local/lib:/usr/local/lib:/home/ywag/ros_ws/install/rm_serial_driver/lib:/home/ywag/ros_ws/install/mindvision_camera/lib:/home/ywag/ros_ws/install/hik_camera/lib:/home/ywag/ros_ws/install/armor_tracker/lib:/home/ywag/ros_ws/install/armor_detector/lib:/opt/ros/humble/opt/rviz_ogre_vendor/lib:/opt/ros/humble/lib/x86_64-linux-gnu:/opt/ros/humble/lib /usr/bin/cmake --install /home/ywag/ros_ws/build/ballistic_solver
