[0.015s] Invoking command in '/home/ywag/ros_ws/build/rm_gimbal_description': CMAKE_PREFIX_PATH=${CMAKE_PREFIX_PATH}:/opt/ros/humble /usr/bin/cmake /home/ywag/ros_ws/src/rm_gimbal_description -DAMENT_CMAKE_SYMLINK_INSTALL=1 -DCMAKE_INSTALL_PREFIX=/home/ywag/ros_ws/install/rm_gimbal_description
[0.108s] -- The C compiler identification is GNU 11.4.0
[0.197s] -- The CXX compiler identification is GNU 11.4.0
[0.205s] -- Detecting C compiler ABI info
[0.294s] -- Detecting C compiler ABI info - done
[0.308s] -- Check for working C compiler: /usr/bin/cc - skipped
[0.308s] -- Detecting C compile features
[0.308s] -- Detecting C compile features - done
[0.312s] -- Detecting CXX compiler ABI info
[0.450s] -- Detecting CXX compiler ABI info - done
[0.460s] -- Check for working CXX compiler: /usr/bin/c++ - skipped
[0.460s] -- Detecting CXX compile features
[0.460s] -- Detecting CXX compile features - done
[0.463s] -- Found ament_cmake: 1.3.12 (/opt/ros/humble/share/ament_cmake/cmake)
[0.656s] -- Found Python3: /usr/bin/python3 (found version "3.10.12") found components: Interpreter 
[0.726s] -- Override CMake install command with custom implementation using symlinks instead of copying resources
[0.751s] -- Found ament_lint_auto: 0.12.14 (/opt/ros/humble/share/ament_lint_auto/cmake)
[0.866s] -- Added test 'lint_cmake' to check CMake code style
[0.871s] -- Added test 'xmllint' to check XML markup files
[0.876s] -- Configuring done
[0.878s] -- Generating done
[0.882s] -- Build files have been written to: /home/ywag/ros_ws/build/rm_gimbal_description
[0.888s] Invoked command in '/home/ywag/ros_ws/build/rm_gimbal_description' returned '0': CMAKE_PREFIX_PATH=${CMAKE_PREFIX_PATH}:/opt/ros/humble /usr/bin/cmake /home/ywag/ros_ws/src/rm_gimbal_description -DAMENT_CMAKE_SYMLINK_INSTALL=1 -DCMAKE_INSTALL_PREFIX=/home/ywag/ros_ws/install/rm_gimbal_description
[0.888s] Invoking command in '/home/ywag/ros_ws/build/rm_gimbal_description': CMAKE_PREFIX_PATH=${CMAKE_PREFIX_PATH}:/opt/ros/humble /usr/bin/cmake --build /home/ywag/ros_ws/build/rm_gimbal_description -- -j2 -l2
[0.936s] Invoked command in '/home/ywag/ros_ws/build/rm_gimbal_description' returned '0': CMAKE_PREFIX_PATH=${CMAKE_PREFIX_PATH}:/opt/ros/humble /usr/bin/cmake --build /home/ywag/ros_ws/build/rm_gimbal_description -- -j2 -l2
[0.936s] Invoking command in '/home/ywag/ros_ws/build/rm_gimbal_description': CMAKE_PREFIX_PATH=${CMAKE_PREFIX_PATH}:/opt/ros/humble /usr/bin/cmake --install /home/ywag/ros_ws/build/rm_gimbal_description
[0.950s] -- Install configuration: ""
[0.950s] -- Execute custom install script
[0.950s] -- Symlinking: /home/ywag/ros_ws/install/rm_gimbal_description/share/rm_gimbal_description/urdf/rm_gimbal.urdf.xacro
[0.961s] -- Symlinking: /home/ywag/ros_ws/install/rm_gimbal_description/share/ament_index/resource_index/package_run_dependencies/rm_gimbal_description
[0.972s] -- Symlinking: /home/ywag/ros_ws/install/rm_gimbal_description/share/ament_index/resource_index/parent_prefix_path/rm_gimbal_description
[0.982s] -- Symlinking: /home/ywag/ros_ws/install/rm_gimbal_description/share/rm_gimbal_description/environment/ament_prefix_path.sh
[0.994s] -- Symlinking: /home/ywag/ros_ws/install/rm_gimbal_description/share/rm_gimbal_description/environment/ament_prefix_path.dsv
[1.002s] -- Symlinking: /home/ywag/ros_ws/install/rm_gimbal_description/share/rm_gimbal_description/environment/path.sh
[1.019s] -- Symlinking: /home/ywag/ros_ws/install/rm_gimbal_description/share/rm_gimbal_description/environment/path.dsv
[1.026s] -- Symlinking: /home/ywag/ros_ws/install/rm_gimbal_description/share/rm_gimbal_description/local_setup.bash
[1.038s] -- Symlinking: /home/ywag/ros_ws/install/rm_gimbal_description/share/rm_gimbal_description/local_setup.sh
[1.051s] -- Symlinking: /home/ywag/ros_ws/install/rm_gimbal_description/share/rm_gimbal_description/local_setup.zsh
[1.066s] -- Symlinking: /home/ywag/ros_ws/install/rm_gimbal_description/share/rm_gimbal_description/local_setup.dsv
[1.076s] -- Symlinking: /home/ywag/ros_ws/install/rm_gimbal_description/share/rm_gimbal_description/package.dsv
[1.091s] -- Symlinking: /home/ywag/ros_ws/install/rm_gimbal_description/share/ament_index/resource_index/packages/rm_gimbal_description
[1.100s] -- Symlinking: /home/ywag/ros_ws/install/rm_gimbal_description/share/rm_gimbal_description/cmake/rm_gimbal_descriptionConfig.cmake
[1.109s] -- Symlinking: /home/ywag/ros_ws/install/rm_gimbal_description/share/rm_gimbal_description/cmake/rm_gimbal_descriptionConfig-version.cmake
[1.125s] -- Symlinking: /home/ywag/ros_ws/install/rm_gimbal_description/share/rm_gimbal_description/package.xml
[1.142s] Invoked command in '/home/ywag/ros_ws/build/rm_gimbal_description' returned '0': CMAKE_PREFIX_PATH=${CMAKE_PREFIX_PATH}:/opt/ros/humble /usr/bin/cmake --install /home/ywag/ros_ws/build/rm_gimbal_description
