[0.015s] Invoking command in '/home/ywag/ros_ws/build/hik_camera': CMAKE_PREFIX_PATH=${CMAKE_PREFIX_PATH}:/opt/ros/humble /usr/bin/cmake --build /home/ywag/ros_ws/build/hik_camera -- -j2 -l2
[0.191s] [ 50%] Built target hik_camera_node
[0.213s] [100%] Built target hik_camera
[0.243s] Invoked command in '/home/ywag/ros_ws/build/hik_camera' returned '0': CMAKE_PREFIX_PATH=${CMAKE_PREFIX_PATH}:/opt/ros/humble /usr/bin/cmake --build /home/ywag/ros_ws/build/hik_camera -- -j2 -l2
[0.271s] Invoking command in '/home/ywag/ros_ws/build/hik_camera': CMAKE_PREFIX_PATH=${CMAKE_PREFIX_PATH}:/opt/ros/humble /usr/bin/cmake --install /home/ywag/ros_ws/build/hik_camera
[0.284s] -- Install configuration: ""
[0.285s] -- Execute custom install script
[0.290s] -- Up-to-date symlink: /home/ywag/ros_ws/install/hik_camera/lib/libFormatConversion.so
[0.290s] -- Up-to-date symlink: /home/ywag/ros_ws/install/hik_camera/lib/libMVRender.so
[0.298s] -- Up-to-date symlink: /home/ywag/ros_ws/install/hik_camera/lib/libMediaProcess.so
[0.298s] -- Up-to-date symlink: /home/ywag/ros_ws/install/hik_camera/lib/libMvCameraControl.so
[0.299s] -- Up-to-date symlink: /home/ywag/ros_ws/install/hik_camera/lib/libMvUsb3vTL.so
[0.301s] -- Up-to-date symlink: /home/ywag/ros_ws/install/hik_camera/lib/hik_camera/hik_camera_node
[0.302s] -- Up-to-date symlink: /home/ywag/ros_ws/install/hik_camera/share/hik_camera/environment/library_path.sh
[0.304s] -- Up-to-date symlink: /home/ywag/ros_ws/install/hik_camera/share/hik_camera/environment/library_path.dsv
[0.308s] -- Up-to-date symlink: /home/ywag/ros_ws/install/hik_camera/lib/libhik_camera.so
[0.308s] -- Up-to-date symlink: /home/ywag/ros_ws/install/hik_camera/share/hik_camera/config/camera_info.yaml
[0.308s] -- Up-to-date symlink: /home/ywag/ros_ws/install/hik_camera/share/hik_camera/config/camera_params.yaml
[0.310s] -- Up-to-date symlink: /home/ywag/ros_ws/install/hik_camera/share/hik_camera/launch/hik_camera.launch.py
[0.310s] -- Up-to-date symlink: /home/ywag/ros_ws/install/hik_camera/share/ament_index/resource_index/package_run_dependencies/hik_camera
[0.312s] -- Up-to-date symlink: /home/ywag/ros_ws/install/hik_camera/share/ament_index/resource_index/parent_prefix_path/hik_camera
[0.312s] -- Up-to-date symlink: /home/ywag/ros_ws/install/hik_camera/share/hik_camera/environment/ament_prefix_path.sh
[0.312s] -- Up-to-date symlink: /home/ywag/ros_ws/install/hik_camera/share/hik_camera/environment/ament_prefix_path.dsv
[0.316s] -- Up-to-date symlink: /home/ywag/ros_ws/install/hik_camera/share/hik_camera/environment/path.sh
[0.317s] -- Up-to-date symlink: /home/ywag/ros_ws/install/hik_camera/share/hik_camera/environment/path.dsv
[0.317s] -- Up-to-date symlink: /home/ywag/ros_ws/install/hik_camera/share/hik_camera/local_setup.bash
[0.317s] -- Up-to-date symlink: /home/ywag/ros_ws/install/hik_camera/share/hik_camera/local_setup.sh
[0.317s] -- Up-to-date symlink: /home/ywag/ros_ws/install/hik_camera/share/hik_camera/local_setup.zsh
[0.317s] -- Up-to-date symlink: /home/ywag/ros_ws/install/hik_camera/share/hik_camera/local_setup.dsv
[0.319s] -- Symlinking: /home/ywag/ros_ws/install/hik_camera/share/hik_camera/package.dsv
[0.337s] -- Up-to-date symlink: /home/ywag/ros_ws/install/hik_camera/share/ament_index/resource_index/packages/hik_camera
[0.338s] -- Up-to-date symlink: /home/ywag/ros_ws/install/hik_camera/share/ament_index/resource_index/rclcpp_components/hik_camera
[0.339s] -- Up-to-date symlink: /home/ywag/ros_ws/install/hik_camera/share/hik_camera/cmake/ament_cmake_export_dependencies-extras.cmake
[0.343s] -- Up-to-date symlink: /home/ywag/ros_ws/install/hik_camera/share/hik_camera/cmake/ament_cmake_export_libraries-extras.cmake
[0.345s] -- Up-to-date symlink: /home/ywag/ros_ws/install/hik_camera/share/hik_camera/cmake/hik_cameraConfig.cmake
[0.345s] -- Up-to-date symlink: /home/ywag/ros_ws/install/hik_camera/share/hik_camera/cmake/hik_cameraConfig-version.cmake
[0.345s] -- Up-to-date symlink: /home/ywag/ros_ws/install/hik_camera/share/hik_camera/package.xml
[0.345s] Invoked command in '/home/ywag/ros_ws/build/hik_camera' returned '0': CMAKE_PREFIX_PATH=${CMAKE_PREFIX_PATH}:/opt/ros/humble /usr/bin/cmake --install /home/ywag/ros_ws/build/hik_camera
