[0.010s] Invoking command in '/home/ywag/ros_ws/build/hik_camera': CMAKE_PREFIX_PATH=${CMAKE_PREFIX_PATH}:/opt/ros/humble /usr/bin/cmake /home/ywag/ros_ws/src/ros2_hik_camera -DAMENT_CMAKE_SYMLINK_INSTALL=1 -DCMAKE_INSTALL_PREFIX=/home/ywag/ros_ws/install/hik_camera
[0.108s] -- The C compiler identification is GNU 11.4.0
[0.207s] -- The CXX compiler identification is GNU 11.4.0
[0.220s] -- Detecting C compiler ABI info
[0.342s] -- Detecting C compiler ABI info - done
[0.346s] -- Check for working C compiler: /usr/bin/cc - skipped
[0.346s] -- Detecting C compile features
[0.348s] -- Detecting C compile features - done
[0.351s] -- Detecting CXX compiler ABI info
[0.477s] -- Detecting CXX compiler ABI info - done
[0.483s] -- Check for working CXX compiler: /usr/bin/c++ - skipped
[0.483s] -- Detecting CXX compile features
[0.483s] -- Detecting CXX compile features - done
[0.484s] -- Found ament_cmake_auto: 1.3.12 (/opt/ros/humble/share/ament_cmake_auto/cmake)
[0.703s] -- Found Python3: /usr/bin/python3 (found version "3.10.12") found components: Interpreter 
[0.775s] -- Override CMake install command with custom implementation using symlinks instead of copying resources
[1.000s] -- Found rosidl_generator_c: 3.1.7 (/opt/ros/humble/share/rosidl_generator_c/cmake)
[1.008s] -- Found rosidl_adapter: 3.1.7 (/opt/ros/humble/share/rosidl_adapter/cmake)
[1.028s] -- Found rosidl_generator_cpp: 3.1.7 (/opt/ros/humble/share/rosidl_generator_cpp/cmake)
[1.045s] -- Using all available rosidl_typesupport_c: rosidl_typesupport_fastrtps_c;rosidl_typesupport_introspection_c
[1.077s] -- Using all available rosidl_typesupport_cpp: rosidl_typesupport_fastrtps_cpp;rosidl_typesupport_introspection_cpp
[1.164s] -- Found rmw_implementation_cmake: 6.1.2 (/opt/ros/humble/share/rmw_implementation_cmake/cmake)
[1.170s] -- Found rmw_fastrtps_cpp: 6.2.8 (/opt/ros/humble/share/rmw_fastrtps_cpp/cmake)
[1.301s] -- Found OpenSSL: /usr/lib/x86_64-linux-gnu/libcrypto.so (found version "3.0.2")  
[1.350s] -- Found FastRTPS: /opt/ros/humble/include  
[1.399s] -- Using RMW implementation 'rmw_fastrtps_cpp' as default
[1.422s] -- Looking for pthread.h
[1.524s] -- Looking for pthread.h - found
[1.524s] -- Performing Test CMAKE_HAVE_LIBC_PTHREAD
[1.719s] -- Performing Test CMAKE_HAVE_LIBC_PTHREAD - Success
[1.719s] -- Found Threads: TRUE  
[1.942s] -- Found ament_lint_auto: 0.12.14 (/opt/ros/humble/share/ament_lint_auto/cmake)
[1.971s] -- Added test 'cppcheck' to perform static code analysis on C / C++ code
[1.971s] -- Configured cppcheck include dirs: /home/ywag/ros_ws/src/ros2_hik_camera/hikSDK/include
[1.971s] -- Configured cppcheck exclude dirs and/or files: 
[1.971s] -- Added test 'flake8' to check Python code syntax and style conventions
[1.974s] -- Added test 'lint_cmake' to check CMake code style
[1.974s] -- Added test 'pep257' to check Python code against some of the docstring style conventions in PEP 257
[1.975s] -- Added test 'xmllint' to check XML markup files
[1.980s] -- Configuring done
[1.994s] -- Generating done
[1.997s] -- Build files have been written to: /home/ywag/ros_ws/build/hik_camera
[2.017s] Invoked command in '/home/ywag/ros_ws/build/hik_camera' returned '0': CMAKE_PREFIX_PATH=${CMAKE_PREFIX_PATH}:/opt/ros/humble /usr/bin/cmake /home/ywag/ros_ws/src/ros2_hik_camera -DAMENT_CMAKE_SYMLINK_INSTALL=1 -DCMAKE_INSTALL_PREFIX=/home/ywag/ros_ws/install/hik_camera
[2.018s] Invoking command in '/home/ywag/ros_ws/build/hik_camera': CMAKE_PREFIX_PATH=${CMAKE_PREFIX_PATH}:/opt/ros/humble /usr/bin/cmake --build /home/ywag/ros_ws/build/hik_camera -- -j2 -l2
[2.093s] [ 25%] [32mBuilding CXX object CMakeFiles/hik_camera.dir/src/hik_camera_node.cpp.o[0m
[6.710s] [ 50%] [32m[1mLinking CXX shared library libhik_camera.so[0m
[7.024s] [ 50%] Built target hik_camera
[7.060s] [ 75%] [32mBuilding CXX object CMakeFiles/hik_camera_node.dir/rclcpp_components/node_main_hik_camera_node.cpp.o[0m
[11.365s] [100%] [32m[1mLinking CXX executable hik_camera_node[0m
[11.556s] [100%] Built target hik_camera_node
[11.570s] Invoked command in '/home/ywag/ros_ws/build/hik_camera' returned '0': CMAKE_PREFIX_PATH=${CMAKE_PREFIX_PATH}:/opt/ros/humble /usr/bin/cmake --build /home/ywag/ros_ws/build/hik_camera -- -j2 -l2
[11.585s] Invoking command in '/home/ywag/ros_ws/build/hik_camera': CMAKE_PREFIX_PATH=${CMAKE_PREFIX_PATH}:/opt/ros/humble /usr/bin/cmake --install /home/ywag/ros_ws/build/hik_camera
[11.602s] -- Install configuration: ""
[11.602s] -- Execute custom install script
[11.602s] -- Symlinking: /home/ywag/ros_ws/install/hik_camera/lib/libFormatConversion.so
[11.605s] -- Symlinking: /home/ywag/ros_ws/install/hik_camera/lib/libMVRender.so
[11.614s] -- Symlinking: /home/ywag/ros_ws/install/hik_camera/lib/libMediaProcess.so
[11.623s] -- Symlinking: /home/ywag/ros_ws/install/hik_camera/lib/libMvCameraControl.so
[11.631s] -- Symlinking: /home/ywag/ros_ws/install/hik_camera/lib/libMvUsb3vTL.so
[11.642s] -- Symlinking: /home/ywag/ros_ws/install/hik_camera/lib/hik_camera/hik_camera_node
[11.650s] -- Symlinking: /home/ywag/ros_ws/install/hik_camera/share/hik_camera/environment/library_path.sh
[11.657s] -- Symlinking: /home/ywag/ros_ws/install/hik_camera/share/hik_camera/environment/library_path.dsv
[11.664s] -- Symlinking: /home/ywag/ros_ws/install/hik_camera/lib/libhik_camera.so
[11.668s] -- Symlinking: /home/ywag/ros_ws/install/hik_camera/share/hik_camera/config/camera_info.yaml
[11.674s] -- Symlinking: /home/ywag/ros_ws/install/hik_camera/share/hik_camera/config/camera_params.yaml
[11.684s] -- Symlinking: /home/ywag/ros_ws/install/hik_camera/share/hik_camera/launch/hik_camera.launch.py
[11.698s] -- Symlinking: /home/ywag/ros_ws/install/hik_camera/share/ament_index/resource_index/package_run_dependencies/hik_camera
[11.698s] -- Symlinking: /home/ywag/ros_ws/install/hik_camera/share/ament_index/resource_index/parent_prefix_path/hik_camera
[11.706s] -- Symlinking: /home/ywag/ros_ws/install/hik_camera/share/hik_camera/environment/ament_prefix_path.sh
[11.713s] -- Symlinking: /home/ywag/ros_ws/install/hik_camera/share/hik_camera/environment/ament_prefix_path.dsv
[11.717s] -- Symlinking: /home/ywag/ros_ws/install/hik_camera/share/hik_camera/environment/path.sh
[11.726s] -- Symlinking: /home/ywag/ros_ws/install/hik_camera/share/hik_camera/environment/path.dsv
[11.732s] -- Symlinking: /home/ywag/ros_ws/install/hik_camera/share/hik_camera/local_setup.bash
[11.739s] -- Symlinking: /home/ywag/ros_ws/install/hik_camera/share/hik_camera/local_setup.sh
[11.747s] -- Symlinking: /home/ywag/ros_ws/install/hik_camera/share/hik_camera/local_setup.zsh
[11.756s] -- Symlinking: /home/ywag/ros_ws/install/hik_camera/share/hik_camera/local_setup.dsv
[11.763s] -- Symlinking: /home/ywag/ros_ws/install/hik_camera/share/hik_camera/package.dsv
[11.771s] -- Symlinking: /home/ywag/ros_ws/install/hik_camera/share/ament_index/resource_index/packages/hik_camera
[11.778s] -- Symlinking: /home/ywag/ros_ws/install/hik_camera/share/ament_index/resource_index/rclcpp_components/hik_camera
[11.784s] -- Symlinking: /home/ywag/ros_ws/install/hik_camera/share/hik_camera/cmake/ament_cmake_export_dependencies-extras.cmake
[11.797s] -- Symlinking: /home/ywag/ros_ws/install/hik_camera/share/hik_camera/cmake/ament_cmake_export_libraries-extras.cmake
[11.802s] -- Symlinking: /home/ywag/ros_ws/install/hik_camera/share/hik_camera/cmake/hik_cameraConfig.cmake
[11.807s] -- Symlinking: /home/ywag/ros_ws/install/hik_camera/share/hik_camera/cmake/hik_cameraConfig-version.cmake
[11.816s] -- Symlinking: /home/ywag/ros_ws/install/hik_camera/share/hik_camera/package.xml
[11.824s] Invoked command in '/home/ywag/ros_ws/build/hik_camera' returned '0': CMAKE_PREFIX_PATH=${CMAKE_PREFIX_PATH}:/opt/ros/humble /usr/bin/cmake --install /home/ywag/ros_ws/build/hik_camera
