[0.019s] Invoking command in '/home/ywag/ros_ws/build/armor_tracker': CMAKE_PREFIX_PATH=/home/ywag/ros_ws/install/auto_aim_interfaces:/home/ywag/ros_ws/install/rm_vision_bringup:/home/ywag/ros_ws/install/rm_serial_driver:/home/ywag/ros_ws/install/rm_gimbal_description:/home/ywag/ros_ws/install/mindvision_camera:/home/ywag/ros_ws/install/hik_camera:/home/ywag/ros_ws/install/ballistic_solver:/home/ywag/ros_ws/install/armor_tracker:/home/ywag/ros_ws/install/armor_detector:/opt/ros/humble LD_LIBRARY_PATH=/home/ywag/ros_ws/install/auto_aim_interfaces/lib:/usr/local/lib:/usr/local/lib:/usr/local/lib:/usr/local/lib:/usr/local/lib:/usr/local/lib:/home/ywag/ros_ws/install/rm_serial_driver/lib:/home/ywag/ros_ws/install/mindvision_camera/lib:/home/ywag/ros_ws/install/hik_camera/lib:/home/ywag/ros_ws/install/armor_tracker/lib:/home/ywag/ros_ws/install/armor_detector/lib:/opt/ros/humble/opt/rviz_ogre_vendor/lib:/opt/ros/humble/lib/x86_64-linux-gnu:/opt/ros/humble/lib /usr/bin/cmake --build /home/ywag/ros_ws/build/armor_tracker -- -j2 -l2
[0.125s] [35m[1mConsolidate compiler generated dependencies of target armor_tracker_node[0m
[0.129s] [35m[1mConsolidate compiler generated dependencies of target armor_tracker[0m
[0.172s] [ 33%] Built target armor_tracker_node
[0.189s] [100%] Built target armor_tracker
[0.213s] Invoked command in '/home/ywag/ros_ws/build/armor_tracker' returned '0': CMAKE_PREFIX_PATH=/home/ywag/ros_ws/install/auto_aim_interfaces:/home/ywag/ros_ws/install/rm_vision_bringup:/home/ywag/ros_ws/install/rm_serial_driver:/home/ywag/ros_ws/install/rm_gimbal_description:/home/ywag/ros_ws/install/mindvision_camera:/home/ywag/ros_ws/install/hik_camera:/home/ywag/ros_ws/install/ballistic_solver:/home/ywag/ros_ws/install/armor_tracker:/home/ywag/ros_ws/install/armor_detector:/opt/ros/humble LD_LIBRARY_PATH=/home/ywag/ros_ws/install/auto_aim_interfaces/lib:/usr/local/lib:/usr/local/lib:/usr/local/lib:/usr/local/lib:/usr/local/lib:/usr/local/lib:/home/ywag/ros_ws/install/rm_serial_driver/lib:/home/ywag/ros_ws/install/mindvision_camera/lib:/home/ywag/ros_ws/install/hik_camera/lib:/home/ywag/ros_ws/install/armor_tracker/lib:/home/ywag/ros_ws/install/armor_detector/lib:/opt/ros/humble/opt/rviz_ogre_vendor/lib:/opt/ros/humble/lib/x86_64-linux-gnu:/opt/ros/humble/lib /usr/bin/cmake --build /home/ywag/ros_ws/build/armor_tracker -- -j2 -l2
[0.216s] Invoking command in '/home/ywag/ros_ws/build/armor_tracker': CMAKE_PREFIX_PATH=/home/ywag/ros_ws/install/auto_aim_interfaces:/home/ywag/ros_ws/install/rm_vision_bringup:/home/ywag/ros_ws/install/rm_serial_driver:/home/ywag/ros_ws/install/rm_gimbal_description:/home/ywag/ros_ws/install/mindvision_camera:/home/ywag/ros_ws/install/hik_camera:/home/ywag/ros_ws/install/ballistic_solver:/home/ywag/ros_ws/install/armor_tracker:/home/ywag/ros_ws/install/armor_detector:/opt/ros/humble LD_LIBRARY_PATH=/home/ywag/ros_ws/install/auto_aim_interfaces/lib:/usr/local/lib:/usr/local/lib:/usr/local/lib:/usr/local/lib:/usr/local/lib:/usr/local/lib:/home/ywag/ros_ws/install/rm_serial_driver/lib:/home/ywag/ros_ws/install/mindvision_camera/lib:/home/ywag/ros_ws/install/hik_camera/lib:/home/ywag/ros_ws/install/armor_tracker/lib:/home/ywag/ros_ws/install/armor_detector/lib:/opt/ros/humble/opt/rviz_ogre_vendor/lib:/opt/ros/humble/lib/x86_64-linux-gnu:/opt/ros/humble/lib /usr/bin/cmake --install /home/ywag/ros_ws/build/armor_tracker
[0.235s] -- Install configuration: ""
[0.236s] -- Execute custom install script
[0.237s] -- Up-to-date symlink: /home/ywag/ros_ws/install/armor_tracker/lib/armor_tracker/armor_tracker_node
[0.239s] -- Up-to-date symlink: /home/ywag/ros_ws/install/armor_tracker/include/armor_tracker/extended_kalman_filter.hpp
[0.239s] -- Up-to-date symlink: /home/ywag/ros_ws/install/armor_tracker/include/armor_tracker/tracker.hpp
[0.239s] -- Up-to-date symlink: /home/ywag/ros_ws/install/armor_tracker/include/armor_tracker/tracker_node.hpp
[0.240s] -- Up-to-date symlink: /home/ywag/ros_ws/install/armor_tracker/share/armor_tracker/environment/library_path.sh
[0.241s] -- Up-to-date symlink: /home/ywag/ros_ws/install/armor_tracker/share/armor_tracker/environment/library_path.dsv
[0.241s] -- Up-to-date symlink: /home/ywag/ros_ws/install/armor_tracker/lib/libarmor_tracker.so
[0.242s] -- Up-to-date symlink: /home/ywag/ros_ws/install/armor_tracker/share/ament_index/resource_index/package_run_dependencies/armor_tracker
[0.242s] -- Up-to-date symlink: /home/ywag/ros_ws/install/armor_tracker/share/ament_index/resource_index/parent_prefix_path/armor_tracker
[0.242s] -- Up-to-date symlink: /home/ywag/ros_ws/install/armor_tracker/share/armor_tracker/environment/ament_prefix_path.sh
[0.243s] -- Up-to-date symlink: /home/ywag/ros_ws/install/armor_tracker/share/armor_tracker/environment/ament_prefix_path.dsv
[0.243s] -- Up-to-date symlink: /home/ywag/ros_ws/install/armor_tracker/share/armor_tracker/environment/path.sh
[0.243s] -- Up-to-date symlink: /home/ywag/ros_ws/install/armor_tracker/share/armor_tracker/environment/path.dsv
[0.243s] -- Up-to-date symlink: /home/ywag/ros_ws/install/armor_tracker/share/armor_tracker/local_setup.bash
[0.244s] -- Up-to-date symlink: /home/ywag/ros_ws/install/armor_tracker/share/armor_tracker/local_setup.sh
[0.244s] -- Up-to-date symlink: /home/ywag/ros_ws/install/armor_tracker/share/armor_tracker/local_setup.zsh
[0.244s] -- Up-to-date symlink: /home/ywag/ros_ws/install/armor_tracker/share/armor_tracker/local_setup.dsv
[0.245s] -- Symlinking: /home/ywag/ros_ws/install/armor_tracker/share/armor_tracker/package.dsv
[0.256s] -- Up-to-date symlink: /home/ywag/ros_ws/install/armor_tracker/share/ament_index/resource_index/packages/armor_tracker
[0.257s] -- Up-to-date symlink: /home/ywag/ros_ws/install/armor_tracker/share/ament_index/resource_index/rclcpp_components/armor_tracker
[0.257s] -- Up-to-date symlink: /home/ywag/ros_ws/install/armor_tracker/share/armor_tracker/cmake/ament_cmake_export_dependencies-extras.cmake
[0.257s] -- Up-to-date symlink: /home/ywag/ros_ws/install/armor_tracker/share/armor_tracker/cmake/ament_cmake_export_include_directories-extras.cmake
[0.258s] -- Up-to-date symlink: /home/ywag/ros_ws/install/armor_tracker/share/armor_tracker/cmake/ament_cmake_export_libraries-extras.cmake
[0.264s] -- Up-to-date symlink: /home/ywag/ros_ws/install/armor_tracker/share/armor_tracker/cmake/armor_trackerConfig.cmake
[0.265s] -- Up-to-date symlink: /home/ywag/ros_ws/install/armor_tracker/share/armor_tracker/cmake/armor_trackerConfig-version.cmake
[0.265s] -- Up-to-date symlink: /home/ywag/ros_ws/install/armor_tracker/share/armor_tracker/package.xml
[0.265s] Invoked command in '/home/ywag/ros_ws/build/armor_tracker' returned '0': CMAKE_PREFIX_PATH=/home/ywag/ros_ws/install/auto_aim_interfaces:/home/ywag/ros_ws/install/rm_vision_bringup:/home/ywag/ros_ws/install/rm_serial_driver:/home/ywag/ros_ws/install/rm_gimbal_description:/home/ywag/ros_ws/install/mindvision_camera:/home/ywag/ros_ws/install/hik_camera:/home/ywag/ros_ws/install/ballistic_solver:/home/ywag/ros_ws/install/armor_tracker:/home/ywag/ros_ws/install/armor_detector:/opt/ros/humble LD_LIBRARY_PATH=/home/ywag/ros_ws/install/auto_aim_interfaces/lib:/usr/local/lib:/usr/local/lib:/usr/local/lib:/usr/local/lib:/usr/local/lib:/usr/local/lib:/home/ywag/ros_ws/install/rm_serial_driver/lib:/home/ywag/ros_ws/install/mindvision_camera/lib:/home/ywag/ros_ws/install/hik_camera/lib:/home/ywag/ros_ws/install/armor_tracker/lib:/home/ywag/ros_ws/install/armor_detector/lib:/opt/ros/humble/opt/rviz_ogre_vendor/lib:/opt/ros/humble/lib/x86_64-linux-gnu:/opt/ros/humble/lib /usr/bin/cmake --install /home/ywag/ros_ws/build/armor_tracker
