[0.010s] Invoking command in '/home/ywag/ros_ws/build/auto_aim_interfaces': CMAKE_PREFIX_PATH=${CMAKE_PREFIX_PATH}:/opt/ros/humble /usr/bin/cmake --build /home/ywag/ros_ws/build/auto_aim_interfaces -- -j2 -l2
[0.086s] [  2%] Built target auto_aim_interfaces__cpp
[0.086s] [ 12%] Built target auto_aim_interfaces__rosidl_generator_c
[0.109s] [ 12%] Built target ament_cmake_python_symlink_auto_aim_interfaces
[0.114s] [ 24%] Built target auto_aim_interfaces__rosidl_typesupport_cpp
[0.137s] [ 35%] Built target auto_aim_interfaces__rosidl_typesupport_fastrtps_c
[0.165s] [ 47%] Built target auto_aim_interfaces__rosidl_typesupport_introspection_c
[0.190s] [ 58%] Built target auto_aim_interfaces__rosidl_typesupport_c
[0.203s] [ 70%] Built target auto_aim_interfaces__rosidl_typesupport_fastrtps_cpp
[0.244s] [ 82%] Built target auto_aim_interfaces__rosidl_typesupport_introspection_cpp
[0.271s] [ 82%] Built target auto_aim_interfaces
[0.293s] [ 83%] Built target auto_aim_interfaces__py
[0.335s] [ 93%] Built target auto_aim_interfaces__rosidl_generator_py
[0.394s] [ 95%] Built target auto_aim_interfaces__rosidl_typesupport_fastrtps_c__pyext
[0.459s] [ 97%] Built target auto_aim_interfaces__rosidl_typesupport_introspection_c__pyext
[0.507s] [100%] Built target auto_aim_interfaces__rosidl_typesupport_c__pyext
[0.529s] running egg_info
[0.530s] writing auto_aim_interfaces.egg-info/PKG-INFO
[0.530s] writing dependency_links to auto_aim_interfaces.egg-info/dependency_links.txt
[0.531s] writing top-level names to auto_aim_interfaces.egg-info/top_level.txt
[0.532s] reading manifest file 'auto_aim_interfaces.egg-info/SOURCES.txt'
[0.532s] writing manifest file 'auto_aim_interfaces.egg-info/SOURCES.txt'
[0.556s] [100%] Built target ament_cmake_python_build_auto_aim_interfaces_egg
[0.571s] Invoked command in '/home/ywag/ros_ws/build/auto_aim_interfaces' returned '0': CMAKE_PREFIX_PATH=${CMAKE_PREFIX_PATH}:/opt/ros/humble /usr/bin/cmake --build /home/ywag/ros_ws/build/auto_aim_interfaces -- -j2 -l2
[0.576s] Invoking command in '/home/ywag/ros_ws/build/auto_aim_interfaces': CMAKE_PREFIX_PATH=${CMAKE_PREFIX_PATH}:/opt/ros/humble /usr/bin/cmake --install /home/ywag/ros_ws/build/auto_aim_interfaces
[0.592s] -- Install configuration: ""
[0.593s] -- Execute custom install script
[0.593s] -- Up-to-date symlink: /home/ywag/ros_ws/install/auto_aim_interfaces/share/ament_index/resource_index/rosidl_interfaces/auto_aim_interfaces
[0.594s] -- Up-to-date symlink: /home/ywag/ros_ws/install/auto_aim_interfaces/include/auto_aim_interfaces/auto_aim_interfaces/msg/armor.h
[0.595s] -- Up-to-date symlink: /home/ywag/ros_ws/install/auto_aim_interfaces/include/auto_aim_interfaces/auto_aim_interfaces/msg/armors.h
[0.595s] -- Up-to-date symlink: /home/ywag/ros_ws/install/auto_aim_interfaces/include/auto_aim_interfaces/auto_aim_interfaces/msg/debug_armor.h
[0.595s] -- Up-to-date symlink: /home/ywag/ros_ws/install/auto_aim_interfaces/include/auto_aim_interfaces/auto_aim_interfaces/msg/debug_armors.h
[0.595s] -- Up-to-date symlink: /home/ywag/ros_ws/install/auto_aim_interfaces/include/auto_aim_interfaces/auto_aim_interfaces/msg/debug_light.h
[0.595s] -- Up-to-date symlink: /home/ywag/ros_ws/install/auto_aim_interfaces/include/auto_aim_interfaces/auto_aim_interfaces/msg/debug_lights.h
[0.596s] -- Up-to-date symlink: /home/ywag/ros_ws/install/auto_aim_interfaces/include/auto_aim_interfaces/auto_aim_interfaces/msg/detail/armor__functions.h
[0.596s] -- Up-to-date symlink: /home/ywag/ros_ws/install/auto_aim_interfaces/include/auto_aim_interfaces/auto_aim_interfaces/msg/detail/armor__struct.h
[0.596s] -- Up-to-date symlink: /home/ywag/ros_ws/install/auto_aim_interfaces/include/auto_aim_interfaces/auto_aim_interfaces/msg/detail/armor__type_support.h
[0.596s] -- Up-to-date symlink: /home/ywag/ros_ws/install/auto_aim_interfaces/include/auto_aim_interfaces/auto_aim_interfaces/msg/detail/armors__functions.h
[0.597s] -- Up-to-date symlink: /home/ywag/ros_ws/install/auto_aim_interfaces/include/auto_aim_interfaces/auto_aim_interfaces/msg/detail/armors__struct.h
[0.597s] -- Up-to-date symlink: /home/ywag/ros_ws/install/auto_aim_interfaces/include/auto_aim_interfaces/auto_aim_interfaces/msg/detail/armors__type_support.h
[0.597s] -- Up-to-date symlink: /home/ywag/ros_ws/install/auto_aim_interfaces/include/auto_aim_interfaces/auto_aim_interfaces/msg/detail/debug_armor__functions.h
[0.597s] -- Up-to-date symlink: /home/ywag/ros_ws/install/auto_aim_interfaces/include/auto_aim_interfaces/auto_aim_interfaces/msg/detail/debug_armor__struct.h
[0.598s] -- Up-to-date symlink: /home/ywag/ros_ws/install/auto_aim_interfaces/include/auto_aim_interfaces/auto_aim_interfaces/msg/detail/debug_armor__type_support.h
[0.600s] -- Up-to-date symlink: /home/ywag/ros_ws/install/auto_aim_interfaces/include/auto_aim_interfaces/auto_aim_interfaces/msg/detail/debug_armors__functions.h
[0.600s] -- Up-to-date symlink: /home/ywag/ros_ws/install/auto_aim_interfaces/include/auto_aim_interfaces/auto_aim_interfaces/msg/detail/debug_armors__struct.h
[0.601s] -- Up-to-date symlink: /home/ywag/ros_ws/install/auto_aim_interfaces/include/auto_aim_interfaces/auto_aim_interfaces/msg/detail/debug_armors__type_support.h
[0.601s] -- Up-to-date symlink: /home/ywag/ros_ws/install/auto_aim_interfaces/include/auto_aim_interfaces/auto_aim_interfaces/msg/detail/debug_light__functions.h
[0.602s] -- Up-to-date symlink: /home/ywag/ros_ws/install/auto_aim_interfaces/include/auto_aim_interfaces/auto_aim_interfaces/msg/detail/debug_light__struct.h
[0.602s] -- Up-to-date symlink: /home/ywag/ros_ws/install/auto_aim_interfaces/include/auto_aim_interfaces/auto_aim_interfaces/msg/detail/debug_light__type_support.h
[0.603s] -- Up-to-date symlink: /home/ywag/ros_ws/install/auto_aim_interfaces/include/auto_aim_interfaces/auto_aim_interfaces/msg/detail/debug_lights__functions.h
[0.603s] -- Up-to-date symlink: /home/ywag/ros_ws/install/auto_aim_interfaces/include/auto_aim_interfaces/auto_aim_interfaces/msg/detail/debug_lights__struct.h
[0.603s] -- Up-to-date symlink: /home/ywag/ros_ws/install/auto_aim_interfaces/include/auto_aim_interfaces/auto_aim_interfaces/msg/detail/debug_lights__type_support.h
[0.603s] -- Up-to-date symlink: /home/ywag/ros_ws/install/auto_aim_interfaces/include/auto_aim_interfaces/auto_aim_interfaces/msg/detail/fire_command__functions.h
[0.603s] -- Up-to-date symlink: /home/ywag/ros_ws/install/auto_aim_interfaces/include/auto_aim_interfaces/auto_aim_interfaces/msg/detail/fire_command__struct.h
[0.603s] -- Up-to-date symlink: /home/ywag/ros_ws/install/auto_aim_interfaces/include/auto_aim_interfaces/auto_aim_interfaces/msg/detail/fire_command__type_support.h
[0.603s] -- Up-to-date symlink: /home/ywag/ros_ws/install/auto_aim_interfaces/include/auto_aim_interfaces/auto_aim_interfaces/msg/detail/target__functions.h
[0.603s] -- Up-to-date symlink: /home/ywag/ros_ws/install/auto_aim_interfaces/include/auto_aim_interfaces/auto_aim_interfaces/msg/detail/target__struct.h
[0.603s] -- Up-to-date symlink: /home/ywag/ros_ws/install/auto_aim_interfaces/include/auto_aim_interfaces/auto_aim_interfaces/msg/detail/target__type_support.h
[0.603s] -- Up-to-date symlink: /home/ywag/ros_ws/install/auto_aim_interfaces/include/auto_aim_interfaces/auto_aim_interfaces/msg/detail/tracker_info__functions.h
[0.603s] -- Up-to-date symlink: /home/ywag/ros_ws/install/auto_aim_interfaces/include/auto_aim_interfaces/auto_aim_interfaces/msg/detail/tracker_info__struct.h
[0.603s] -- Up-to-date symlink: /home/ywag/ros_ws/install/auto_aim_interfaces/include/auto_aim_interfaces/auto_aim_interfaces/msg/detail/tracker_info__type_support.h
[0.603s] -- Up-to-date symlink: /home/ywag/ros_ws/install/auto_aim_interfaces/include/auto_aim_interfaces/auto_aim_interfaces/msg/fire_command.h
[0.603s] -- Up-to-date symlink: /home/ywag/ros_ws/install/auto_aim_interfaces/include/auto_aim_interfaces/auto_aim_interfaces/msg/rosidl_generator_c__visibility_control.h
[0.603s] -- Up-to-date symlink: /home/ywag/ros_ws/install/auto_aim_interfaces/include/auto_aim_interfaces/auto_aim_interfaces/msg/target.h
[0.603s] -- Up-to-date symlink: /home/ywag/ros_ws/install/auto_aim_interfaces/include/auto_aim_interfaces/auto_aim_interfaces/msg/tracker_info.h
[0.606s] -- Up-to-date symlink: /home/ywag/ros_ws/install/auto_aim_interfaces/share/auto_aim_interfaces/environment/library_path.sh
[0.606s] -- Up-to-date symlink: /home/ywag/ros_ws/install/auto_aim_interfaces/share/auto_aim_interfaces/environment/library_path.dsv
[0.606s] -- Up-to-date symlink: /home/ywag/ros_ws/install/auto_aim_interfaces/include/auto_aim_interfaces/auto_aim_interfaces/msg/detail/armor__rosidl_typesupport_fastrtps_c.h
[0.606s] -- Up-to-date symlink: /home/ywag/ros_ws/install/auto_aim_interfaces/include/auto_aim_interfaces/auto_aim_interfaces/msg/detail/armors__rosidl_typesupport_fastrtps_c.h
[0.607s] -- Up-to-date symlink: /home/ywag/ros_ws/install/auto_aim_interfaces/include/auto_aim_interfaces/auto_aim_interfaces/msg/detail/debug_armor__rosidl_typesupport_fastrtps_c.h
[0.607s] -- Up-to-date symlink: /home/ywag/ros_ws/install/auto_aim_interfaces/include/auto_aim_interfaces/auto_aim_interfaces/msg/detail/debug_armors__rosidl_typesupport_fastrtps_c.h
[0.607s] -- Up-to-date symlink: /home/ywag/ros_ws/install/auto_aim_interfaces/include/auto_aim_interfaces/auto_aim_interfaces/msg/detail/debug_light__rosidl_typesupport_fastrtps_c.h
[0.607s] -- Up-to-date symlink: /home/ywag/ros_ws/install/auto_aim_interfaces/include/auto_aim_interfaces/auto_aim_interfaces/msg/detail/debug_lights__rosidl_typesupport_fastrtps_c.h
[0.607s] -- Up-to-date symlink: /home/ywag/ros_ws/install/auto_aim_interfaces/include/auto_aim_interfaces/auto_aim_interfaces/msg/detail/fire_command__rosidl_typesupport_fastrtps_c.h
[0.607s] -- Up-to-date symlink: /home/ywag/ros_ws/install/auto_aim_interfaces/include/auto_aim_interfaces/auto_aim_interfaces/msg/detail/target__rosidl_typesupport_fastrtps_c.h
[0.607s] -- Up-to-date symlink: /home/ywag/ros_ws/install/auto_aim_interfaces/include/auto_aim_interfaces/auto_aim_interfaces/msg/detail/tracker_info__rosidl_typesupport_fastrtps_c.h
[0.607s] -- Up-to-date symlink: /home/ywag/ros_ws/install/auto_aim_interfaces/include/auto_aim_interfaces/auto_aim_interfaces/msg/rosidl_typesupport_fastrtps_c__visibility_control.h
[0.607s] -- Up-to-date symlink: /home/ywag/ros_ws/install/auto_aim_interfaces/include/auto_aim_interfaces/auto_aim_interfaces/msg/detail/armor__rosidl_typesupport_introspection_c.h
[0.607s] -- Up-to-date symlink: /home/ywag/ros_ws/install/auto_aim_interfaces/include/auto_aim_interfaces/auto_aim_interfaces/msg/detail/armors__rosidl_typesupport_introspection_c.h
[0.607s] -- Up-to-date symlink: /home/ywag/ros_ws/install/auto_aim_interfaces/include/auto_aim_interfaces/auto_aim_interfaces/msg/detail/debug_armor__rosidl_typesupport_introspection_c.h
[0.607s] -- Up-to-date symlink: /home/ywag/ros_ws/install/auto_aim_interfaces/include/auto_aim_interfaces/auto_aim_interfaces/msg/detail/debug_armors__rosidl_typesupport_introspection_c.h
[0.607s] -- Up-to-date symlink: /home/ywag/ros_ws/install/auto_aim_interfaces/include/auto_aim_interfaces/auto_aim_interfaces/msg/detail/debug_light__rosidl_typesupport_introspection_c.h
[0.608s] -- Up-to-date symlink: /home/ywag/ros_ws/install/auto_aim_interfaces/include/auto_aim_interfaces/auto_aim_interfaces/msg/detail/debug_lights__rosidl_typesupport_introspection_c.h
[0.608s] -- Up-to-date symlink: /home/ywag/ros_ws/install/auto_aim_interfaces/include/auto_aim_interfaces/auto_aim_interfaces/msg/detail/fire_command__rosidl_typesupport_introspection_c.h
[0.608s] -- Up-to-date symlink: /home/ywag/ros_ws/install/auto_aim_interfaces/include/auto_aim_interfaces/auto_aim_interfaces/msg/detail/target__rosidl_typesupport_introspection_c.h
[0.608s] -- Up-to-date symlink: /home/ywag/ros_ws/install/auto_aim_interfaces/include/auto_aim_interfaces/auto_aim_interfaces/msg/detail/tracker_info__rosidl_typesupport_introspection_c.h
[0.608s] -- Up-to-date symlink: /home/ywag/ros_ws/install/auto_aim_interfaces/include/auto_aim_interfaces/auto_aim_interfaces/msg/rosidl_typesupport_introspection_c__visibility_control.h
[0.608s] -- Up-to-date symlink: /home/ywag/ros_ws/install/auto_aim_interfaces/include/auto_aim_interfaces/auto_aim_interfaces/msg/armor.hpp
[0.608s] -- Up-to-date symlink: /home/ywag/ros_ws/install/auto_aim_interfaces/include/auto_aim_interfaces/auto_aim_interfaces/msg/armors.hpp
[0.608s] -- Up-to-date symlink: /home/ywag/ros_ws/install/auto_aim_interfaces/include/auto_aim_interfaces/auto_aim_interfaces/msg/debug_armor.hpp
[0.608s] -- Up-to-date symlink: /home/ywag/ros_ws/install/auto_aim_interfaces/include/auto_aim_interfaces/auto_aim_interfaces/msg/debug_armors.hpp
[0.608s] -- Up-to-date symlink: /home/ywag/ros_ws/install/auto_aim_interfaces/include/auto_aim_interfaces/auto_aim_interfaces/msg/debug_light.hpp
[0.609s] -- Up-to-date symlink: /home/ywag/ros_ws/install/auto_aim_interfaces/include/auto_aim_interfaces/auto_aim_interfaces/msg/debug_lights.hpp
[0.609s] -- Up-to-date symlink: /home/ywag/ros_ws/install/auto_aim_interfaces/include/auto_aim_interfaces/auto_aim_interfaces/msg/detail/armor__builder.hpp
[0.609s] -- Up-to-date symlink: /home/ywag/ros_ws/install/auto_aim_interfaces/include/auto_aim_interfaces/auto_aim_interfaces/msg/detail/armor__struct.hpp
[0.609s] -- Up-to-date symlink: /home/ywag/ros_ws/install/auto_aim_interfaces/include/auto_aim_interfaces/auto_aim_interfaces/msg/detail/armor__traits.hpp
[0.609s] -- Up-to-date symlink: /home/ywag/ros_ws/install/auto_aim_interfaces/include/auto_aim_interfaces/auto_aim_interfaces/msg/detail/armor__type_support.hpp
[0.611s] -- Up-to-date symlink: /home/ywag/ros_ws/install/auto_aim_interfaces/include/auto_aim_interfaces/auto_aim_interfaces/msg/detail/armors__builder.hpp
[0.612s] -- Up-to-date symlink: /home/ywag/ros_ws/install/auto_aim_interfaces/include/auto_aim_interfaces/auto_aim_interfaces/msg/detail/armors__struct.hpp
[0.612s] -- Up-to-date symlink: /home/ywag/ros_ws/install/auto_aim_interfaces/include/auto_aim_interfaces/auto_aim_interfaces/msg/detail/armors__traits.hpp
[0.612s] -- Up-to-date symlink: /home/ywag/ros_ws/install/auto_aim_interfaces/include/auto_aim_interfaces/auto_aim_interfaces/msg/detail/armors__type_support.hpp
[0.612s] -- Up-to-date symlink: /home/ywag/ros_ws/install/auto_aim_interfaces/include/auto_aim_interfaces/auto_aim_interfaces/msg/detail/debug_armor__builder.hpp
[0.612s] -- Up-to-date symlink: /home/ywag/ros_ws/install/auto_aim_interfaces/include/auto_aim_interfaces/auto_aim_interfaces/msg/detail/debug_armor__struct.hpp
[0.612s] -- Up-to-date symlink: /home/ywag/ros_ws/install/auto_aim_interfaces/include/auto_aim_interfaces/auto_aim_interfaces/msg/detail/debug_armor__traits.hpp
[0.612s] -- Up-to-date symlink: /home/ywag/ros_ws/install/auto_aim_interfaces/include/auto_aim_interfaces/auto_aim_interfaces/msg/detail/debug_armor__type_support.hpp
[0.612s] -- Up-to-date symlink: /home/ywag/ros_ws/install/auto_aim_interfaces/include/auto_aim_interfaces/auto_aim_interfaces/msg/detail/debug_armors__builder.hpp
[0.612s] -- Up-to-date symlink: /home/ywag/ros_ws/install/auto_aim_interfaces/include/auto_aim_interfaces/auto_aim_interfaces/msg/detail/debug_armors__struct.hpp
[0.612s] -- Up-to-date symlink: /home/ywag/ros_ws/install/auto_aim_interfaces/include/auto_aim_interfaces/auto_aim_interfaces/msg/detail/debug_armors__traits.hpp
[0.612s] -- Up-to-date symlink: /home/ywag/ros_ws/install/auto_aim_interfaces/include/auto_aim_interfaces/auto_aim_interfaces/msg/detail/debug_armors__type_support.hpp
[0.612s] -- Up-to-date symlink: /home/ywag/ros_ws/install/auto_aim_interfaces/include/auto_aim_interfaces/auto_aim_interfaces/msg/detail/debug_light__builder.hpp
[0.612s] -- Up-to-date symlink: /home/ywag/ros_ws/install/auto_aim_interfaces/include/auto_aim_interfaces/auto_aim_interfaces/msg/detail/debug_light__struct.hpp
[0.612s] -- Up-to-date symlink: /home/ywag/ros_ws/install/auto_aim_interfaces/include/auto_aim_interfaces/auto_aim_interfaces/msg/detail/debug_light__traits.hpp
[0.612s] -- Up-to-date symlink: /home/ywag/ros_ws/install/auto_aim_interfaces/include/auto_aim_interfaces/auto_aim_interfaces/msg/detail/debug_light__type_support.hpp
[0.612s] -- Up-to-date symlink: /home/ywag/ros_ws/install/auto_aim_interfaces/include/auto_aim_interfaces/auto_aim_interfaces/msg/detail/debug_lights__builder.hpp
[0.612s] -- Up-to-date symlink: /home/ywag/ros_ws/install/auto_aim_interfaces/include/auto_aim_interfaces/auto_aim_interfaces/msg/detail/debug_lights__struct.hpp
[0.612s] -- Up-to-date symlink: /home/ywag/ros_ws/install/auto_aim_interfaces/include/auto_aim_interfaces/auto_aim_interfaces/msg/detail/debug_lights__traits.hpp
[0.612s] -- Up-to-date symlink: /home/ywag/ros_ws/install/auto_aim_interfaces/include/auto_aim_interfaces/auto_aim_interfaces/msg/detail/debug_lights__type_support.hpp
[0.612s] -- Up-to-date symlink: /home/ywag/ros_ws/install/auto_aim_interfaces/include/auto_aim_interfaces/auto_aim_interfaces/msg/detail/fire_command__builder.hpp
[0.612s] -- Up-to-date symlink: /home/ywag/ros_ws/install/auto_aim_interfaces/include/auto_aim_interfaces/auto_aim_interfaces/msg/detail/fire_command__struct.hpp
[0.612s] -- Up-to-date symlink: /home/ywag/ros_ws/install/auto_aim_interfaces/include/auto_aim_interfaces/auto_aim_interfaces/msg/detail/fire_command__traits.hpp
[0.612s] -- Up-to-date symlink: /home/ywag/ros_ws/install/auto_aim_interfaces/include/auto_aim_interfaces/auto_aim_interfaces/msg/detail/fire_command__type_support.hpp
[0.612s] -- Up-to-date symlink: /home/ywag/ros_ws/install/auto_aim_interfaces/include/auto_aim_interfaces/auto_aim_interfaces/msg/detail/target__builder.hpp
[0.612s] -- Up-to-date symlink: /home/ywag/ros_ws/install/auto_aim_interfaces/include/auto_aim_interfaces/auto_aim_interfaces/msg/detail/target__struct.hpp
[0.614s] -- Up-to-date symlink: /home/ywag/ros_ws/install/auto_aim_interfaces/include/auto_aim_interfaces/auto_aim_interfaces/msg/detail/target__traits.hpp
[0.614s] -- Up-to-date symlink: /home/ywag/ros_ws/install/auto_aim_interfaces/include/auto_aim_interfaces/auto_aim_interfaces/msg/detail/target__type_support.hpp
[0.614s] -- Up-to-date symlink: /home/ywag/ros_ws/install/auto_aim_interfaces/include/auto_aim_interfaces/auto_aim_interfaces/msg/detail/tracker_info__builder.hpp
[0.614s] -- Up-to-date symlink: /home/ywag/ros_ws/install/auto_aim_interfaces/include/auto_aim_interfaces/auto_aim_interfaces/msg/detail/tracker_info__struct.hpp
[0.614s] -- Up-to-date symlink: /home/ywag/ros_ws/install/auto_aim_interfaces/include/auto_aim_interfaces/auto_aim_interfaces/msg/detail/tracker_info__traits.hpp
[0.614s] -- Up-to-date symlink: /home/ywag/ros_ws/install/auto_aim_interfaces/include/auto_aim_interfaces/auto_aim_interfaces/msg/detail/tracker_info__type_support.hpp
[0.614s] -- Up-to-date symlink: /home/ywag/ros_ws/install/auto_aim_interfaces/include/auto_aim_interfaces/auto_aim_interfaces/msg/fire_command.hpp
[0.615s] -- Up-to-date symlink: /home/ywag/ros_ws/install/auto_aim_interfaces/include/auto_aim_interfaces/auto_aim_interfaces/msg/rosidl_generator_cpp__visibility_control.hpp
[0.615s] -- Up-to-date symlink: /home/ywag/ros_ws/install/auto_aim_interfaces/include/auto_aim_interfaces/auto_aim_interfaces/msg/target.hpp
[0.615s] -- Up-to-date symlink: /home/ywag/ros_ws/install/auto_aim_interfaces/include/auto_aim_interfaces/auto_aim_interfaces/msg/tracker_info.hpp
[0.615s] -- Up-to-date symlink: /home/ywag/ros_ws/install/auto_aim_interfaces/include/auto_aim_interfaces/auto_aim_interfaces/msg/detail/armor__rosidl_typesupport_fastrtps_cpp.hpp
[0.615s] -- Up-to-date symlink: /home/ywag/ros_ws/install/auto_aim_interfaces/include/auto_aim_interfaces/auto_aim_interfaces/msg/detail/armors__rosidl_typesupport_fastrtps_cpp.hpp
[0.615s] -- Up-to-date symlink: /home/ywag/ros_ws/install/auto_aim_interfaces/include/auto_aim_interfaces/auto_aim_interfaces/msg/detail/debug_armor__rosidl_typesupport_fastrtps_cpp.hpp
[0.616s] -- Up-to-date symlink: /home/ywag/ros_ws/install/auto_aim_interfaces/include/auto_aim_interfaces/auto_aim_interfaces/msg/detail/debug_armors__rosidl_typesupport_fastrtps_cpp.hpp
[0.616s] -- Up-to-date symlink: /home/ywag/ros_ws/install/auto_aim_interfaces/include/auto_aim_interfaces/auto_aim_interfaces/msg/detail/debug_light__rosidl_typesupport_fastrtps_cpp.hpp
[0.616s] -- Up-to-date symlink: /home/ywag/ros_ws/install/auto_aim_interfaces/include/auto_aim_interfaces/auto_aim_interfaces/msg/detail/debug_lights__rosidl_typesupport_fastrtps_cpp.hpp
[0.616s] -- Up-to-date symlink: /home/ywag/ros_ws/install/auto_aim_interfaces/include/auto_aim_interfaces/auto_aim_interfaces/msg/detail/fire_command__rosidl_typesupport_fastrtps_cpp.hpp
[0.616s] -- Up-to-date symlink: /home/ywag/ros_ws/install/auto_aim_interfaces/include/auto_aim_interfaces/auto_aim_interfaces/msg/detail/target__rosidl_typesupport_fastrtps_cpp.hpp
[0.617s] -- Up-to-date symlink: /home/ywag/ros_ws/install/auto_aim_interfaces/include/auto_aim_interfaces/auto_aim_interfaces/msg/detail/tracker_info__rosidl_typesupport_fastrtps_cpp.hpp
[0.617s] -- Up-to-date symlink: /home/ywag/ros_ws/install/auto_aim_interfaces/include/auto_aim_interfaces/auto_aim_interfaces/msg/rosidl_typesupport_fastrtps_cpp__visibility_control.h
[0.617s] -- Up-to-date symlink: /home/ywag/ros_ws/install/auto_aim_interfaces/include/auto_aim_interfaces/auto_aim_interfaces/msg/detail/armor__rosidl_typesupport_introspection_cpp.hpp
[0.617s] -- Up-to-date symlink: /home/ywag/ros_ws/install/auto_aim_interfaces/include/auto_aim_interfaces/auto_aim_interfaces/msg/detail/armors__rosidl_typesupport_introspection_cpp.hpp
[0.617s] -- Up-to-date symlink: /home/ywag/ros_ws/install/auto_aim_interfaces/include/auto_aim_interfaces/auto_aim_interfaces/msg/detail/debug_armor__rosidl_typesupport_introspection_cpp.hpp
[0.617s] -- Up-to-date symlink: /home/ywag/ros_ws/install/auto_aim_interfaces/include/auto_aim_interfaces/auto_aim_interfaces/msg/detail/debug_armors__rosidl_typesupport_introspection_cpp.hpp
[0.617s] -- Up-to-date symlink: /home/ywag/ros_ws/install/auto_aim_interfaces/include/auto_aim_interfaces/auto_aim_interfaces/msg/detail/debug_light__rosidl_typesupport_introspection_cpp.hpp
[0.617s] -- Up-to-date symlink: /home/ywag/ros_ws/install/auto_aim_interfaces/include/auto_aim_interfaces/auto_aim_interfaces/msg/detail/debug_lights__rosidl_typesupport_introspection_cpp.hpp
[0.617s] -- Up-to-date symlink: /home/ywag/ros_ws/install/auto_aim_interfaces/include/auto_aim_interfaces/auto_aim_interfaces/msg/detail/fire_command__rosidl_typesupport_introspection_cpp.hpp
[0.617s] -- Up-to-date symlink: /home/ywag/ros_ws/install/auto_aim_interfaces/include/auto_aim_interfaces/auto_aim_interfaces/msg/detail/target__rosidl_typesupport_introspection_cpp.hpp
[0.618s] -- Up-to-date symlink: /home/ywag/ros_ws/install/auto_aim_interfaces/include/auto_aim_interfaces/auto_aim_interfaces/msg/detail/tracker_info__rosidl_typesupport_introspection_cpp.hpp
[0.619s] -- Up-to-date symlink: /home/ywag/ros_ws/install/auto_aim_interfaces/share/auto_aim_interfaces/environment/pythonpath.sh
[0.619s] -- Up-to-date symlink: /home/ywag/ros_ws/install/auto_aim_interfaces/share/auto_aim_interfaces/environment/pythonpath.dsv
[0.620s] -- Up-to-date symlink: /home/ywag/ros_ws/install/auto_aim_interfaces/local/lib/python3.10/dist-packages/auto_aim_interfaces-0.0.0-py3.10.egg-info/PKG-INFO
[0.624s] -- Up-to-date symlink: /home/ywag/ros_ws/install/auto_aim_interfaces/local/lib/python3.10/dist-packages/auto_aim_interfaces-0.0.0-py3.10.egg-info/SOURCES.txt
[0.624s] -- Up-to-date symlink: /home/ywag/ros_ws/install/auto_aim_interfaces/local/lib/python3.10/dist-packages/auto_aim_interfaces-0.0.0-py3.10.egg-info/dependency_links.txt
[0.624s] -- Up-to-date symlink: /home/ywag/ros_ws/install/auto_aim_interfaces/local/lib/python3.10/dist-packages/auto_aim_interfaces-0.0.0-py3.10.egg-info/top_level.txt
[0.624s] -- Up-to-date symlink: /home/ywag/ros_ws/install/auto_aim_interfaces/local/lib/python3.10/dist-packages/auto_aim_interfaces/__init__.py
[0.624s] -- Up-to-date symlink: /home/ywag/ros_ws/install/auto_aim_interfaces/local/lib/python3.10/dist-packages/auto_aim_interfaces/_auto_aim_interfaces_s.ep.rosidl_typesupport_c.c
[0.624s] -- Up-to-date symlink: /home/ywag/ros_ws/install/auto_aim_interfaces/local/lib/python3.10/dist-packages/auto_aim_interfaces/_auto_aim_interfaces_s.ep.rosidl_typesupport_fastrtps_c.c
[0.624s] -- Up-to-date symlink: /home/ywag/ros_ws/install/auto_aim_interfaces/local/lib/python3.10/dist-packages/auto_aim_interfaces/_auto_aim_interfaces_s.ep.rosidl_typesupport_introspection_c.c
[0.624s] -- Up-to-date symlink: /home/ywag/ros_ws/install/auto_aim_interfaces/local/lib/python3.10/dist-packages/auto_aim_interfaces/auto_aim_interfaces_s__rosidl_typesupport_c.cpython-310-x86_64-linux-gnu.so
[0.625s] -- Up-to-date symlink: /home/ywag/ros_ws/install/auto_aim_interfaces/local/lib/python3.10/dist-packages/auto_aim_interfaces/auto_aim_interfaces_s__rosidl_typesupport_fastrtps_c.cpython-310-x86_64-linux-gnu.so
[0.625s] -- Up-to-date symlink: /home/ywag/ros_ws/install/auto_aim_interfaces/local/lib/python3.10/dist-packages/auto_aim_interfaces/auto_aim_interfaces_s__rosidl_typesupport_introspection_c.cpython-310-x86_64-linux-gnu.so
[0.625s] -- Up-to-date symlink: /home/ywag/ros_ws/install/auto_aim_interfaces/local/lib/python3.10/dist-packages/auto_aim_interfaces/libauto_aim_interfaces__rosidl_generator_py.so
[0.625s] -- Up-to-date symlink: /home/ywag/ros_ws/install/auto_aim_interfaces/local/lib/python3.10/dist-packages/auto_aim_interfaces/msg/__init__.py
[0.627s] -- Up-to-date symlink: /home/ywag/ros_ws/install/auto_aim_interfaces/local/lib/python3.10/dist-packages/auto_aim_interfaces/msg/_armor.py
[0.627s] -- Up-to-date symlink: /home/ywag/ros_ws/install/auto_aim_interfaces/local/lib/python3.10/dist-packages/auto_aim_interfaces/msg/_armor_s.c
[0.627s] -- Up-to-date symlink: /home/ywag/ros_ws/install/auto_aim_interfaces/local/lib/python3.10/dist-packages/auto_aim_interfaces/msg/_armors.py
[0.629s] -- Up-to-date symlink: /home/ywag/ros_ws/install/auto_aim_interfaces/local/lib/python3.10/dist-packages/auto_aim_interfaces/msg/_armors_s.c
[0.629s] -- Up-to-date symlink: /home/ywag/ros_ws/install/auto_aim_interfaces/local/lib/python3.10/dist-packages/auto_aim_interfaces/msg/_debug_armor.py
[0.629s] -- Up-to-date symlink: /home/ywag/ros_ws/install/auto_aim_interfaces/local/lib/python3.10/dist-packages/auto_aim_interfaces/msg/_debug_armor_s.c
[0.629s] -- Up-to-date symlink: /home/ywag/ros_ws/install/auto_aim_interfaces/local/lib/python3.10/dist-packages/auto_aim_interfaces/msg/_debug_armors.py
[0.629s] -- Up-to-date symlink: /home/ywag/ros_ws/install/auto_aim_interfaces/local/lib/python3.10/dist-packages/auto_aim_interfaces/msg/_debug_armors_s.c
[0.629s] -- Up-to-date symlink: /home/ywag/ros_ws/install/auto_aim_interfaces/local/lib/python3.10/dist-packages/auto_aim_interfaces/msg/_debug_light.py
[0.629s] -- Up-to-date symlink: /home/ywag/ros_ws/install/auto_aim_interfaces/local/lib/python3.10/dist-packages/auto_aim_interfaces/msg/_debug_light_s.c
[0.629s] -- Up-to-date symlink: /home/ywag/ros_ws/install/auto_aim_interfaces/local/lib/python3.10/dist-packages/auto_aim_interfaces/msg/_debug_lights.py
[0.629s] -- Up-to-date symlink: /home/ywag/ros_ws/install/auto_aim_interfaces/local/lib/python3.10/dist-packages/auto_aim_interfaces/msg/_debug_lights_s.c
[0.629s] -- Up-to-date symlink: /home/ywag/ros_ws/install/auto_aim_interfaces/local/lib/python3.10/dist-packages/auto_aim_interfaces/msg/_fire_command.py
[0.629s] -- Up-to-date symlink: /home/ywag/ros_ws/install/auto_aim_interfaces/local/lib/python3.10/dist-packages/auto_aim_interfaces/msg/_fire_command_s.c
[0.629s] -- Up-to-date symlink: /home/ywag/ros_ws/install/auto_aim_interfaces/local/lib/python3.10/dist-packages/auto_aim_interfaces/msg/_target.py
[0.629s] -- Up-to-date symlink: /home/ywag/ros_ws/install/auto_aim_interfaces/local/lib/python3.10/dist-packages/auto_aim_interfaces/msg/_target_s.c
[0.629s] -- Up-to-date symlink: /home/ywag/ros_ws/install/auto_aim_interfaces/local/lib/python3.10/dist-packages/auto_aim_interfaces/msg/_tracker_info.py
[0.629s] -- Up-to-date symlink: /home/ywag/ros_ws/install/auto_aim_interfaces/local/lib/python3.10/dist-packages/auto_aim_interfaces/msg/_tracker_info_s.c
[0.629s] -- Up-to-date symlink: /home/ywag/ros_ws/install/auto_aim_interfaces/local/lib/python3.10/dist-packages/auto_aim_interfaces/auto_aim_interfaces_s__rosidl_typesupport_fastrtps_c.cpython-310-x86_64-linux-gnu.so
[0.629s] -- Up-to-date symlink: /home/ywag/ros_ws/install/auto_aim_interfaces/local/lib/python3.10/dist-packages/auto_aim_interfaces/auto_aim_interfaces_s__rosidl_typesupport_introspection_c.cpython-310-x86_64-linux-gnu.so
[0.629s] -- Up-to-date symlink: /home/ywag/ros_ws/install/auto_aim_interfaces/local/lib/python3.10/dist-packages/auto_aim_interfaces/auto_aim_interfaces_s__rosidl_typesupport_c.cpython-310-x86_64-linux-gnu.so
[0.629s] -- Up-to-date symlink: /home/ywag/ros_ws/install/auto_aim_interfaces/share/auto_aim_interfaces/msg/Armor.idl
[0.629s] -- Up-to-date symlink: /home/ywag/ros_ws/install/auto_aim_interfaces/share/auto_aim_interfaces/msg/Armors.idl
[0.629s] -- Up-to-date symlink: /home/ywag/ros_ws/install/auto_aim_interfaces/share/auto_aim_interfaces/msg/Target.idl
[0.629s] -- Up-to-date symlink: /home/ywag/ros_ws/install/auto_aim_interfaces/share/auto_aim_interfaces/msg/FireCommand.idl
[0.629s] -- Up-to-date symlink: /home/ywag/ros_ws/install/auto_aim_interfaces/share/auto_aim_interfaces/msg/DebugLight.idl
[0.629s] -- Up-to-date symlink: /home/ywag/ros_ws/install/auto_aim_interfaces/share/auto_aim_interfaces/msg/DebugLights.idl
[0.629s] -- Up-to-date symlink: /home/ywag/ros_ws/install/auto_aim_interfaces/share/auto_aim_interfaces/msg/DebugArmor.idl
[0.629s] -- Up-to-date symlink: /home/ywag/ros_ws/install/auto_aim_interfaces/share/auto_aim_interfaces/msg/DebugArmors.idl
[0.629s] -- Up-to-date symlink: /home/ywag/ros_ws/install/auto_aim_interfaces/share/auto_aim_interfaces/msg/TrackerInfo.idl
[0.629s] -- Up-to-date symlink: /home/ywag/ros_ws/install/auto_aim_interfaces/share/auto_aim_interfaces/msg/Armor.msg
[0.629s] -- Up-to-date symlink: /home/ywag/ros_ws/install/auto_aim_interfaces/share/auto_aim_interfaces/msg/Armors.msg
[0.629s] -- Up-to-date symlink: /home/ywag/ros_ws/install/auto_aim_interfaces/share/auto_aim_interfaces/msg/Target.msg
[0.629s] -- Up-to-date symlink: /home/ywag/ros_ws/install/auto_aim_interfaces/share/auto_aim_interfaces/msg/FireCommand.msg
[0.629s] -- Up-to-date symlink: /home/ywag/ros_ws/install/auto_aim_interfaces/share/auto_aim_interfaces/msg/DebugLight.msg
[0.629s] -- Up-to-date symlink: /home/ywag/ros_ws/install/auto_aim_interfaces/share/auto_aim_interfaces/msg/DebugLights.msg
[0.630s] -- Up-to-date symlink: /home/ywag/ros_ws/install/auto_aim_interfaces/share/auto_aim_interfaces/msg/DebugArmor.msg
[0.630s] -- Up-to-date symlink: /home/ywag/ros_ws/install/auto_aim_interfaces/share/auto_aim_interfaces/msg/DebugArmors.msg
[0.630s] -- Up-to-date symlink: /home/ywag/ros_ws/install/auto_aim_interfaces/share/auto_aim_interfaces/msg/TrackerInfo.msg
[0.630s] -- Up-to-date symlink: /home/ywag/ros_ws/install/auto_aim_interfaces/share/ament_index/resource_index/package_run_dependencies/auto_aim_interfaces
[0.630s] -- Up-to-date symlink: /home/ywag/ros_ws/install/auto_aim_interfaces/share/ament_index/resource_index/parent_prefix_path/auto_aim_interfaces
[0.630s] -- Up-to-date symlink: /home/ywag/ros_ws/install/auto_aim_interfaces/share/auto_aim_interfaces/environment/ament_prefix_path.sh
[0.630s] -- Up-to-date symlink: /home/ywag/ros_ws/install/auto_aim_interfaces/share/auto_aim_interfaces/environment/ament_prefix_path.dsv
[0.630s] -- Up-to-date symlink: /home/ywag/ros_ws/install/auto_aim_interfaces/share/auto_aim_interfaces/environment/path.sh
[0.630s] -- Up-to-date symlink: /home/ywag/ros_ws/install/auto_aim_interfaces/share/auto_aim_interfaces/environment/path.dsv
[0.630s] -- Up-to-date symlink: /home/ywag/ros_ws/install/auto_aim_interfaces/share/auto_aim_interfaces/local_setup.bash
[0.630s] -- Up-to-date symlink: /home/ywag/ros_ws/install/auto_aim_interfaces/share/auto_aim_interfaces/local_setup.sh
[0.630s] -- Up-to-date symlink: /home/ywag/ros_ws/install/auto_aim_interfaces/share/auto_aim_interfaces/local_setup.zsh
[0.630s] -- Up-to-date symlink: /home/ywag/ros_ws/install/auto_aim_interfaces/share/auto_aim_interfaces/local_setup.dsv
[0.630s] -- Symlinking: /home/ywag/ros_ws/install/auto_aim_interfaces/share/auto_aim_interfaces/package.dsv
[0.634s] -- Up-to-date symlink: /home/ywag/ros_ws/install/auto_aim_interfaces/share/ament_index/resource_index/packages/auto_aim_interfaces
[0.635s] -- Up-to-date symlink: /home/ywag/ros_ws/install/auto_aim_interfaces/share/auto_aim_interfaces/cmake/rosidl_cmake-extras.cmake
[0.635s] -- Up-to-date symlink: /home/ywag/ros_ws/install/auto_aim_interfaces/share/auto_aim_interfaces/cmake/ament_cmake_export_dependencies-extras.cmake
[0.635s] -- Up-to-date symlink: /home/ywag/ros_ws/install/auto_aim_interfaces/share/auto_aim_interfaces/cmake/ament_cmake_export_include_directories-extras.cmake
[0.635s] -- Up-to-date symlink: /home/ywag/ros_ws/install/auto_aim_interfaces/share/auto_aim_interfaces/cmake/ament_cmake_export_libraries-extras.cmake
[0.636s] -- Up-to-date symlink: /home/ywag/ros_ws/install/auto_aim_interfaces/share/auto_aim_interfaces/cmake/ament_cmake_export_targets-extras.cmake
[0.636s] -- Up-to-date symlink: /home/ywag/ros_ws/install/auto_aim_interfaces/share/auto_aim_interfaces/cmake/rosidl_cmake_export_typesupport_targets-extras.cmake
[0.636s] -- Up-to-date symlink: /home/ywag/ros_ws/install/auto_aim_interfaces/share/auto_aim_interfaces/cmake/rosidl_cmake_export_typesupport_libraries-extras.cmake
[0.636s] -- Up-to-date symlink: /home/ywag/ros_ws/install/auto_aim_interfaces/share/auto_aim_interfaces/cmake/auto_aim_interfacesConfig.cmake
[0.636s] -- Up-to-date symlink: /home/ywag/ros_ws/install/auto_aim_interfaces/share/auto_aim_interfaces/cmake/auto_aim_interfacesConfig-version.cmake
[0.637s] -- Up-to-date symlink: /home/ywag/ros_ws/install/auto_aim_interfaces/share/auto_aim_interfaces/package.xml
[0.637s] -- Up-to-date: /home/ywag/ros_ws/install/auto_aim_interfaces/lib/libauto_aim_interfaces__rosidl_generator_c.so
[0.637s] -- Up-to-date: /home/ywag/ros_ws/install/auto_aim_interfaces/lib/libauto_aim_interfaces__rosidl_typesupport_fastrtps_c.so
[0.637s] -- Up-to-date: /home/ywag/ros_ws/install/auto_aim_interfaces/lib/libauto_aim_interfaces__rosidl_typesupport_introspection_c.so
[0.638s] -- Up-to-date: /home/ywag/ros_ws/install/auto_aim_interfaces/lib/libauto_aim_interfaces__rosidl_typesupport_c.so
[0.638s] -- Up-to-date: /home/ywag/ros_ws/install/auto_aim_interfaces/lib/libauto_aim_interfaces__rosidl_typesupport_fastrtps_cpp.so
[0.638s] -- Up-to-date: /home/ywag/ros_ws/install/auto_aim_interfaces/lib/libauto_aim_interfaces__rosidl_typesupport_introspection_cpp.so
[0.638s] -- Up-to-date: /home/ywag/ros_ws/install/auto_aim_interfaces/lib/libauto_aim_interfaces__rosidl_typesupport_cpp.so
[0.661s] Listing '/home/ywag/ros_ws/install/auto_aim_interfaces/local/lib/python3.10/dist-packages/auto_aim_interfaces'...
[0.661s] Listing '/home/ywag/ros_ws/install/auto_aim_interfaces/local/lib/python3.10/dist-packages/auto_aim_interfaces/msg'...
[0.669s] -- Up-to-date: /home/ywag/ros_ws/install/auto_aim_interfaces/lib/libauto_aim_interfaces__rosidl_generator_py.so
[0.669s] -- Up-to-date: /home/ywag/ros_ws/install/auto_aim_interfaces/share/auto_aim_interfaces/cmake/export_auto_aim_interfaces__rosidl_generator_cExport.cmake
[0.669s] -- Up-to-date: /home/ywag/ros_ws/install/auto_aim_interfaces/share/auto_aim_interfaces/cmake/export_auto_aim_interfaces__rosidl_generator_cExport-noconfig.cmake
[0.669s] -- Up-to-date: /home/ywag/ros_ws/install/auto_aim_interfaces/share/auto_aim_interfaces/cmake/export_auto_aim_interfaces__rosidl_typesupport_fastrtps_cExport.cmake
[0.669s] -- Up-to-date: /home/ywag/ros_ws/install/auto_aim_interfaces/share/auto_aim_interfaces/cmake/export_auto_aim_interfaces__rosidl_typesupport_fastrtps_cExport-noconfig.cmake
[0.669s] -- Up-to-date: /home/ywag/ros_ws/install/auto_aim_interfaces/share/auto_aim_interfaces/cmake/auto_aim_interfaces__rosidl_typesupport_introspection_cExport.cmake
[0.669s] -- Up-to-date: /home/ywag/ros_ws/install/auto_aim_interfaces/share/auto_aim_interfaces/cmake/auto_aim_interfaces__rosidl_typesupport_introspection_cExport-noconfig.cmake
[0.669s] -- Up-to-date: /home/ywag/ros_ws/install/auto_aim_interfaces/share/auto_aim_interfaces/cmake/auto_aim_interfaces__rosidl_typesupport_cExport.cmake
[0.669s] -- Up-to-date: /home/ywag/ros_ws/install/auto_aim_interfaces/share/auto_aim_interfaces/cmake/auto_aim_interfaces__rosidl_typesupport_cExport-noconfig.cmake
[0.669s] -- Up-to-date: /home/ywag/ros_ws/install/auto_aim_interfaces/share/auto_aim_interfaces/cmake/export_auto_aim_interfaces__rosidl_generator_cppExport.cmake
[0.669s] -- Up-to-date: /home/ywag/ros_ws/install/auto_aim_interfaces/share/auto_aim_interfaces/cmake/export_auto_aim_interfaces__rosidl_typesupport_fastrtps_cppExport.cmake
[0.669s] -- Up-to-date: /home/ywag/ros_ws/install/auto_aim_interfaces/share/auto_aim_interfaces/cmake/export_auto_aim_interfaces__rosidl_typesupport_fastrtps_cppExport-noconfig.cmake
[0.669s] -- Up-to-date: /home/ywag/ros_ws/install/auto_aim_interfaces/share/auto_aim_interfaces/cmake/auto_aim_interfaces__rosidl_typesupport_introspection_cppExport.cmake
[0.669s] -- Up-to-date: /home/ywag/ros_ws/install/auto_aim_interfaces/share/auto_aim_interfaces/cmake/auto_aim_interfaces__rosidl_typesupport_introspection_cppExport-noconfig.cmake
[0.669s] -- Up-to-date: /home/ywag/ros_ws/install/auto_aim_interfaces/share/auto_aim_interfaces/cmake/auto_aim_interfaces__rosidl_typesupport_cppExport.cmake
[0.669s] -- Up-to-date: /home/ywag/ros_ws/install/auto_aim_interfaces/share/auto_aim_interfaces/cmake/auto_aim_interfaces__rosidl_typesupport_cppExport-noconfig.cmake
[0.669s] -- Up-to-date: /home/ywag/ros_ws/install/auto_aim_interfaces/share/auto_aim_interfaces/cmake/export_auto_aim_interfaces__rosidl_generator_pyExport.cmake
[0.669s] -- Up-to-date: /home/ywag/ros_ws/install/auto_aim_interfaces/share/auto_aim_interfaces/cmake/export_auto_aim_interfaces__rosidl_generator_pyExport-noconfig.cmake
[0.673s] Invoked command in '/home/ywag/ros_ws/build/auto_aim_interfaces' returned '0': CMAKE_PREFIX_PATH=${CMAKE_PREFIX_PATH}:/opt/ros/humble /usr/bin/cmake --install /home/ywag/ros_ws/build/auto_aim_interfaces
