[0.022s] Invoking command in '/home/ywag/ros_ws/build/hik_camera': CMAKE_PREFIX_PATH=${CMAKE_PREFIX_PATH}:/opt/ros/humble /usr/bin/cmake --build /home/ywag/ros_ws/build/hik_camera -- -j2 -l2
[0.115s] [ 50%] Built target hik_camera
[0.151s] [100%] Built target hik_camera_node
[0.171s] Invoked command in '/home/ywag/ros_ws/build/hik_camera' returned '0': CMAKE_PREFIX_PATH=${CMAKE_PREFIX_PATH}:/opt/ros/humble /usr/bin/cmake --build /home/ywag/ros_ws/build/hik_camera -- -j2 -l2
[0.189s] Invoking command in '/home/ywag/ros_ws/build/hik_camera': CMAKE_PREFIX_PATH=${CMAKE_PREFIX_PATH}:/opt/ros/humble /usr/bin/cmake --install /home/ywag/ros_ws/build/hik_camera
[0.194s] -- Install configuration: ""
[0.196s] -- Execute custom install script
[0.199s] -- Up-to-date symlink: /home/ywag/ros_ws/install/hik_camera/lib/libFormatConversion.so
[0.199s] -- Up-to-date symlink: /home/ywag/ros_ws/install/hik_camera/lib/libMVRender.so
[0.199s] -- Up-to-date symlink: /home/ywag/ros_ws/install/hik_camera/lib/libMediaProcess.so
[0.199s] -- Up-to-date symlink: /home/ywag/ros_ws/install/hik_camera/lib/libMvCameraControl.so
[0.199s] -- Up-to-date symlink: /home/ywag/ros_ws/install/hik_camera/lib/libMvUsb3vTL.so
[0.200s] -- Up-to-date symlink: /home/ywag/ros_ws/install/hik_camera/lib/hik_camera/hik_camera_node
[0.200s] -- Up-to-date symlink: /home/ywag/ros_ws/install/hik_camera/share/hik_camera/environment/library_path.sh
[0.201s] -- Up-to-date symlink: /home/ywag/ros_ws/install/hik_camera/share/hik_camera/environment/library_path.dsv
[0.201s] -- Up-to-date symlink: /home/ywag/ros_ws/install/hik_camera/lib/libhik_camera.so
[0.202s] -- Up-to-date symlink: /home/ywag/ros_ws/install/hik_camera/share/hik_camera/config/camera_info.yaml
[0.203s] -- Up-to-date symlink: /home/ywag/ros_ws/install/hik_camera/share/hik_camera/config/camera_params.yaml
[0.204s] -- Up-to-date symlink: /home/ywag/ros_ws/install/hik_camera/share/hik_camera/launch/hik_camera.launch.py
[0.204s] -- Up-to-date symlink: /home/ywag/ros_ws/install/hik_camera/share/ament_index/resource_index/package_run_dependencies/hik_camera
[0.204s] -- Up-to-date symlink: /home/ywag/ros_ws/install/hik_camera/share/ament_index/resource_index/parent_prefix_path/hik_camera
[0.204s] -- Up-to-date symlink: /home/ywag/ros_ws/install/hik_camera/share/hik_camera/environment/ament_prefix_path.sh
[0.205s] -- Up-to-date symlink: /home/ywag/ros_ws/install/hik_camera/share/hik_camera/environment/ament_prefix_path.dsv
[0.205s] -- Up-to-date symlink: /home/ywag/ros_ws/install/hik_camera/share/hik_camera/environment/path.sh
[0.205s] -- Up-to-date symlink: /home/ywag/ros_ws/install/hik_camera/share/hik_camera/environment/path.dsv
[0.205s] -- Up-to-date symlink: /home/ywag/ros_ws/install/hik_camera/share/hik_camera/local_setup.bash
[0.206s] -- Up-to-date symlink: /home/ywag/ros_ws/install/hik_camera/share/hik_camera/local_setup.sh
[0.206s] -- Up-to-date symlink: /home/ywag/ros_ws/install/hik_camera/share/hik_camera/local_setup.zsh
[0.207s] -- Up-to-date symlink: /home/ywag/ros_ws/install/hik_camera/share/hik_camera/local_setup.dsv
[0.210s] -- Symlinking: /home/ywag/ros_ws/install/hik_camera/share/hik_camera/package.dsv
[0.222s] -- Up-to-date symlink: /home/ywag/ros_ws/install/hik_camera/share/ament_index/resource_index/packages/hik_camera
[0.222s] -- Up-to-date symlink: /home/ywag/ros_ws/install/hik_camera/share/ament_index/resource_index/rclcpp_components/hik_camera
[0.222s] -- Up-to-date symlink: /home/ywag/ros_ws/install/hik_camera/share/hik_camera/cmake/ament_cmake_export_dependencies-extras.cmake
[0.222s] -- Up-to-date symlink: /home/ywag/ros_ws/install/hik_camera/share/hik_camera/cmake/ament_cmake_export_libraries-extras.cmake
[0.222s] -- Up-to-date symlink: /home/ywag/ros_ws/install/hik_camera/share/hik_camera/cmake/hik_cameraConfig.cmake
[0.222s] -- Up-to-date symlink: /home/ywag/ros_ws/install/hik_camera/share/hik_camera/cmake/hik_cameraConfig-version.cmake
[0.222s] -- Up-to-date symlink: /home/ywag/ros_ws/install/hik_camera/share/hik_camera/package.xml
[0.229s] Invoked command in '/home/ywag/ros_ws/build/hik_camera' returned '0': CMAKE_PREFIX_PATH=${CMAKE_PREFIX_PATH}:/opt/ros/humble /usr/bin/cmake --install /home/ywag/ros_ws/build/hik_camera
