[0.006s] Invoking command in '/home/ywag/ros_ws/build/rm_gimbal_description': CMAKE_PREFIX_PATH=${CMAKE_PREFIX_PATH}:/opt/ros/humble /usr/bin/cmake --build /home/ywag/ros_ws/build/rm_gimbal_description -- -j2 -l2
[0.036s] Invoked command in '/home/ywag/ros_ws/build/rm_gimbal_description' returned '0': CMAKE_PREFIX_PATH=${CMAKE_PREFIX_PATH}:/opt/ros/humble /usr/bin/cmake --build /home/ywag/ros_ws/build/rm_gimbal_description -- -j2 -l2
[0.042s] Invoking command in '/home/ywag/ros_ws/build/rm_gimbal_description': CMAKE_PREFIX_PATH=${CMAKE_PREFIX_PATH}:/opt/ros/humble /usr/bin/cmake --install /home/ywag/ros_ws/build/rm_gimbal_description
[0.046s] -- Install configuration: ""
[0.048s] -- Execute custom install script
[0.049s] -- Up-to-date symlink: /home/ywag/ros_ws/install/rm_gimbal_description/share/rm_gimbal_description/urdf/rm_gimbal.urdf.xacro
[0.050s] -- Up-to-date symlink: /home/ywag/ros_ws/install/rm_gimbal_description/share/ament_index/resource_index/package_run_dependencies/rm_gimbal_description
[0.050s] -- Up-to-date symlink: /home/ywag/ros_ws/install/rm_gimbal_description/share/ament_index/resource_index/parent_prefix_path/rm_gimbal_description
[0.051s] -- Up-to-date symlink: /home/ywag/ros_ws/install/rm_gimbal_description/share/rm_gimbal_description/environment/ament_prefix_path.sh
[0.052s] -- Up-to-date symlink: /home/ywag/ros_ws/install/rm_gimbal_description/share/rm_gimbal_description/environment/ament_prefix_path.dsv
[0.052s] -- Up-to-date symlink: /home/ywag/ros_ws/install/rm_gimbal_description/share/rm_gimbal_description/environment/path.sh
[0.052s] -- Up-to-date symlink: /home/ywag/ros_ws/install/rm_gimbal_description/share/rm_gimbal_description/environment/path.dsv
[0.053s] -- Up-to-date symlink: /home/ywag/ros_ws/install/rm_gimbal_description/share/rm_gimbal_description/local_setup.bash
[0.053s] -- Up-to-date symlink: /home/ywag/ros_ws/install/rm_gimbal_description/share/rm_gimbal_description/local_setup.sh
[0.054s] -- Up-to-date symlink: /home/ywag/ros_ws/install/rm_gimbal_description/share/rm_gimbal_description/local_setup.zsh
[0.054s] -- Up-to-date symlink: /home/ywag/ros_ws/install/rm_gimbal_description/share/rm_gimbal_description/local_setup.dsv
[0.054s] -- Symlinking: /home/ywag/ros_ws/install/rm_gimbal_description/share/rm_gimbal_description/package.dsv
[0.066s] -- Up-to-date symlink: /home/ywag/ros_ws/install/rm_gimbal_description/share/ament_index/resource_index/packages/rm_gimbal_description
[0.068s] -- Up-to-date symlink: /home/ywag/ros_ws/install/rm_gimbal_description/share/rm_gimbal_description/cmake/rm_gimbal_descriptionConfig.cmake
[0.068s] -- Up-to-date symlink: /home/ywag/ros_ws/install/rm_gimbal_description/share/rm_gimbal_description/cmake/rm_gimbal_descriptionConfig-version.cmake
[0.068s] -- Up-to-date symlink: /home/ywag/ros_ws/install/rm_gimbal_description/share/rm_gimbal_description/package.xml
[0.072s] Invoked command in '/home/ywag/ros_ws/build/rm_gimbal_description' returned '0': CMAKE_PREFIX_PATH=${CMAKE_PREFIX_PATH}:/opt/ros/humble /usr/bin/cmake --install /home/ywag/ros_ws/build/rm_gimbal_description
