-- Found ament_cmake_auto: 1.3.12 (/opt/ros/humble/share/ament_cmake_auto/cmake)
-- Override CMake install command with custom implementation using symlinks instead of copying resources
-- Found rosidl_generator_c: 3.1.7 (/opt/ros/humble/share/rosidl_generator_c/cmake)
-- Found rosidl_adapter: 3.1.7 (/opt/ros/humble/share/rosidl_adapter/cmake)
-- Found rosidl_generator_cpp: 3.1.7 (/opt/ros/humble/share/rosidl_generator_cpp/cmake)
-- Using all available rosidl_typesupport_c: rosidl_typesupport_fastrtps_c;rosidl_typesupport_introspection_c
-- Using all available rosidl_typesupport_cpp: rosidl_typesupport_fastrtps_cpp;rosidl_typesupport_introspection_cpp
-- Found rmw_implementation_cmake: 6.1.2 (/opt/ros/humble/share/rmw_implementation_cmake/cmake)
-- Found rmw_fastrtps_cpp: 6.2.8 (/opt/ros/humble/share/rmw_fastrtps_cpp/cmake)
-- Using RMW implementation 'rmw_fastrtps_cpp' as default
-- Found eigen3_cmake_module: 0.1.1 (/opt/ros/humble/share/eigen3_cmake_module/cmake)
-- Ensuring Eigen3 include directory is part of orocos-kdl CMake target
-- Found ament_lint_auto: 0.12.14 (/opt/ros/humble/share/ament_lint_auto/cmake)
-- Found ament_cmake_gtest: 1.3.12 (/opt/ros/humble/share/ament_cmake_gtest/cmake)
-- Found gtest sources under '/opt/ros/humble/src/gtest_vendor': C++ tests using 'Google Test' will be built
[0mIn this package, headers install destination is set to `include` by ament_auto_package. It is recommended to install `include/armor_detector` instead and will be the default behavior of ament_auto_package from ROS 2 Kilted Kaiju. On distributions before Kilted, ament_auto_package behaves the same way when you use USE_SCOPED_HEADER_INSTALL_DIR option.[0m
-- Added test 'cppcheck' to perform static code analysis on C / C++ code
-- Configured cppcheck include dirs: /home/ywag/ros_ws/src/rm_auto_aim/armor_detector/include
-- Configured cppcheck exclude dirs and/or files: 
-- Added test 'flake8' to check Python code syntax and style conventions
-- Added test 'lint_cmake' to check CMake code style
-- Added test 'pep257' to check Python code against some of the docstring style conventions in PEP 257
-- Added test 'xmllint' to check XML markup files
-- Added test 'clang_format' to check C / C++ code style
-- Configuring done
-- Generating done
-- Build files have been written to: /home/ywag/ros_ws/build/armor_detector
[35m[1mConsolidate compiler generated dependencies of target armor_detector_node[0m
[35m[1mConsolidate compiler generated dependencies of target armor_detector[0m
[ 13%] Built target armor_detector_node
[35m[1mConsolidate compiler generated dependencies of target gtest_main[0m
[ 46%] Built target armor_detector
[ 60%] Built target gtest_main
[35m[1mConsolidate compiler generated dependencies of target gtest[0m
[ 73%] Built target gtest
[35m[1mConsolidate compiler generated dependencies of target test_number_cls[0m
[35m[1mConsolidate compiler generated dependencies of target test_node_startup[0m
[ 86%] Built target test_number_cls
[100%] Built target test_node_startup
-- Install configuration: ""
-- Execute custom install script
-- Up-to-date symlink: /home/ywag/ros_ws/install/armor_detector/lib/armor_detector/armor_detector_node
-- Symlinking: /home/ywag/ros_ws/install/armor_detector/share/armor_detector/launch/armor_detector.launch.py
-- Up-to-date symlink: /home/ywag/ros_ws/install/armor_detector/include/armor_detector/armor.hpp
-- Up-to-date symlink: /home/ywag/ros_ws/install/armor_detector/include/armor_detector/detector.hpp
-- Up-to-date symlink: /home/ywag/ros_ws/install/armor_detector/include/armor_detector/detector_node.hpp
-- Up-to-date symlink: /home/ywag/ros_ws/install/armor_detector/include/armor_detector/number_classifier.hpp
-- Up-to-date symlink: /home/ywag/ros_ws/install/armor_detector/include/armor_detector/pnp_solver.hpp
-- Up-to-date symlink: /home/ywag/ros_ws/install/armor_detector/share/armor_detector/environment/library_path.sh
-- Up-to-date symlink: /home/ywag/ros_ws/install/armor_detector/share/armor_detector/environment/library_path.dsv
-- Up-to-date symlink: /home/ywag/ros_ws/install/armor_detector/lib/libarmor_detector.so
-- Up-to-date symlink: /home/ywag/ros_ws/install/armor_detector/share/armor_detector/model/label.txt
-- Up-to-date symlink: /home/ywag/ros_ws/install/armor_detector/share/armor_detector/model/mlp.onnx
-- Up-to-date symlink: /home/ywag/ros_ws/install/armor_detector/share/ament_index/resource_index/package_run_dependencies/armor_detector
-- Up-to-date symlink: /home/ywag/ros_ws/install/armor_detector/share/ament_index/resource_index/parent_prefix_path/armor_detector
-- Up-to-date symlink: /home/ywag/ros_ws/install/armor_detector/share/armor_detector/environment/ament_prefix_path.sh
-- Up-to-date symlink: /home/ywag/ros_ws/install/armor_detector/share/armor_detector/environment/ament_prefix_path.dsv
-- Up-to-date symlink: /home/ywag/ros_ws/install/armor_detector/share/armor_detector/environment/path.sh
-- Up-to-date symlink: /home/ywag/ros_ws/install/armor_detector/share/armor_detector/environment/path.dsv
-- Up-to-date symlink: /home/ywag/ros_ws/install/armor_detector/share/armor_detector/local_setup.bash
-- Up-to-date symlink: /home/ywag/ros_ws/install/armor_detector/share/armor_detector/local_setup.sh
-- Up-to-date symlink: /home/ywag/ros_ws/install/armor_detector/share/armor_detector/local_setup.zsh
-- Up-to-date symlink: /home/ywag/ros_ws/install/armor_detector/share/armor_detector/local_setup.dsv
-- Symlinking: /home/ywag/ros_ws/install/armor_detector/share/armor_detector/package.dsv
-- Up-to-date symlink: /home/ywag/ros_ws/install/armor_detector/share/ament_index/resource_index/packages/armor_detector
-- Up-to-date symlink: /home/ywag/ros_ws/install/armor_detector/share/ament_index/resource_index/rclcpp_components/armor_detector
-- Up-to-date symlink: /home/ywag/ros_ws/install/armor_detector/share/armor_detector/cmake/ament_cmake_export_dependencies-extras.cmake
-- Up-to-date symlink: /home/ywag/ros_ws/install/armor_detector/share/armor_detector/cmake/ament_cmake_export_include_directories-extras.cmake
-- Up-to-date symlink: /home/ywag/ros_ws/install/armor_detector/share/armor_detector/cmake/ament_cmake_export_libraries-extras.cmake
-- Up-to-date symlink: /home/ywag/ros_ws/install/armor_detector/share/armor_detector/cmake/armor_detectorConfig.cmake
-- Up-to-date symlink: /home/ywag/ros_ws/install/armor_detector/share/armor_detector/cmake/armor_detectorConfig-version.cmake
-- Up-to-date symlink: /home/ywag/ros_ws/install/armor_detector/share/armor_detector/package.xml
