[0.022s] Invoking command in '/home/ywag/ros_ws/build/armor_detector': CMAKE_PREFIX_PATH=/home/ywag/ros_ws/install/auto_aim_interfaces:/home/ywag/ros_ws/install/rm_vision_bringup:/home/ywag/ros_ws/install/rm_serial_driver:/home/ywag/ros_ws/install/rm_gimbal_description:/home/ywag/ros_ws/install/mindvision_camera:/home/ywag/ros_ws/install/hik_camera:/home/ywag/ros_ws/install/ballistic_solver:/home/ywag/ros_ws/install/armor_tracker:/home/ywag/ros_ws/install/armor_detector:/opt/ros/humble LD_LIBRARY_PATH=/home/ywag/ros_ws/install/auto_aim_interfaces/lib:/usr/local/lib:/usr/local/lib:/usr/local/lib:/usr/local/lib:/usr/local/lib:/usr/local/lib:/home/ywag/ros_ws/install/rm_serial_driver/lib:/home/ywag/ros_ws/install/mindvision_camera/lib:/home/ywag/ros_ws/install/hik_camera/lib:/home/ywag/ros_ws/install/armor_tracker/lib:/home/ywag/ros_ws/install/armor_detector/lib:/opt/ros/humble/opt/rviz_ogre_vendor/lib:/opt/ros/humble/lib/x86_64-linux-gnu:/opt/ros/humble/lib /usr/bin/cmake --build /home/ywag/ros_ws/build/armor_detector -- -j2 -l2
[0.091s] -- Found ament_cmake_auto: 1.3.12 (/opt/ros/humble/share/ament_cmake_auto/cmake)
[0.336s] -- Override CMake install command with custom implementation using symlinks instead of copying resources
[0.556s] -- Found rosidl_generator_c: 3.1.7 (/opt/ros/humble/share/rosidl_generator_c/cmake)
[0.559s] -- Found rosidl_adapter: 3.1.7 (/opt/ros/humble/share/rosidl_adapter/cmake)
[0.576s] -- Found rosidl_generator_cpp: 3.1.7 (/opt/ros/humble/share/rosidl_generator_cpp/cmake)
[0.613s] -- Using all available rosidl_typesupport_c: rosidl_typesupport_fastrtps_c;rosidl_typesupport_introspection_c
[0.632s] -- Using all available rosidl_typesupport_cpp: rosidl_typesupport_fastrtps_cpp;rosidl_typesupport_introspection_cpp
[0.699s] -- Found rmw_implementation_cmake: 6.1.2 (/opt/ros/humble/share/rmw_implementation_cmake/cmake)
[0.700s] -- Found rmw_fastrtps_cpp: 6.2.8 (/opt/ros/humble/share/rmw_fastrtps_cpp/cmake)
[0.888s] -- Using RMW implementation 'rmw_fastrtps_cpp' as default
[1.045s] -- Found eigen3_cmake_module: 0.1.1 (/opt/ros/humble/share/eigen3_cmake_module/cmake)
[1.046s] -- Ensuring Eigen3 include directory is part of orocos-kdl CMake target
[1.099s] -- Found ament_lint_auto: 0.12.14 (/opt/ros/humble/share/ament_lint_auto/cmake)
[1.107s] -- Found ament_cmake_gtest: 1.3.12 (/opt/ros/humble/share/ament_cmake_gtest/cmake)
[1.107s] -- Found gtest sources under '/opt/ros/humble/src/gtest_vendor': C++ tests using 'Google Test' will be built
[1.110s] [0mIn this package, headers install destination is set to `include` by ament_auto_package. It is recommended to install `include/armor_detector` instead and will be the default behavior of ament_auto_package from ROS 2 Kilted Kaiju. On distributions before Kilted, ament_auto_package behaves the same way when you use USE_SCOPED_HEADER_INSTALL_DIR option.[0m
[1.117s] -- Added test 'cppcheck' to perform static code analysis on C / C++ code
[1.117s] -- Configured cppcheck include dirs: /home/ywag/ros_ws/src/rm_auto_aim/armor_detector/include
[1.118s] -- Configured cppcheck exclude dirs and/or files: 
[1.119s] -- Added test 'flake8' to check Python code syntax and style conventions
[1.119s] -- Added test 'lint_cmake' to check CMake code style
[1.119s] -- Added test 'pep257' to check Python code against some of the docstring style conventions in PEP 257
[1.120s] -- Added test 'xmllint' to check XML markup files
[1.121s] -- Added test 'clang_format' to check C / C++ code style
[1.125s] -- Configuring done
[1.158s] -- Generating done
[1.165s] -- Build files have been written to: /home/ywag/ros_ws/build/armor_detector
[1.190s] [35m[1mConsolidate compiler generated dependencies of target armor_detector_node[0m
[1.193s] [35m[1mConsolidate compiler generated dependencies of target armor_detector[0m
[1.208s] [ 13%] Built target armor_detector_node
[1.219s] [35m[1mConsolidate compiler generated dependencies of target gtest_main[0m
[1.229s] [ 46%] Built target armor_detector
[1.237s] [ 60%] Built target gtest_main
[1.244s] [35m[1mConsolidate compiler generated dependencies of target gtest[0m
[1.257s] [ 73%] Built target gtest
[1.278s] [35m[1mConsolidate compiler generated dependencies of target test_number_cls[0m
[1.280s] [35m[1mConsolidate compiler generated dependencies of target test_node_startup[0m
[1.306s] [ 86%] Built target test_number_cls
[1.318s] [100%] Built target test_node_startup
[1.337s] Invoked command in '/home/ywag/ros_ws/build/armor_detector' returned '0': CMAKE_PREFIX_PATH=/home/ywag/ros_ws/install/auto_aim_interfaces:/home/ywag/ros_ws/install/rm_vision_bringup:/home/ywag/ros_ws/install/rm_serial_driver:/home/ywag/ros_ws/install/rm_gimbal_description:/home/ywag/ros_ws/install/mindvision_camera:/home/ywag/ros_ws/install/hik_camera:/home/ywag/ros_ws/install/ballistic_solver:/home/ywag/ros_ws/install/armor_tracker:/home/ywag/ros_ws/install/armor_detector:/opt/ros/humble LD_LIBRARY_PATH=/home/ywag/ros_ws/install/auto_aim_interfaces/lib:/usr/local/lib:/usr/local/lib:/usr/local/lib:/usr/local/lib:/usr/local/lib:/usr/local/lib:/home/ywag/ros_ws/install/rm_serial_driver/lib:/home/ywag/ros_ws/install/mindvision_camera/lib:/home/ywag/ros_ws/install/hik_camera/lib:/home/ywag/ros_ws/install/armor_tracker/lib:/home/ywag/ros_ws/install/armor_detector/lib:/opt/ros/humble/opt/rviz_ogre_vendor/lib:/opt/ros/humble/lib/x86_64-linux-gnu:/opt/ros/humble/lib /usr/bin/cmake --build /home/ywag/ros_ws/build/armor_detector -- -j2 -l2
[1.341s] Invoking command in '/home/ywag/ros_ws/build/armor_detector': CMAKE_PREFIX_PATH=/home/ywag/ros_ws/install/auto_aim_interfaces:/home/ywag/ros_ws/install/rm_vision_bringup:/home/ywag/ros_ws/install/rm_serial_driver:/home/ywag/ros_ws/install/rm_gimbal_description:/home/ywag/ros_ws/install/mindvision_camera:/home/ywag/ros_ws/install/hik_camera:/home/ywag/ros_ws/install/ballistic_solver:/home/ywag/ros_ws/install/armor_tracker:/home/ywag/ros_ws/install/armor_detector:/opt/ros/humble LD_LIBRARY_PATH=/home/ywag/ros_ws/install/auto_aim_interfaces/lib:/usr/local/lib:/usr/local/lib:/usr/local/lib:/usr/local/lib:/usr/local/lib:/usr/local/lib:/home/ywag/ros_ws/install/rm_serial_driver/lib:/home/ywag/ros_ws/install/mindvision_camera/lib:/home/ywag/ros_ws/install/hik_camera/lib:/home/ywag/ros_ws/install/armor_tracker/lib:/home/ywag/ros_ws/install/armor_detector/lib:/opt/ros/humble/opt/rviz_ogre_vendor/lib:/opt/ros/humble/lib/x86_64-linux-gnu:/opt/ros/humble/lib /usr/bin/cmake --install /home/ywag/ros_ws/build/armor_detector
[1.348s] -- Install configuration: ""
[1.349s] -- Execute custom install script
[1.349s] -- Up-to-date symlink: /home/ywag/ros_ws/install/armor_detector/lib/armor_detector/armor_detector_node
[1.350s] -- Symlinking: /home/ywag/ros_ws/install/armor_detector/share/armor_detector/launch/armor_detector.launch.py
[1.357s] -- Up-to-date symlink: /home/ywag/ros_ws/install/armor_detector/include/armor_detector/armor.hpp
[1.357s] -- Up-to-date symlink: /home/ywag/ros_ws/install/armor_detector/include/armor_detector/detector.hpp
[1.357s] -- Up-to-date symlink: /home/ywag/ros_ws/install/armor_detector/include/armor_detector/detector_node.hpp
[1.358s] -- Up-to-date symlink: /home/ywag/ros_ws/install/armor_detector/include/armor_detector/number_classifier.hpp
[1.358s] -- Up-to-date symlink: /home/ywag/ros_ws/install/armor_detector/include/armor_detector/pnp_solver.hpp
[1.358s] -- Up-to-date symlink: /home/ywag/ros_ws/install/armor_detector/share/armor_detector/environment/library_path.sh
[1.358s] -- Up-to-date symlink: /home/ywag/ros_ws/install/armor_detector/share/armor_detector/environment/library_path.dsv
[1.359s] -- Up-to-date symlink: /home/ywag/ros_ws/install/armor_detector/lib/libarmor_detector.so
[1.359s] -- Up-to-date symlink: /home/ywag/ros_ws/install/armor_detector/share/armor_detector/model/label.txt
[1.360s] -- Up-to-date symlink: /home/ywag/ros_ws/install/armor_detector/share/armor_detector/model/mlp.onnx
[1.363s] -- Up-to-date symlink: /home/ywag/ros_ws/install/armor_detector/share/ament_index/resource_index/package_run_dependencies/armor_detector
[1.363s] -- Up-to-date symlink: /home/ywag/ros_ws/install/armor_detector/share/ament_index/resource_index/parent_prefix_path/armor_detector
[1.363s] -- Up-to-date symlink: /home/ywag/ros_ws/install/armor_detector/share/armor_detector/environment/ament_prefix_path.sh
[1.363s] -- Up-to-date symlink: /home/ywag/ros_ws/install/armor_detector/share/armor_detector/environment/ament_prefix_path.dsv
[1.363s] -- Up-to-date symlink: /home/ywag/ros_ws/install/armor_detector/share/armor_detector/environment/path.sh
[1.363s] -- Up-to-date symlink: /home/ywag/ros_ws/install/armor_detector/share/armor_detector/environment/path.dsv
[1.363s] -- Up-to-date symlink: /home/ywag/ros_ws/install/armor_detector/share/armor_detector/local_setup.bash
[1.363s] -- Up-to-date symlink: /home/ywag/ros_ws/install/armor_detector/share/armor_detector/local_setup.sh
[1.363s] -- Up-to-date symlink: /home/ywag/ros_ws/install/armor_detector/share/armor_detector/local_setup.zsh
[1.363s] -- Up-to-date symlink: /home/ywag/ros_ws/install/armor_detector/share/armor_detector/local_setup.dsv
[1.363s] -- Symlinking: /home/ywag/ros_ws/install/armor_detector/share/armor_detector/package.dsv
[1.376s] -- Up-to-date symlink: /home/ywag/ros_ws/install/armor_detector/share/ament_index/resource_index/packages/armor_detector
[1.377s] -- Up-to-date symlink: /home/ywag/ros_ws/install/armor_detector/share/ament_index/resource_index/rclcpp_components/armor_detector
[1.377s] -- Up-to-date symlink: /home/ywag/ros_ws/install/armor_detector/share/armor_detector/cmake/ament_cmake_export_dependencies-extras.cmake
[1.377s] -- Up-to-date symlink: /home/ywag/ros_ws/install/armor_detector/share/armor_detector/cmake/ament_cmake_export_include_directories-extras.cmake
[1.377s] -- Up-to-date symlink: /home/ywag/ros_ws/install/armor_detector/share/armor_detector/cmake/ament_cmake_export_libraries-extras.cmake
[1.377s] -- Up-to-date symlink: /home/ywag/ros_ws/install/armor_detector/share/armor_detector/cmake/armor_detectorConfig.cmake
[1.377s] -- Up-to-date symlink: /home/ywag/ros_ws/install/armor_detector/share/armor_detector/cmake/armor_detectorConfig-version.cmake
[1.378s] -- Up-to-date symlink: /home/ywag/ros_ws/install/armor_detector/share/armor_detector/package.xml
[1.379s] Invoked command in '/home/ywag/ros_ws/build/armor_detector' returned '0': CMAKE_PREFIX_PATH=/home/ywag/ros_ws/install/auto_aim_interfaces:/home/ywag/ros_ws/install/rm_vision_bringup:/home/ywag/ros_ws/install/rm_serial_driver:/home/ywag/ros_ws/install/rm_gimbal_description:/home/ywag/ros_ws/install/mindvision_camera:/home/ywag/ros_ws/install/hik_camera:/home/ywag/ros_ws/install/ballistic_solver:/home/ywag/ros_ws/install/armor_tracker:/home/ywag/ros_ws/install/armor_detector:/opt/ros/humble LD_LIBRARY_PATH=/home/ywag/ros_ws/install/auto_aim_interfaces/lib:/usr/local/lib:/usr/local/lib:/usr/local/lib:/usr/local/lib:/usr/local/lib:/usr/local/lib:/home/ywag/ros_ws/install/rm_serial_driver/lib:/home/ywag/ros_ws/install/mindvision_camera/lib:/home/ywag/ros_ws/install/hik_camera/lib:/home/ywag/ros_ws/install/armor_tracker/lib:/home/ywag/ros_ws/install/armor_detector/lib:/opt/ros/humble/opt/rviz_ogre_vendor/lib:/opt/ros/humble/lib/x86_64-linux-gnu:/opt/ros/humble/lib /usr/bin/cmake --install /home/ywag/ros_ws/build/armor_detector
