[0.011s] Invoking command in '/home/ywag/ros_ws/build/auto_aim_interfaces': CMAKE_PREFIX_PATH=${CMAKE_PREFIX_PATH}:/opt/ros/humble /usr/bin/cmake --build /home/ywag/ros_ws/build/auto_aim_interfaces -- -j2 -l2
[0.138s] [  1%] Built target auto_aim_interfaces__cpp
[0.177s] [ 12%] Built target auto_aim_interfaces__rosidl_generator_c
[0.221s] [ 12%] Built target ament_cmake_python_symlink_auto_aim_interfaces
[0.260s] [ 24%] Built target auto_aim_interfaces__rosidl_typesupport_cpp
[0.301s] [ 35%] Built target auto_aim_interfaces__rosidl_typesupport_fastrtps_c
[0.340s] [ 47%] Built target auto_aim_interfaces__rosidl_typesupport_introspection_c
[0.365s] [ 58%] Built target auto_aim_interfaces__rosidl_typesupport_c
[0.402s] [ 70%] Built target auto_aim_interfaces__rosidl_typesupport_fastrtps_cpp
[0.446s] [ 82%] Built target auto_aim_interfaces__rosidl_typesupport_introspection_cpp
[0.690s] running egg_info
[0.691s] writing auto_aim_interfaces.egg-info/PKG-INFO
[0.692s] writing dependency_links to auto_aim_interfaces.egg-info/dependency_links.txt
[0.692s] writing top-level names to auto_aim_interfaces.egg-info/top_level.txt
[0.694s] reading manifest file 'auto_aim_interfaces.egg-info/SOURCES.txt'
[0.695s] writing manifest file 'auto_aim_interfaces.egg-info/SOURCES.txt'
[0.718s] [ 82%] Built target ament_cmake_python_build_auto_aim_interfaces_egg
[0.748s] [ 82%] Built target auto_aim_interfaces
[0.770s] [ 83%] Built target auto_aim_interfaces__py
[0.794s] [ 93%] Built target auto_aim_interfaces__rosidl_generator_py
[0.824s] [ 95%] Built target auto_aim_interfaces__rosidl_typesupport_fastrtps_c__pyext
[0.848s] [ 97%] Built target auto_aim_interfaces__rosidl_typesupport_introspection_c__pyext
[0.879s] [100%] Built target auto_aim_interfaces__rosidl_typesupport_c__pyext
[0.894s] Invoked command in '/home/ywag/ros_ws/build/auto_aim_interfaces' returned '0': CMAKE_PREFIX_PATH=${CMAKE_PREFIX_PATH}:/opt/ros/humble /usr/bin/cmake --build /home/ywag/ros_ws/build/auto_aim_interfaces -- -j2 -l2
[0.897s] Invoking command in '/home/ywag/ros_ws/build/auto_aim_interfaces': CMAKE_PREFIX_PATH=${CMAKE_PREFIX_PATH}:/opt/ros/humble /usr/bin/cmake --install /home/ywag/ros_ws/build/auto_aim_interfaces
[0.905s] -- Install configuration: ""
[0.906s] -- Execute custom install script
[0.906s] -- Up-to-date symlink: /home/ywag/ros_ws/install/auto_aim_interfaces/share/ament_index/resource_index/rosidl_interfaces/auto_aim_interfaces
[0.908s] -- Up-to-date symlink: /home/ywag/ros_ws/install/auto_aim_interfaces/include/auto_aim_interfaces/auto_aim_interfaces/msg/armor.h
[0.908s] -- Up-to-date symlink: /home/ywag/ros_ws/install/auto_aim_interfaces/include/auto_aim_interfaces/auto_aim_interfaces/msg/armors.h
[0.908s] -- Up-to-date symlink: /home/ywag/ros_ws/install/auto_aim_interfaces/include/auto_aim_interfaces/auto_aim_interfaces/msg/debug_armor.h
[0.908s] -- Up-to-date symlink: /home/ywag/ros_ws/install/auto_aim_interfaces/include/auto_aim_interfaces/auto_aim_interfaces/msg/debug_armors.h
[0.909s] -- Up-to-date symlink: /home/ywag/ros_ws/install/auto_aim_interfaces/include/auto_aim_interfaces/auto_aim_interfaces/msg/debug_light.h
[0.909s] -- Up-to-date symlink: /home/ywag/ros_ws/install/auto_aim_interfaces/include/auto_aim_interfaces/auto_aim_interfaces/msg/debug_lights.h
[0.909s] -- Up-to-date symlink: /home/ywag/ros_ws/install/auto_aim_interfaces/include/auto_aim_interfaces/auto_aim_interfaces/msg/detail/armor__functions.h
[0.909s] -- Up-to-date symlink: /home/ywag/ros_ws/install/auto_aim_interfaces/include/auto_aim_interfaces/auto_aim_interfaces/msg/detail/armor__struct.h
[0.909s] -- Up-to-date symlink: /home/ywag/ros_ws/install/auto_aim_interfaces/include/auto_aim_interfaces/auto_aim_interfaces/msg/detail/armor__type_support.h
[0.909s] -- Up-to-date symlink: /home/ywag/ros_ws/install/auto_aim_interfaces/include/auto_aim_interfaces/auto_aim_interfaces/msg/detail/armors__functions.h
[0.909s] -- Up-to-date symlink: /home/ywag/ros_ws/install/auto_aim_interfaces/include/auto_aim_interfaces/auto_aim_interfaces/msg/detail/armors__struct.h
[0.910s] -- Up-to-date symlink: /home/ywag/ros_ws/install/auto_aim_interfaces/include/auto_aim_interfaces/auto_aim_interfaces/msg/detail/armors__type_support.h
[0.910s] -- Up-to-date symlink: /home/ywag/ros_ws/install/auto_aim_interfaces/include/auto_aim_interfaces/auto_aim_interfaces/msg/detail/debug_armor__functions.h
[0.910s] -- Up-to-date symlink: /home/ywag/ros_ws/install/auto_aim_interfaces/include/auto_aim_interfaces/auto_aim_interfaces/msg/detail/debug_armor__struct.h
[0.910s] -- Up-to-date symlink: /home/ywag/ros_ws/install/auto_aim_interfaces/include/auto_aim_interfaces/auto_aim_interfaces/msg/detail/debug_armor__type_support.h
[0.910s] -- Up-to-date symlink: /home/ywag/ros_ws/install/auto_aim_interfaces/include/auto_aim_interfaces/auto_aim_interfaces/msg/detail/debug_armors__functions.h
[0.910s] -- Up-to-date symlink: /home/ywag/ros_ws/install/auto_aim_interfaces/include/auto_aim_interfaces/auto_aim_interfaces/msg/detail/debug_armors__struct.h
[0.911s] -- Up-to-date symlink: /home/ywag/ros_ws/install/auto_aim_interfaces/include/auto_aim_interfaces/auto_aim_interfaces/msg/detail/debug_armors__type_support.h
[0.911s] -- Up-to-date symlink: /home/ywag/ros_ws/install/auto_aim_interfaces/include/auto_aim_interfaces/auto_aim_interfaces/msg/detail/debug_light__functions.h
[0.912s] -- Up-to-date symlink: /home/ywag/ros_ws/install/auto_aim_interfaces/include/auto_aim_interfaces/auto_aim_interfaces/msg/detail/debug_light__struct.h
[0.912s] -- Up-to-date symlink: /home/ywag/ros_ws/install/auto_aim_interfaces/include/auto_aim_interfaces/auto_aim_interfaces/msg/detail/debug_light__type_support.h
[0.912s] -- Up-to-date symlink: /home/ywag/ros_ws/install/auto_aim_interfaces/include/auto_aim_interfaces/auto_aim_interfaces/msg/detail/debug_lights__functions.h
[0.912s] -- Up-to-date symlink: /home/ywag/ros_ws/install/auto_aim_interfaces/include/auto_aim_interfaces/auto_aim_interfaces/msg/detail/debug_lights__struct.h
[0.912s] -- Up-to-date symlink: /home/ywag/ros_ws/install/auto_aim_interfaces/include/auto_aim_interfaces/auto_aim_interfaces/msg/detail/debug_lights__type_support.h
[0.912s] -- Up-to-date symlink: /home/ywag/ros_ws/install/auto_aim_interfaces/include/auto_aim_interfaces/auto_aim_interfaces/msg/detail/fire_command__functions.h
[0.912s] -- Up-to-date symlink: /home/ywag/ros_ws/install/auto_aim_interfaces/include/auto_aim_interfaces/auto_aim_interfaces/msg/detail/fire_command__struct.h
[0.912s] -- Up-to-date symlink: /home/ywag/ros_ws/install/auto_aim_interfaces/include/auto_aim_interfaces/auto_aim_interfaces/msg/detail/fire_command__type_support.h
[0.912s] -- Up-to-date symlink: /home/ywag/ros_ws/install/auto_aim_interfaces/include/auto_aim_interfaces/auto_aim_interfaces/msg/detail/target__functions.h
[0.912s] -- Up-to-date symlink: /home/ywag/ros_ws/install/auto_aim_interfaces/include/auto_aim_interfaces/auto_aim_interfaces/msg/detail/target__struct.h
[0.913s] -- Up-to-date symlink: /home/ywag/ros_ws/install/auto_aim_interfaces/include/auto_aim_interfaces/auto_aim_interfaces/msg/detail/target__type_support.h
[0.913s] -- Up-to-date symlink: /home/ywag/ros_ws/install/auto_aim_interfaces/include/auto_aim_interfaces/auto_aim_interfaces/msg/detail/tracker_info__functions.h
[0.913s] -- Up-to-date symlink: /home/ywag/ros_ws/install/auto_aim_interfaces/include/auto_aim_interfaces/auto_aim_interfaces/msg/detail/tracker_info__struct.h
[0.913s] -- Up-to-date symlink: /home/ywag/ros_ws/install/auto_aim_interfaces/include/auto_aim_interfaces/auto_aim_interfaces/msg/detail/tracker_info__type_support.h
[0.913s] -- Up-to-date symlink: /home/ywag/ros_ws/install/auto_aim_interfaces/include/auto_aim_interfaces/auto_aim_interfaces/msg/fire_command.h
[0.914s] -- Up-to-date symlink: /home/ywag/ros_ws/install/auto_aim_interfaces/include/auto_aim_interfaces/auto_aim_interfaces/msg/rosidl_generator_c__visibility_control.h
[0.914s] -- Up-to-date symlink: /home/ywag/ros_ws/install/auto_aim_interfaces/include/auto_aim_interfaces/auto_aim_interfaces/msg/target.h
[0.914s] -- Up-to-date symlink: /home/ywag/ros_ws/install/auto_aim_interfaces/include/auto_aim_interfaces/auto_aim_interfaces/msg/tracker_info.h
[0.914s] -- Up-to-date symlink: /home/ywag/ros_ws/install/auto_aim_interfaces/share/auto_aim_interfaces/environment/library_path.sh
[0.914s] -- Up-to-date symlink: /home/ywag/ros_ws/install/auto_aim_interfaces/share/auto_aim_interfaces/environment/library_path.dsv
[0.916s] -- Up-to-date symlink: /home/ywag/ros_ws/install/auto_aim_interfaces/include/auto_aim_interfaces/auto_aim_interfaces/msg/detail/armor__rosidl_typesupport_fastrtps_c.h
[0.916s] -- Up-to-date symlink: /home/ywag/ros_ws/install/auto_aim_interfaces/include/auto_aim_interfaces/auto_aim_interfaces/msg/detail/armors__rosidl_typesupport_fastrtps_c.h
[0.916s] -- Up-to-date symlink: /home/ywag/ros_ws/install/auto_aim_interfaces/include/auto_aim_interfaces/auto_aim_interfaces/msg/detail/debug_armor__rosidl_typesupport_fastrtps_c.h
[0.916s] -- Up-to-date symlink: /home/ywag/ros_ws/install/auto_aim_interfaces/include/auto_aim_interfaces/auto_aim_interfaces/msg/detail/debug_armors__rosidl_typesupport_fastrtps_c.h
[0.916s] -- Up-to-date symlink: /home/ywag/ros_ws/install/auto_aim_interfaces/include/auto_aim_interfaces/auto_aim_interfaces/msg/detail/debug_light__rosidl_typesupport_fastrtps_c.h
[0.916s] -- Up-to-date symlink: /home/ywag/ros_ws/install/auto_aim_interfaces/include/auto_aim_interfaces/auto_aim_interfaces/msg/detail/debug_lights__rosidl_typesupport_fastrtps_c.h
[0.916s] -- Up-to-date symlink: /home/ywag/ros_ws/install/auto_aim_interfaces/include/auto_aim_interfaces/auto_aim_interfaces/msg/detail/fire_command__rosidl_typesupport_fastrtps_c.h
[0.916s] -- Up-to-date symlink: /home/ywag/ros_ws/install/auto_aim_interfaces/include/auto_aim_interfaces/auto_aim_interfaces/msg/detail/target__rosidl_typesupport_fastrtps_c.h
[0.917s] -- Up-to-date symlink: /home/ywag/ros_ws/install/auto_aim_interfaces/include/auto_aim_interfaces/auto_aim_interfaces/msg/detail/tracker_info__rosidl_typesupport_fastrtps_c.h
[0.917s] -- Up-to-date symlink: /home/ywag/ros_ws/install/auto_aim_interfaces/include/auto_aim_interfaces/auto_aim_interfaces/msg/rosidl_typesupport_fastrtps_c__visibility_control.h
[0.917s] -- Up-to-date symlink: /home/ywag/ros_ws/install/auto_aim_interfaces/include/auto_aim_interfaces/auto_aim_interfaces/msg/detail/armor__rosidl_typesupport_introspection_c.h
[0.917s] -- Up-to-date symlink: /home/ywag/ros_ws/install/auto_aim_interfaces/include/auto_aim_interfaces/auto_aim_interfaces/msg/detail/armors__rosidl_typesupport_introspection_c.h
[0.917s] -- Up-to-date symlink: /home/ywag/ros_ws/install/auto_aim_interfaces/include/auto_aim_interfaces/auto_aim_interfaces/msg/detail/debug_armor__rosidl_typesupport_introspection_c.h
[0.918s] -- Up-to-date symlink: /home/ywag/ros_ws/install/auto_aim_interfaces/include/auto_aim_interfaces/auto_aim_interfaces/msg/detail/debug_armors__rosidl_typesupport_introspection_c.h
[0.918s] -- Up-to-date symlink: /home/ywag/ros_ws/install/auto_aim_interfaces/include/auto_aim_interfaces/auto_aim_interfaces/msg/detail/debug_light__rosidl_typesupport_introspection_c.h
[0.918s] -- Up-to-date symlink: /home/ywag/ros_ws/install/auto_aim_interfaces/include/auto_aim_interfaces/auto_aim_interfaces/msg/detail/debug_lights__rosidl_typesupport_introspection_c.h
[0.918s] -- Up-to-date symlink: /home/ywag/ros_ws/install/auto_aim_interfaces/include/auto_aim_interfaces/auto_aim_interfaces/msg/detail/fire_command__rosidl_typesupport_introspection_c.h
[0.918s] -- Up-to-date symlink: /home/ywag/ros_ws/install/auto_aim_interfaces/include/auto_aim_interfaces/auto_aim_interfaces/msg/detail/target__rosidl_typesupport_introspection_c.h
[0.919s] -- Up-to-date symlink: /home/ywag/ros_ws/install/auto_aim_interfaces/include/auto_aim_interfaces/auto_aim_interfaces/msg/detail/tracker_info__rosidl_typesupport_introspection_c.h
[0.919s] -- Up-to-date symlink: /home/ywag/ros_ws/install/auto_aim_interfaces/include/auto_aim_interfaces/auto_aim_interfaces/msg/rosidl_typesupport_introspection_c__visibility_control.h
[0.920s] -- Up-to-date symlink: /home/ywag/ros_ws/install/auto_aim_interfaces/include/auto_aim_interfaces/auto_aim_interfaces/msg/armor.hpp
[0.920s] -- Up-to-date symlink: /home/ywag/ros_ws/install/auto_aim_interfaces/include/auto_aim_interfaces/auto_aim_interfaces/msg/armors.hpp
[0.920s] -- Up-to-date symlink: /home/ywag/ros_ws/install/auto_aim_interfaces/include/auto_aim_interfaces/auto_aim_interfaces/msg/debug_armor.hpp
[0.921s] -- Up-to-date symlink: /home/ywag/ros_ws/install/auto_aim_interfaces/include/auto_aim_interfaces/auto_aim_interfaces/msg/debug_armors.hpp
[0.921s] -- Up-to-date symlink: /home/ywag/ros_ws/install/auto_aim_interfaces/include/auto_aim_interfaces/auto_aim_interfaces/msg/debug_light.hpp
[0.921s] -- Up-to-date symlink: /home/ywag/ros_ws/install/auto_aim_interfaces/include/auto_aim_interfaces/auto_aim_interfaces/msg/debug_lights.hpp
[0.922s] -- Up-to-date symlink: /home/ywag/ros_ws/install/auto_aim_interfaces/include/auto_aim_interfaces/auto_aim_interfaces/msg/detail/armor__builder.hpp
[0.922s] -- Up-to-date symlink: /home/ywag/ros_ws/install/auto_aim_interfaces/include/auto_aim_interfaces/auto_aim_interfaces/msg/detail/armor__struct.hpp
[0.922s] -- Up-to-date symlink: /home/ywag/ros_ws/install/auto_aim_interfaces/include/auto_aim_interfaces/auto_aim_interfaces/msg/detail/armor__traits.hpp
[0.922s] -- Up-to-date symlink: /home/ywag/ros_ws/install/auto_aim_interfaces/include/auto_aim_interfaces/auto_aim_interfaces/msg/detail/armor__type_support.hpp
[0.922s] -- Up-to-date symlink: /home/ywag/ros_ws/install/auto_aim_interfaces/include/auto_aim_interfaces/auto_aim_interfaces/msg/detail/armors__builder.hpp
[0.922s] -- Up-to-date symlink: /home/ywag/ros_ws/install/auto_aim_interfaces/include/auto_aim_interfaces/auto_aim_interfaces/msg/detail/armors__struct.hpp
[0.923s] -- Up-to-date symlink: /home/ywag/ros_ws/install/auto_aim_interfaces/include/auto_aim_interfaces/auto_aim_interfaces/msg/detail/armors__traits.hpp
[0.923s] -- Up-to-date symlink: /home/ywag/ros_ws/install/auto_aim_interfaces/include/auto_aim_interfaces/auto_aim_interfaces/msg/detail/armors__type_support.hpp
[0.923s] -- Up-to-date symlink: /home/ywag/ros_ws/install/auto_aim_interfaces/include/auto_aim_interfaces/auto_aim_interfaces/msg/detail/debug_armor__builder.hpp
[0.923s] -- Up-to-date symlink: /home/ywag/ros_ws/install/auto_aim_interfaces/include/auto_aim_interfaces/auto_aim_interfaces/msg/detail/debug_armor__struct.hpp
[0.923s] -- Up-to-date symlink: /home/ywag/ros_ws/install/auto_aim_interfaces/include/auto_aim_interfaces/auto_aim_interfaces/msg/detail/debug_armor__traits.hpp
[0.923s] -- Up-to-date symlink: /home/ywag/ros_ws/install/auto_aim_interfaces/include/auto_aim_interfaces/auto_aim_interfaces/msg/detail/debug_armor__type_support.hpp
[0.923s] -- Up-to-date symlink: /home/ywag/ros_ws/install/auto_aim_interfaces/include/auto_aim_interfaces/auto_aim_interfaces/msg/detail/debug_armors__builder.hpp
[0.924s] -- Up-to-date symlink: /home/ywag/ros_ws/install/auto_aim_interfaces/include/auto_aim_interfaces/auto_aim_interfaces/msg/detail/debug_armors__struct.hpp
[0.924s] -- Up-to-date symlink: /home/ywag/ros_ws/install/auto_aim_interfaces/include/auto_aim_interfaces/auto_aim_interfaces/msg/detail/debug_armors__traits.hpp
[0.924s] -- Up-to-date symlink: /home/ywag/ros_ws/install/auto_aim_interfaces/include/auto_aim_interfaces/auto_aim_interfaces/msg/detail/debug_armors__type_support.hpp
[0.924s] -- Up-to-date symlink: /home/ywag/ros_ws/install/auto_aim_interfaces/include/auto_aim_interfaces/auto_aim_interfaces/msg/detail/debug_light__builder.hpp
[0.924s] -- Up-to-date symlink: /home/ywag/ros_ws/install/auto_aim_interfaces/include/auto_aim_interfaces/auto_aim_interfaces/msg/detail/debug_light__struct.hpp
[0.926s] -- Up-to-date symlink: /home/ywag/ros_ws/install/auto_aim_interfaces/include/auto_aim_interfaces/auto_aim_interfaces/msg/detail/debug_light__traits.hpp
[0.926s] -- Up-to-date symlink: /home/ywag/ros_ws/install/auto_aim_interfaces/include/auto_aim_interfaces/auto_aim_interfaces/msg/detail/debug_light__type_support.hpp
[0.926s] -- Up-to-date symlink: /home/ywag/ros_ws/install/auto_aim_interfaces/include/auto_aim_interfaces/auto_aim_interfaces/msg/detail/debug_lights__builder.hpp
[0.926s] -- Up-to-date symlink: /home/ywag/ros_ws/install/auto_aim_interfaces/include/auto_aim_interfaces/auto_aim_interfaces/msg/detail/debug_lights__struct.hpp
[0.926s] -- Up-to-date symlink: /home/ywag/ros_ws/install/auto_aim_interfaces/include/auto_aim_interfaces/auto_aim_interfaces/msg/detail/debug_lights__traits.hpp
[0.926s] -- Up-to-date symlink: /home/ywag/ros_ws/install/auto_aim_interfaces/include/auto_aim_interfaces/auto_aim_interfaces/msg/detail/debug_lights__type_support.hpp
[0.927s] -- Up-to-date symlink: /home/ywag/ros_ws/install/auto_aim_interfaces/include/auto_aim_interfaces/auto_aim_interfaces/msg/detail/fire_command__builder.hpp
[0.927s] -- Up-to-date symlink: /home/ywag/ros_ws/install/auto_aim_interfaces/include/auto_aim_interfaces/auto_aim_interfaces/msg/detail/fire_command__struct.hpp
[0.927s] -- Up-to-date symlink: /home/ywag/ros_ws/install/auto_aim_interfaces/include/auto_aim_interfaces/auto_aim_interfaces/msg/detail/fire_command__traits.hpp
[0.927s] -- Up-to-date symlink: /home/ywag/ros_ws/install/auto_aim_interfaces/include/auto_aim_interfaces/auto_aim_interfaces/msg/detail/fire_command__type_support.hpp
[0.927s] -- Up-to-date symlink: /home/ywag/ros_ws/install/auto_aim_interfaces/include/auto_aim_interfaces/auto_aim_interfaces/msg/detail/target__builder.hpp
[0.927s] -- Up-to-date symlink: /home/ywag/ros_ws/install/auto_aim_interfaces/include/auto_aim_interfaces/auto_aim_interfaces/msg/detail/target__struct.hpp
[0.927s] -- Up-to-date symlink: /home/ywag/ros_ws/install/auto_aim_interfaces/include/auto_aim_interfaces/auto_aim_interfaces/msg/detail/target__traits.hpp
[0.927s] -- Up-to-date symlink: /home/ywag/ros_ws/install/auto_aim_interfaces/include/auto_aim_interfaces/auto_aim_interfaces/msg/detail/target__type_support.hpp
[0.927s] -- Up-to-date symlink: /home/ywag/ros_ws/install/auto_aim_interfaces/include/auto_aim_interfaces/auto_aim_interfaces/msg/detail/tracker_info__builder.hpp
[0.927s] -- Up-to-date symlink: /home/ywag/ros_ws/install/auto_aim_interfaces/include/auto_aim_interfaces/auto_aim_interfaces/msg/detail/tracker_info__struct.hpp
[0.927s] -- Up-to-date symlink: /home/ywag/ros_ws/install/auto_aim_interfaces/include/auto_aim_interfaces/auto_aim_interfaces/msg/detail/tracker_info__traits.hpp
[0.927s] -- Up-to-date symlink: /home/ywag/ros_ws/install/auto_aim_interfaces/include/auto_aim_interfaces/auto_aim_interfaces/msg/detail/tracker_info__type_support.hpp
[0.927s] -- Up-to-date symlink: /home/ywag/ros_ws/install/auto_aim_interfaces/include/auto_aim_interfaces/auto_aim_interfaces/msg/fire_command.hpp
[0.927s] -- Up-to-date symlink: /home/ywag/ros_ws/install/auto_aim_interfaces/include/auto_aim_interfaces/auto_aim_interfaces/msg/rosidl_generator_cpp__visibility_control.hpp
[0.927s] -- Up-to-date symlink: /home/ywag/ros_ws/install/auto_aim_interfaces/include/auto_aim_interfaces/auto_aim_interfaces/msg/target.hpp
[0.928s] -- Up-to-date symlink: /home/ywag/ros_ws/install/auto_aim_interfaces/include/auto_aim_interfaces/auto_aim_interfaces/msg/tracker_info.hpp
[0.929s] -- Up-to-date symlink: /home/ywag/ros_ws/install/auto_aim_interfaces/include/auto_aim_interfaces/auto_aim_interfaces/msg/detail/armor__rosidl_typesupport_fastrtps_cpp.hpp
[0.929s] -- Up-to-date symlink: /home/ywag/ros_ws/install/auto_aim_interfaces/include/auto_aim_interfaces/auto_aim_interfaces/msg/detail/armors__rosidl_typesupport_fastrtps_cpp.hpp
[0.929s] -- Up-to-date symlink: /home/ywag/ros_ws/install/auto_aim_interfaces/include/auto_aim_interfaces/auto_aim_interfaces/msg/detail/debug_armor__rosidl_typesupport_fastrtps_cpp.hpp
[0.929s] -- Up-to-date symlink: /home/ywag/ros_ws/install/auto_aim_interfaces/include/auto_aim_interfaces/auto_aim_interfaces/msg/detail/debug_armors__rosidl_typesupport_fastrtps_cpp.hpp
[0.929s] -- Up-to-date symlink: /home/ywag/ros_ws/install/auto_aim_interfaces/include/auto_aim_interfaces/auto_aim_interfaces/msg/detail/debug_light__rosidl_typesupport_fastrtps_cpp.hpp
[0.929s] -- Up-to-date symlink: /home/ywag/ros_ws/install/auto_aim_interfaces/include/auto_aim_interfaces/auto_aim_interfaces/msg/detail/debug_lights__rosidl_typesupport_fastrtps_cpp.hpp
[0.929s] -- Up-to-date symlink: /home/ywag/ros_ws/install/auto_aim_interfaces/include/auto_aim_interfaces/auto_aim_interfaces/msg/detail/fire_command__rosidl_typesupport_fastrtps_cpp.hpp
[0.930s] -- Up-to-date symlink: /home/ywag/ros_ws/install/auto_aim_interfaces/include/auto_aim_interfaces/auto_aim_interfaces/msg/detail/target__rosidl_typesupport_fastrtps_cpp.hpp
[0.930s] -- Up-to-date symlink: /home/ywag/ros_ws/install/auto_aim_interfaces/include/auto_aim_interfaces/auto_aim_interfaces/msg/detail/tracker_info__rosidl_typesupport_fastrtps_cpp.hpp
[0.930s] -- Up-to-date symlink: /home/ywag/ros_ws/install/auto_aim_interfaces/include/auto_aim_interfaces/auto_aim_interfaces/msg/rosidl_typesupport_fastrtps_cpp__visibility_control.h
[0.931s] -- Up-to-date symlink: /home/ywag/ros_ws/install/auto_aim_interfaces/include/auto_aim_interfaces/auto_aim_interfaces/msg/detail/armor__rosidl_typesupport_introspection_cpp.hpp
[0.931s] -- Up-to-date symlink: /home/ywag/ros_ws/install/auto_aim_interfaces/include/auto_aim_interfaces/auto_aim_interfaces/msg/detail/armors__rosidl_typesupport_introspection_cpp.hpp
[0.931s] -- Up-to-date symlink: /home/ywag/ros_ws/install/auto_aim_interfaces/include/auto_aim_interfaces/auto_aim_interfaces/msg/detail/debug_armor__rosidl_typesupport_introspection_cpp.hpp
[0.931s] -- Up-to-date symlink: /home/ywag/ros_ws/install/auto_aim_interfaces/include/auto_aim_interfaces/auto_aim_interfaces/msg/detail/debug_armors__rosidl_typesupport_introspection_cpp.hpp
[0.932s] -- Up-to-date symlink: /home/ywag/ros_ws/install/auto_aim_interfaces/include/auto_aim_interfaces/auto_aim_interfaces/msg/detail/debug_light__rosidl_typesupport_introspection_cpp.hpp
[0.932s] -- Up-to-date symlink: /home/ywag/ros_ws/install/auto_aim_interfaces/include/auto_aim_interfaces/auto_aim_interfaces/msg/detail/debug_lights__rosidl_typesupport_introspection_cpp.hpp
[0.933s] -- Up-to-date symlink: /home/ywag/ros_ws/install/auto_aim_interfaces/include/auto_aim_interfaces/auto_aim_interfaces/msg/detail/fire_command__rosidl_typesupport_introspection_cpp.hpp
[0.933s] -- Up-to-date symlink: /home/ywag/ros_ws/install/auto_aim_interfaces/include/auto_aim_interfaces/auto_aim_interfaces/msg/detail/target__rosidl_typesupport_introspection_cpp.hpp
[0.933s] -- Up-to-date symlink: /home/ywag/ros_ws/install/auto_aim_interfaces/include/auto_aim_interfaces/auto_aim_interfaces/msg/detail/tracker_info__rosidl_typesupport_introspection_cpp.hpp
[0.933s] -- Up-to-date symlink: /home/ywag/ros_ws/install/auto_aim_interfaces/share/auto_aim_interfaces/environment/pythonpath.sh
[0.933s] -- Up-to-date symlink: /home/ywag/ros_ws/install/auto_aim_interfaces/share/auto_aim_interfaces/environment/pythonpath.dsv
[0.934s] -- Up-to-date symlink: /home/ywag/ros_ws/install/auto_aim_interfaces/local/lib/python3.10/dist-packages/auto_aim_interfaces-0.0.0-py3.10.egg-info/PKG-INFO
[0.935s] -- Up-to-date symlink: /home/ywag/ros_ws/install/auto_aim_interfaces/local/lib/python3.10/dist-packages/auto_aim_interfaces-0.0.0-py3.10.egg-info/SOURCES.txt
[0.935s] -- Up-to-date symlink: /home/ywag/ros_ws/install/auto_aim_interfaces/local/lib/python3.10/dist-packages/auto_aim_interfaces-0.0.0-py3.10.egg-info/dependency_links.txt
[0.935s] -- Up-to-date symlink: /home/ywag/ros_ws/install/auto_aim_interfaces/local/lib/python3.10/dist-packages/auto_aim_interfaces-0.0.0-py3.10.egg-info/top_level.txt
[0.935s] -- Up-to-date symlink: /home/ywag/ros_ws/install/auto_aim_interfaces/local/lib/python3.10/dist-packages/auto_aim_interfaces/__init__.py
[0.936s] -- Up-to-date symlink: /home/ywag/ros_ws/install/auto_aim_interfaces/local/lib/python3.10/dist-packages/auto_aim_interfaces/_auto_aim_interfaces_s.ep.rosidl_typesupport_c.c
[0.936s] -- Up-to-date symlink: /home/ywag/ros_ws/install/auto_aim_interfaces/local/lib/python3.10/dist-packages/auto_aim_interfaces/_auto_aim_interfaces_s.ep.rosidl_typesupport_fastrtps_c.c
[0.936s] -- Up-to-date symlink: /home/ywag/ros_ws/install/auto_aim_interfaces/local/lib/python3.10/dist-packages/auto_aim_interfaces/_auto_aim_interfaces_s.ep.rosidl_typesupport_introspection_c.c
[0.936s] -- Up-to-date symlink: /home/ywag/ros_ws/install/auto_aim_interfaces/local/lib/python3.10/dist-packages/auto_aim_interfaces/auto_aim_interfaces_s__rosidl_typesupport_c.cpython-310-x86_64-linux-gnu.so
[0.936s] -- Up-to-date symlink: /home/ywag/ros_ws/install/auto_aim_interfaces/local/lib/python3.10/dist-packages/auto_aim_interfaces/auto_aim_interfaces_s__rosidl_typesupport_fastrtps_c.cpython-310-x86_64-linux-gnu.so
[0.936s] -- Up-to-date symlink: /home/ywag/ros_ws/install/auto_aim_interfaces/local/lib/python3.10/dist-packages/auto_aim_interfaces/auto_aim_interfaces_s__rosidl_typesupport_introspection_c.cpython-310-x86_64-linux-gnu.so
[0.937s] -- Up-to-date symlink: /home/ywag/ros_ws/install/auto_aim_interfaces/local/lib/python3.10/dist-packages/auto_aim_interfaces/libauto_aim_interfaces__rosidl_generator_py.so
[0.937s] -- Up-to-date symlink: /home/ywag/ros_ws/install/auto_aim_interfaces/local/lib/python3.10/dist-packages/auto_aim_interfaces/msg/__init__.py
[0.937s] -- Up-to-date symlink: /home/ywag/ros_ws/install/auto_aim_interfaces/local/lib/python3.10/dist-packages/auto_aim_interfaces/msg/_armor.py
[0.937s] -- Up-to-date symlink: /home/ywag/ros_ws/install/auto_aim_interfaces/local/lib/python3.10/dist-packages/auto_aim_interfaces/msg/_armor_s.c
[0.937s] -- Up-to-date symlink: /home/ywag/ros_ws/install/auto_aim_interfaces/local/lib/python3.10/dist-packages/auto_aim_interfaces/msg/_armors.py
[0.937s] -- Up-to-date symlink: /home/ywag/ros_ws/install/auto_aim_interfaces/local/lib/python3.10/dist-packages/auto_aim_interfaces/msg/_armors_s.c
[0.938s] -- Up-to-date symlink: /home/ywag/ros_ws/install/auto_aim_interfaces/local/lib/python3.10/dist-packages/auto_aim_interfaces/msg/_debug_armor.py
[0.938s] -- Up-to-date symlink: /home/ywag/ros_ws/install/auto_aim_interfaces/local/lib/python3.10/dist-packages/auto_aim_interfaces/msg/_debug_armor_s.c
[0.938s] -- Up-to-date symlink: /home/ywag/ros_ws/install/auto_aim_interfaces/local/lib/python3.10/dist-packages/auto_aim_interfaces/msg/_debug_armors.py
[0.938s] -- Up-to-date symlink: /home/ywag/ros_ws/install/auto_aim_interfaces/local/lib/python3.10/dist-packages/auto_aim_interfaces/msg/_debug_armors_s.c
[0.938s] -- Up-to-date symlink: /home/ywag/ros_ws/install/auto_aim_interfaces/local/lib/python3.10/dist-packages/auto_aim_interfaces/msg/_debug_light.py
[0.938s] -- Up-to-date symlink: /home/ywag/ros_ws/install/auto_aim_interfaces/local/lib/python3.10/dist-packages/auto_aim_interfaces/msg/_debug_light_s.c
[0.938s] -- Up-to-date symlink: /home/ywag/ros_ws/install/auto_aim_interfaces/local/lib/python3.10/dist-packages/auto_aim_interfaces/msg/_debug_lights.py
[0.939s] -- Up-to-date symlink: /home/ywag/ros_ws/install/auto_aim_interfaces/local/lib/python3.10/dist-packages/auto_aim_interfaces/msg/_debug_lights_s.c
[0.939s] -- Up-to-date symlink: /home/ywag/ros_ws/install/auto_aim_interfaces/local/lib/python3.10/dist-packages/auto_aim_interfaces/msg/_fire_command.py
[0.939s] -- Up-to-date symlink: /home/ywag/ros_ws/install/auto_aim_interfaces/local/lib/python3.10/dist-packages/auto_aim_interfaces/msg/_fire_command_s.c
[0.939s] -- Up-to-date symlink: /home/ywag/ros_ws/install/auto_aim_interfaces/local/lib/python3.10/dist-packages/auto_aim_interfaces/msg/_target.py
[0.939s] -- Up-to-date symlink: /home/ywag/ros_ws/install/auto_aim_interfaces/local/lib/python3.10/dist-packages/auto_aim_interfaces/msg/_target_s.c
[0.939s] -- Up-to-date symlink: /home/ywag/ros_ws/install/auto_aim_interfaces/local/lib/python3.10/dist-packages/auto_aim_interfaces/msg/_tracker_info.py
[0.939s] -- Up-to-date symlink: /home/ywag/ros_ws/install/auto_aim_interfaces/local/lib/python3.10/dist-packages/auto_aim_interfaces/msg/_tracker_info_s.c
[0.940s] -- Up-to-date symlink: /home/ywag/ros_ws/install/auto_aim_interfaces/local/lib/python3.10/dist-packages/auto_aim_interfaces/auto_aim_interfaces_s__rosidl_typesupport_fastrtps_c.cpython-310-x86_64-linux-gnu.so
[0.940s] -- Up-to-date symlink: /home/ywag/ros_ws/install/auto_aim_interfaces/local/lib/python3.10/dist-packages/auto_aim_interfaces/auto_aim_interfaces_s__rosidl_typesupport_introspection_c.cpython-310-x86_64-linux-gnu.so
[0.941s] -- Up-to-date symlink: /home/ywag/ros_ws/install/auto_aim_interfaces/local/lib/python3.10/dist-packages/auto_aim_interfaces/auto_aim_interfaces_s__rosidl_typesupport_c.cpython-310-x86_64-linux-gnu.so
[0.941s] -- Up-to-date symlink: /home/ywag/ros_ws/install/auto_aim_interfaces/share/auto_aim_interfaces/msg/Armor.idl
[0.941s] -- Up-to-date symlink: /home/ywag/ros_ws/install/auto_aim_interfaces/share/auto_aim_interfaces/msg/Armors.idl
[0.944s] -- Up-to-date symlink: /home/ywag/ros_ws/install/auto_aim_interfaces/share/auto_aim_interfaces/msg/Target.idl
[0.944s] -- Up-to-date symlink: /home/ywag/ros_ws/install/auto_aim_interfaces/share/auto_aim_interfaces/msg/FireCommand.idl
[0.944s] -- Up-to-date symlink: /home/ywag/ros_ws/install/auto_aim_interfaces/share/auto_aim_interfaces/msg/DebugLight.idl
[0.944s] -- Up-to-date symlink: /home/ywag/ros_ws/install/auto_aim_interfaces/share/auto_aim_interfaces/msg/DebugLights.idl
[0.945s] -- Up-to-date symlink: /home/ywag/ros_ws/install/auto_aim_interfaces/share/auto_aim_interfaces/msg/DebugArmor.idl
[0.945s] -- Up-to-date symlink: /home/ywag/ros_ws/install/auto_aim_interfaces/share/auto_aim_interfaces/msg/DebugArmors.idl
[0.945s] -- Up-to-date symlink: /home/ywag/ros_ws/install/auto_aim_interfaces/share/auto_aim_interfaces/msg/TrackerInfo.idl
[0.946s] -- Up-to-date symlink: /home/ywag/ros_ws/install/auto_aim_interfaces/share/auto_aim_interfaces/msg/Armor.msg
[0.946s] -- Up-to-date symlink: /home/ywag/ros_ws/install/auto_aim_interfaces/share/auto_aim_interfaces/msg/Armors.msg
[0.946s] -- Up-to-date symlink: /home/ywag/ros_ws/install/auto_aim_interfaces/share/auto_aim_interfaces/msg/Target.msg
[0.947s] -- Up-to-date symlink: /home/ywag/ros_ws/install/auto_aim_interfaces/share/auto_aim_interfaces/msg/FireCommand.msg
[0.947s] -- Up-to-date symlink: /home/ywag/ros_ws/install/auto_aim_interfaces/share/auto_aim_interfaces/msg/DebugLight.msg
[0.947s] -- Up-to-date symlink: /home/ywag/ros_ws/install/auto_aim_interfaces/share/auto_aim_interfaces/msg/DebugLights.msg
[0.947s] -- Up-to-date symlink: /home/ywag/ros_ws/install/auto_aim_interfaces/share/auto_aim_interfaces/msg/DebugArmor.msg
[0.947s] -- Up-to-date symlink: /home/ywag/ros_ws/install/auto_aim_interfaces/share/auto_aim_interfaces/msg/DebugArmors.msg
[0.948s] -- Up-to-date symlink: /home/ywag/ros_ws/install/auto_aim_interfaces/share/auto_aim_interfaces/msg/TrackerInfo.msg
[0.948s] -- Up-to-date symlink: /home/ywag/ros_ws/install/auto_aim_interfaces/share/ament_index/resource_index/package_run_dependencies/auto_aim_interfaces
[0.948s] -- Up-to-date symlink: /home/ywag/ros_ws/install/auto_aim_interfaces/share/ament_index/resource_index/parent_prefix_path/auto_aim_interfaces
[0.948s] -- Up-to-date symlink: /home/ywag/ros_ws/install/auto_aim_interfaces/share/auto_aim_interfaces/environment/ament_prefix_path.sh
[0.949s] -- Up-to-date symlink: /home/ywag/ros_ws/install/auto_aim_interfaces/share/auto_aim_interfaces/environment/ament_prefix_path.dsv
[0.950s] -- Up-to-date symlink: /home/ywag/ros_ws/install/auto_aim_interfaces/share/auto_aim_interfaces/environment/path.sh
[0.951s] -- Up-to-date symlink: /home/ywag/ros_ws/install/auto_aim_interfaces/share/auto_aim_interfaces/environment/path.dsv
[0.951s] -- Up-to-date symlink: /home/ywag/ros_ws/install/auto_aim_interfaces/share/auto_aim_interfaces/local_setup.bash
[0.951s] -- Up-to-date symlink: /home/ywag/ros_ws/install/auto_aim_interfaces/share/auto_aim_interfaces/local_setup.sh
[0.951s] -- Up-to-date symlink: /home/ywag/ros_ws/install/auto_aim_interfaces/share/auto_aim_interfaces/local_setup.zsh
[0.951s] -- Up-to-date symlink: /home/ywag/ros_ws/install/auto_aim_interfaces/share/auto_aim_interfaces/local_setup.dsv
[0.951s] -- Symlinking: /home/ywag/ros_ws/install/auto_aim_interfaces/share/auto_aim_interfaces/package.dsv
[0.967s] -- Up-to-date symlink: /home/ywag/ros_ws/install/auto_aim_interfaces/share/ament_index/resource_index/packages/auto_aim_interfaces
[0.967s] -- Up-to-date symlink: /home/ywag/ros_ws/install/auto_aim_interfaces/share/auto_aim_interfaces/cmake/rosidl_cmake-extras.cmake
[0.970s] -- Up-to-date symlink: /home/ywag/ros_ws/install/auto_aim_interfaces/share/auto_aim_interfaces/cmake/ament_cmake_export_dependencies-extras.cmake
[0.970s] -- Up-to-date symlink: /home/ywag/ros_ws/install/auto_aim_interfaces/share/auto_aim_interfaces/cmake/ament_cmake_export_include_directories-extras.cmake
[0.970s] -- Up-to-date symlink: /home/ywag/ros_ws/install/auto_aim_interfaces/share/auto_aim_interfaces/cmake/ament_cmake_export_libraries-extras.cmake
[0.970s] -- Up-to-date symlink: /home/ywag/ros_ws/install/auto_aim_interfaces/share/auto_aim_interfaces/cmake/ament_cmake_export_targets-extras.cmake
[0.970s] -- Up-to-date symlink: /home/ywag/ros_ws/install/auto_aim_interfaces/share/auto_aim_interfaces/cmake/rosidl_cmake_export_typesupport_targets-extras.cmake
[0.970s] -- Up-to-date symlink: /home/ywag/ros_ws/install/auto_aim_interfaces/share/auto_aim_interfaces/cmake/rosidl_cmake_export_typesupport_libraries-extras.cmake
[0.970s] -- Up-to-date symlink: /home/ywag/ros_ws/install/auto_aim_interfaces/share/auto_aim_interfaces/cmake/auto_aim_interfacesConfig.cmake
[0.971s] -- Up-to-date symlink: /home/ywag/ros_ws/install/auto_aim_interfaces/share/auto_aim_interfaces/cmake/auto_aim_interfacesConfig-version.cmake
[0.971s] -- Up-to-date symlink: /home/ywag/ros_ws/install/auto_aim_interfaces/share/auto_aim_interfaces/package.xml
[0.971s] -- Up-to-date: /home/ywag/ros_ws/install/auto_aim_interfaces/lib/libauto_aim_interfaces__rosidl_generator_c.so
[0.972s] -- Up-to-date: /home/ywag/ros_ws/install/auto_aim_interfaces/lib/libauto_aim_interfaces__rosidl_typesupport_fastrtps_c.so
[0.973s] -- Up-to-date: /home/ywag/ros_ws/install/auto_aim_interfaces/lib/libauto_aim_interfaces__rosidl_typesupport_introspection_c.so
[0.974s] -- Up-to-date: /home/ywag/ros_ws/install/auto_aim_interfaces/lib/libauto_aim_interfaces__rosidl_typesupport_c.so
[0.974s] -- Up-to-date: /home/ywag/ros_ws/install/auto_aim_interfaces/lib/libauto_aim_interfaces__rosidl_typesupport_fastrtps_cpp.so
[0.975s] -- Up-to-date: /home/ywag/ros_ws/install/auto_aim_interfaces/lib/libauto_aim_interfaces__rosidl_typesupport_introspection_cpp.so
[0.977s] -- Up-to-date: /home/ywag/ros_ws/install/auto_aim_interfaces/lib/libauto_aim_interfaces__rosidl_typesupport_cpp.so
[1.036s] Listing '/home/ywag/ros_ws/install/auto_aim_interfaces/local/lib/python3.10/dist-packages/auto_aim_interfaces'...
[1.036s] Listing '/home/ywag/ros_ws/install/auto_aim_interfaces/local/lib/python3.10/dist-packages/auto_aim_interfaces/msg'...
[1.040s] -- Up-to-date: /home/ywag/ros_ws/install/auto_aim_interfaces/lib/libauto_aim_interfaces__rosidl_generator_py.so
[1.041s] -- Up-to-date: /home/ywag/ros_ws/install/auto_aim_interfaces/share/auto_aim_interfaces/cmake/export_auto_aim_interfaces__rosidl_generator_cExport.cmake
[1.041s] -- Up-to-date: /home/ywag/ros_ws/install/auto_aim_interfaces/share/auto_aim_interfaces/cmake/export_auto_aim_interfaces__rosidl_generator_cExport-noconfig.cmake
[1.042s] -- Up-to-date: /home/ywag/ros_ws/install/auto_aim_interfaces/share/auto_aim_interfaces/cmake/export_auto_aim_interfaces__rosidl_typesupport_fastrtps_cExport.cmake
[1.042s] -- Up-to-date: /home/ywag/ros_ws/install/auto_aim_interfaces/share/auto_aim_interfaces/cmake/export_auto_aim_interfaces__rosidl_typesupport_fastrtps_cExport-noconfig.cmake
[1.042s] -- Up-to-date: /home/ywag/ros_ws/install/auto_aim_interfaces/share/auto_aim_interfaces/cmake/auto_aim_interfaces__rosidl_typesupport_introspection_cExport.cmake
[1.042s] -- Up-to-date: /home/ywag/ros_ws/install/auto_aim_interfaces/share/auto_aim_interfaces/cmake/auto_aim_interfaces__rosidl_typesupport_introspection_cExport-noconfig.cmake
[1.042s] -- Up-to-date: /home/ywag/ros_ws/install/auto_aim_interfaces/share/auto_aim_interfaces/cmake/auto_aim_interfaces__rosidl_typesupport_cExport.cmake
[1.042s] -- Up-to-date: /home/ywag/ros_ws/install/auto_aim_interfaces/share/auto_aim_interfaces/cmake/auto_aim_interfaces__rosidl_typesupport_cExport-noconfig.cmake
[1.043s] -- Up-to-date: /home/ywag/ros_ws/install/auto_aim_interfaces/share/auto_aim_interfaces/cmake/export_auto_aim_interfaces__rosidl_generator_cppExport.cmake
[1.043s] -- Up-to-date: /home/ywag/ros_ws/install/auto_aim_interfaces/share/auto_aim_interfaces/cmake/export_auto_aim_interfaces__rosidl_typesupport_fastrtps_cppExport.cmake
[1.043s] -- Up-to-date: /home/ywag/ros_ws/install/auto_aim_interfaces/share/auto_aim_interfaces/cmake/export_auto_aim_interfaces__rosidl_typesupport_fastrtps_cppExport-noconfig.cmake
[1.043s] -- Up-to-date: /home/ywag/ros_ws/install/auto_aim_interfaces/share/auto_aim_interfaces/cmake/auto_aim_interfaces__rosidl_typesupport_introspection_cppExport.cmake
[1.044s] -- Up-to-date: /home/ywag/ros_ws/install/auto_aim_interfaces/share/auto_aim_interfaces/cmake/auto_aim_interfaces__rosidl_typesupport_introspection_cppExport-noconfig.cmake
[1.044s] -- Up-to-date: /home/ywag/ros_ws/install/auto_aim_interfaces/share/auto_aim_interfaces/cmake/auto_aim_interfaces__rosidl_typesupport_cppExport.cmake
[1.044s] -- Up-to-date: /home/ywag/ros_ws/install/auto_aim_interfaces/share/auto_aim_interfaces/cmake/auto_aim_interfaces__rosidl_typesupport_cppExport-noconfig.cmake
[1.044s] -- Up-to-date: /home/ywag/ros_ws/install/auto_aim_interfaces/share/auto_aim_interfaces/cmake/export_auto_aim_interfaces__rosidl_generator_pyExport.cmake
[1.044s] -- Up-to-date: /home/ywag/ros_ws/install/auto_aim_interfaces/share/auto_aim_interfaces/cmake/export_auto_aim_interfaces__rosidl_generator_pyExport-noconfig.cmake
[1.048s] Invoked command in '/home/ywag/ros_ws/build/auto_aim_interfaces' returned '0': CMAKE_PREFIX_PATH=${CMAKE_PREFIX_PATH}:/opt/ros/humble /usr/bin/cmake --install /home/ywag/ros_ws/build/auto_aim_interfaces
