[0.032s] Invoking command in '/home/ywag/ros_ws/build/ballistic_solver': CMAKE_PREFIX_PATH=/home/ywag/ros_ws/install/auto_aim_interfaces:/home/ywag/ros_ws/install/rm_vision_bringup:/home/ywag/ros_ws/install/rm_serial_driver:/home/ywag/ros_ws/install/rm_gimbal_description:/home/ywag/ros_ws/install/mindvision_camera:/home/ywag/ros_ws/install/hik_camera:/home/ywag/ros_ws/install/ballistic_solver:/home/ywag/ros_ws/install/armor_tracker:/home/ywag/ros_ws/install/armor_detector:/opt/ros/humble LD_LIBRARY_PATH=/home/ywag/ros_ws/install/auto_aim_interfaces/lib:/usr/local/lib:/usr/local/lib:/usr/local/lib:/home/ywag/ros_ws/install/rm_serial_driver/lib:/home/ywag/ros_ws/install/mindvision_camera/lib:/home/ywag/ros_ws/install/hik_camera/lib:/home/ywag/ros_ws/install/armor_tracker/lib:/home/ywag/ros_ws/install/armor_detector/lib:/opt/ros/humble/opt/rviz_ogre_vendor/lib:/opt/ros/humble/lib/x86_64-linux-gnu:/opt/ros/humble/lib /usr/bin/cmake --build /home/ywag/ros_ws/build/ballistic_solver -- -j2 -l2
[0.183s] [35m[1mConsolidate compiler generated dependencies of target ballistic_solver_node[0m
[0.210s] [ 33%] [32mBuilding CXX object CMakeFiles/ballistic_solver_node.dir/src/ballistic_solver_node.cpp.o[0m
[11.285s] [ 66%] [32m[1mLinking CXX executable ballistic_solver_node[0m
[11.799s] [100%] Built target ballistic_solver_node
[11.825s] Invoked command in '/home/ywag/ros_ws/build/ballistic_solver' returned '0': CMAKE_PREFIX_PATH=/home/ywag/ros_ws/install/auto_aim_interfaces:/home/ywag/ros_ws/install/rm_vision_bringup:/home/ywag/ros_ws/install/rm_serial_driver:/home/ywag/ros_ws/install/rm_gimbal_description:/home/ywag/ros_ws/install/mindvision_camera:/home/ywag/ros_ws/install/hik_camera:/home/ywag/ros_ws/install/ballistic_solver:/home/ywag/ros_ws/install/armor_tracker:/home/ywag/ros_ws/install/armor_detector:/opt/ros/humble LD_LIBRARY_PATH=/home/ywag/ros_ws/install/auto_aim_interfaces/lib:/usr/local/lib:/usr/local/lib:/usr/local/lib:/home/ywag/ros_ws/install/rm_serial_driver/lib:/home/ywag/ros_ws/install/mindvision_camera/lib:/home/ywag/ros_ws/install/hik_camera/lib:/home/ywag/ros_ws/install/armor_tracker/lib:/home/ywag/ros_ws/install/armor_detector/lib:/opt/ros/humble/opt/rviz_ogre_vendor/lib:/opt/ros/humble/lib/x86_64-linux-gnu:/opt/ros/humble/lib /usr/bin/cmake --build /home/ywag/ros_ws/build/ballistic_solver -- -j2 -l2
[11.838s] Invoking command in '/home/ywag/ros_ws/build/ballistic_solver': CMAKE_PREFIX_PATH=/home/ywag/ros_ws/install/auto_aim_interfaces:/home/ywag/ros_ws/install/rm_vision_bringup:/home/ywag/ros_ws/install/rm_serial_driver:/home/ywag/ros_ws/install/rm_gimbal_description:/home/ywag/ros_ws/install/mindvision_camera:/home/ywag/ros_ws/install/hik_camera:/home/ywag/ros_ws/install/ballistic_solver:/home/ywag/ros_ws/install/armor_tracker:/home/ywag/ros_ws/install/armor_detector:/opt/ros/humble LD_LIBRARY_PATH=/home/ywag/ros_ws/install/auto_aim_interfaces/lib:/usr/local/lib:/usr/local/lib:/usr/local/lib:/home/ywag/ros_ws/install/rm_serial_driver/lib:/home/ywag/ros_ws/install/mindvision_camera/lib:/home/ywag/ros_ws/install/hik_camera/lib:/home/ywag/ros_ws/install/armor_tracker/lib:/home/ywag/ros_ws/install/armor_detector/lib:/opt/ros/humble/opt/rviz_ogre_vendor/lib:/opt/ros/humble/lib/x86_64-linux-gnu:/opt/ros/humble/lib /usr/bin/cmake --install /home/ywag/ros_ws/build/ballistic_solver
[11.854s] -- Install configuration: ""
[11.855s] -- Execute custom install script
[11.858s] -- Up-to-date symlink: /home/ywag/ros_ws/install/ballistic_solver/lib/ballistic_solver/ballistic_solver_node
[11.858s] -- Up-to-date symlink: /home/ywag/ros_ws/install/ballistic_solver/share/ament_index/resource_index/package_run_dependencies/ballistic_solver
[11.863s] -- Up-to-date symlink: /home/ywag/ros_ws/install/ballistic_solver/share/ament_index/resource_index/parent_prefix_path/ballistic_solver
[11.864s] -- Up-to-date symlink: /home/ywag/ros_ws/install/ballistic_solver/share/ballistic_solver/environment/ament_prefix_path.sh
[11.864s] -- Up-to-date symlink: /home/ywag/ros_ws/install/ballistic_solver/share/ballistic_solver/environment/ament_prefix_path.dsv
[11.864s] -- Up-to-date symlink: /home/ywag/ros_ws/install/ballistic_solver/share/ballistic_solver/environment/path.sh
[11.864s] -- Up-to-date symlink: /home/ywag/ros_ws/install/ballistic_solver/share/ballistic_solver/environment/path.dsv
[11.864s] -- Up-to-date symlink: /home/ywag/ros_ws/install/ballistic_solver/share/ballistic_solver/local_setup.bash
[11.864s] -- Up-to-date symlink: /home/ywag/ros_ws/install/ballistic_solver/share/ballistic_solver/local_setup.sh
[11.864s] -- Up-to-date symlink: /home/ywag/ros_ws/install/ballistic_solver/share/ballistic_solver/local_setup.zsh
[11.864s] -- Up-to-date symlink: /home/ywag/ros_ws/install/ballistic_solver/share/ballistic_solver/local_setup.dsv
[11.864s] -- Symlinking: /home/ywag/ros_ws/install/ballistic_solver/share/ballistic_solver/package.dsv
[11.883s] -- Up-to-date symlink: /home/ywag/ros_ws/install/ballistic_solver/share/ament_index/resource_index/packages/ballistic_solver
[11.883s] -- Up-to-date symlink: /home/ywag/ros_ws/install/ballistic_solver/share/ballistic_solver/cmake/ballistic_solverConfig.cmake
[11.883s] -- Up-to-date symlink: /home/ywag/ros_ws/install/ballistic_solver/share/ballistic_solver/cmake/ballistic_solverConfig-version.cmake
[11.884s] -- Up-to-date symlink: /home/ywag/ros_ws/install/ballistic_solver/share/ballistic_solver/package.xml
[11.886s] Invoked command in '/home/ywag/ros_ws/build/ballistic_solver' returned '0': CMAKE_PREFIX_PATH=/home/ywag/ros_ws/install/auto_aim_interfaces:/home/ywag/ros_ws/install/rm_vision_bringup:/home/ywag/ros_ws/install/rm_serial_driver:/home/ywag/ros_ws/install/rm_gimbal_description:/home/ywag/ros_ws/install/mindvision_camera:/home/ywag/ros_ws/install/hik_camera:/home/ywag/ros_ws/install/ballistic_solver:/home/ywag/ros_ws/install/armor_tracker:/home/ywag/ros_ws/install/armor_detector:/opt/ros/humble LD_LIBRARY_PATH=/home/ywag/ros_ws/install/auto_aim_interfaces/lib:/usr/local/lib:/usr/local/lib:/usr/local/lib:/home/ywag/ros_ws/install/rm_serial_driver/lib:/home/ywag/ros_ws/install/mindvision_camera/lib:/home/ywag/ros_ws/install/hik_camera/lib:/home/ywag/ros_ws/install/armor_tracker/lib:/home/ywag/ros_ws/install/armor_detector/lib:/opt/ros/humble/opt/rviz_ogre_vendor/lib:/opt/ros/humble/lib/x86_64-linux-gnu:/opt/ros/humble/lib /usr/bin/cmake --install /home/ywag/ros_ws/build/ballistic_solver
