[0.009s] Invoking command in '/home/ywag/ros_ws/build/auto_aim_bringup': /usr/bin/cmake /home/ywag/ros_ws/src/auto_aim_bringup -DCMAKE_INSTALL_PREFIX=/home/ywag/ros_ws/install/auto_aim_bringup
[0.016s] -- Found ament_cmake: 1.3.12 (/opt/ros/humble/share/ament_cmake/cmake)
[0.094s] -- Found rclcpp: 16.0.14 (/opt/ros/humble/share/rclcpp/cmake)
[0.136s] -- Found rosidl_generator_c: 3.1.7 (/opt/ros/humble/share/rosidl_generator_c/cmake)
[0.142s] -- Found rosidl_adapter: 3.1.7 (/opt/ros/humble/share/rosidl_adapter/cmake)
[0.150s] -- Found rosidl_generator_cpp: 3.1.7 (/opt/ros/humble/share/rosidl_generator_cpp/cmake)
[0.164s] -- Using all available rosidl_typesupport_c: rosidl_typesupport_fastrtps_c;rosidl_typesupport_introspection_c
[0.176s] -- Using all available rosidl_typesupport_cpp: rosidl_typesupport_fastrtps_cpp;rosidl_typesupport_introspection_cpp
[0.218s] -- Found rmw_implementation_cmake: 6.1.2 (/opt/ros/humble/share/rmw_implementation_cmake/cmake)
[0.221s] -- Found rmw_fastrtps_cpp: 6.2.8 (/opt/ros/humble/share/rmw_fastrtps_cpp/cmake)
[0.287s] -- Found OpenSSL: /usr/lib/x86_64-linux-gnu/libcrypto.so (found version "3.0.2")  
[0.305s] -- Found FastRTPS: /opt/ros/humble/include  
[0.330s] -- Using RMW implementation 'rmw_fastrtps_cpp' as default
[0.339s] -- Looking for pthread.h
[0.402s] -- Looking for pthread.h - found
[0.402s] -- Performing Test CMAKE_HAVE_LIBC_PTHREAD
[0.466s] -- Performing Test CMAKE_HAVE_LIBC_PTHREAD - Success
[0.467s] -- Found Threads: TRUE  
[0.530s] [31mCMake Error at CMakeLists.txt:6 (find_package):
[0.530s]   By not providing "Findlaunch_ros.cmake" in CMAKE_MODULE_PATH this project
[0.530s]   has asked CMake to find a package configuration file provided by
[0.530s]   "launch_ros", but CMake did not find one.
[0.530s] 
[0.530s]   Could not find a package configuration file provided by "launch_ros" with
[0.530s]   any of the following names:
[0.530s] 
[0.530s]     launch_rosConfig.cmake
[0.530s]     launch_ros-config.cmake
[0.530s] 
[0.530s]   Add the installation prefix of "launch_ros" to CMAKE_PREFIX_PATH or set
[0.530s]   "launch_ros_DIR" to a directory containing one of the above files.  If
[0.530s]   "launch_ros" provides a separate development package or SDK, be sure it has
[0.530s]   been installed.
[0.530s] 
[0.530s] [0m
[0.530s] -- Configuring incomplete, errors occurred!
[0.530s] See also "/home/ywag/ros_ws/build/auto_aim_bringup/CMakeFiles/CMakeOutput.log".
[0.536s] Invoked command in '/home/ywag/ros_ws/build/auto_aim_bringup' returned '1': /usr/bin/cmake /home/ywag/ros_ws/src/auto_aim_bringup -DCMAKE_INSTALL_PREFIX=/home/ywag/ros_ws/install/auto_aim_bringup
