[0.019s] Invoking command in '/home/ywag/ros_ws/build/armor_detector': CMAKE_PREFIX_PATH=/home/ywag/ros_ws/install/auto_aim_interfaces:/home/ywag/ros_ws/install/rm_vision_bringup:/home/ywag/ros_ws/install/rm_serial_driver:/home/ywag/ros_ws/install/rm_gimbal_description:/home/ywag/ros_ws/install/mindvision_camera:/home/ywag/ros_ws/install/hik_camera:/home/ywag/ros_ws/install/ballistic_solver:/home/ywag/ros_ws/install/armor_tracker:/home/ywag/ros_ws/install/armor_detector:/opt/ros/humble LD_LIBRARY_PATH=/home/ywag/ros_ws/install/auto_aim_interfaces/lib:/usr/local/lib:/usr/local/lib:/usr/local/lib:/usr/local/lib:/usr/local/lib:/usr/local/lib:/home/ywag/ros_ws/install/rm_serial_driver/lib:/home/ywag/ros_ws/install/mindvision_camera/lib:/home/ywag/ros_ws/install/hik_camera/lib:/home/ywag/ros_ws/install/armor_tracker/lib:/home/ywag/ros_ws/install/armor_detector/lib:/opt/ros/humble/opt/rviz_ogre_vendor/lib:/opt/ros/humble/lib/x86_64-linux-gnu:/opt/ros/humble/lib /usr/bin/cmake --build /home/ywag/ros_ws/build/armor_detector -- -j2 -l2
[0.147s] [ 33%] Built target armor_detector
[0.147s] [ 46%] Built target armor_detector_node
[0.188s] [ 60%] Built target gtest_main
[0.199s] [ 73%] Built target gtest
[0.244s] [ 86%] Built target test_number_cls
[0.254s] [100%] Built target test_node_startup
[0.270s] Invoked command in '/home/ywag/ros_ws/build/armor_detector' returned '0': CMAKE_PREFIX_PATH=/home/ywag/ros_ws/install/auto_aim_interfaces:/home/ywag/ros_ws/install/rm_vision_bringup:/home/ywag/ros_ws/install/rm_serial_driver:/home/ywag/ros_ws/install/rm_gimbal_description:/home/ywag/ros_ws/install/mindvision_camera:/home/ywag/ros_ws/install/hik_camera:/home/ywag/ros_ws/install/ballistic_solver:/home/ywag/ros_ws/install/armor_tracker:/home/ywag/ros_ws/install/armor_detector:/opt/ros/humble LD_LIBRARY_PATH=/home/ywag/ros_ws/install/auto_aim_interfaces/lib:/usr/local/lib:/usr/local/lib:/usr/local/lib:/usr/local/lib:/usr/local/lib:/usr/local/lib:/home/ywag/ros_ws/install/rm_serial_driver/lib:/home/ywag/ros_ws/install/mindvision_camera/lib:/home/ywag/ros_ws/install/hik_camera/lib:/home/ywag/ros_ws/install/armor_tracker/lib:/home/ywag/ros_ws/install/armor_detector/lib:/opt/ros/humble/opt/rviz_ogre_vendor/lib:/opt/ros/humble/lib/x86_64-linux-gnu:/opt/ros/humble/lib /usr/bin/cmake --build /home/ywag/ros_ws/build/armor_detector -- -j2 -l2
[0.278s] Invoking command in '/home/ywag/ros_ws/build/armor_detector': CMAKE_PREFIX_PATH=/home/ywag/ros_ws/install/auto_aim_interfaces:/home/ywag/ros_ws/install/rm_vision_bringup:/home/ywag/ros_ws/install/rm_serial_driver:/home/ywag/ros_ws/install/rm_gimbal_description:/home/ywag/ros_ws/install/mindvision_camera:/home/ywag/ros_ws/install/hik_camera:/home/ywag/ros_ws/install/ballistic_solver:/home/ywag/ros_ws/install/armor_tracker:/home/ywag/ros_ws/install/armor_detector:/opt/ros/humble LD_LIBRARY_PATH=/home/ywag/ros_ws/install/auto_aim_interfaces/lib:/usr/local/lib:/usr/local/lib:/usr/local/lib:/usr/local/lib:/usr/local/lib:/usr/local/lib:/home/ywag/ros_ws/install/rm_serial_driver/lib:/home/ywag/ros_ws/install/mindvision_camera/lib:/home/ywag/ros_ws/install/hik_camera/lib:/home/ywag/ros_ws/install/armor_tracker/lib:/home/ywag/ros_ws/install/armor_detector/lib:/opt/ros/humble/opt/rviz_ogre_vendor/lib:/opt/ros/humble/lib/x86_64-linux-gnu:/opt/ros/humble/lib /usr/bin/cmake --install /home/ywag/ros_ws/build/armor_detector
[0.282s] -- Install configuration: ""
[0.285s] -- Execute custom install script
[0.285s] -- Up-to-date symlink: /home/ywag/ros_ws/install/armor_detector/lib/armor_detector/armor_detector_node
[0.285s] -- Up-to-date symlink: /home/ywag/ros_ws/install/armor_detector/include/armor_detector/armor.hpp
[0.285s] -- Up-to-date symlink: /home/ywag/ros_ws/install/armor_detector/include/armor_detector/detector.hpp
[0.285s] -- Up-to-date symlink: /home/ywag/ros_ws/install/armor_detector/include/armor_detector/detector_node.hpp
[0.285s] -- Up-to-date symlink: /home/ywag/ros_ws/install/armor_detector/include/armor_detector/number_classifier.hpp
[0.286s] -- Up-to-date symlink: /home/ywag/ros_ws/install/armor_detector/include/armor_detector/pnp_solver.hpp
[0.286s] -- Up-to-date symlink: /home/ywag/ros_ws/install/armor_detector/share/armor_detector/environment/library_path.sh
[0.286s] -- Up-to-date symlink: /home/ywag/ros_ws/install/armor_detector/share/armor_detector/environment/library_path.dsv
[0.286s] -- Up-to-date symlink: /home/ywag/ros_ws/install/armor_detector/lib/libarmor_detector.so
[0.286s] -- Up-to-date symlink: /home/ywag/ros_ws/install/armor_detector/share/armor_detector/model/label.txt
[0.286s] -- Up-to-date symlink: /home/ywag/ros_ws/install/armor_detector/share/armor_detector/model/mlp.onnx
[0.286s] -- Up-to-date symlink: /home/ywag/ros_ws/install/armor_detector/share/ament_index/resource_index/package_run_dependencies/armor_detector
[0.288s] -- Up-to-date symlink: /home/ywag/ros_ws/install/armor_detector/share/ament_index/resource_index/parent_prefix_path/armor_detector
[0.288s] -- Up-to-date symlink: /home/ywag/ros_ws/install/armor_detector/share/armor_detector/environment/ament_prefix_path.sh
[0.289s] -- Up-to-date symlink: /home/ywag/ros_ws/install/armor_detector/share/armor_detector/environment/ament_prefix_path.dsv
[0.289s] -- Up-to-date symlink: /home/ywag/ros_ws/install/armor_detector/share/armor_detector/environment/path.sh
[0.290s] -- Up-to-date symlink: /home/ywag/ros_ws/install/armor_detector/share/armor_detector/environment/path.dsv
[0.290s] -- Up-to-date symlink: /home/ywag/ros_ws/install/armor_detector/share/armor_detector/local_setup.bash
[0.290s] -- Up-to-date symlink: /home/ywag/ros_ws/install/armor_detector/share/armor_detector/local_setup.sh
[0.290s] -- Up-to-date symlink: /home/ywag/ros_ws/install/armor_detector/share/armor_detector/local_setup.zsh
[0.290s] -- Up-to-date symlink: /home/ywag/ros_ws/install/armor_detector/share/armor_detector/local_setup.dsv
[0.290s] -- Symlinking: /home/ywag/ros_ws/install/armor_detector/share/armor_detector/package.dsv
[0.301s] -- Up-to-date symlink: /home/ywag/ros_ws/install/armor_detector/share/ament_index/resource_index/packages/armor_detector
[0.301s] -- Up-to-date symlink: /home/ywag/ros_ws/install/armor_detector/share/ament_index/resource_index/rclcpp_components/armor_detector
[0.301s] -- Up-to-date symlink: /home/ywag/ros_ws/install/armor_detector/share/armor_detector/cmake/ament_cmake_export_dependencies-extras.cmake
[0.301s] -- Up-to-date symlink: /home/ywag/ros_ws/install/armor_detector/share/armor_detector/cmake/ament_cmake_export_include_directories-extras.cmake
[0.301s] -- Up-to-date symlink: /home/ywag/ros_ws/install/armor_detector/share/armor_detector/cmake/ament_cmake_export_libraries-extras.cmake
[0.301s] -- Up-to-date symlink: /home/ywag/ros_ws/install/armor_detector/share/armor_detector/cmake/armor_detectorConfig.cmake
[0.301s] -- Up-to-date symlink: /home/ywag/ros_ws/install/armor_detector/share/armor_detector/cmake/armor_detectorConfig-version.cmake
[0.301s] -- Up-to-date symlink: /home/ywag/ros_ws/install/armor_detector/share/armor_detector/package.xml
[0.304s] Invoked command in '/home/ywag/ros_ws/build/armor_detector' returned '0': CMAKE_PREFIX_PATH=/home/ywag/ros_ws/install/auto_aim_interfaces:/home/ywag/ros_ws/install/rm_vision_bringup:/home/ywag/ros_ws/install/rm_serial_driver:/home/ywag/ros_ws/install/rm_gimbal_description:/home/ywag/ros_ws/install/mindvision_camera:/home/ywag/ros_ws/install/hik_camera:/home/ywag/ros_ws/install/ballistic_solver:/home/ywag/ros_ws/install/armor_tracker:/home/ywag/ros_ws/install/armor_detector:/opt/ros/humble LD_LIBRARY_PATH=/home/ywag/ros_ws/install/auto_aim_interfaces/lib:/usr/local/lib:/usr/local/lib:/usr/local/lib:/usr/local/lib:/usr/local/lib:/usr/local/lib:/home/ywag/ros_ws/install/rm_serial_driver/lib:/home/ywag/ros_ws/install/mindvision_camera/lib:/home/ywag/ros_ws/install/hik_camera/lib:/home/ywag/ros_ws/install/armor_tracker/lib:/home/ywag/ros_ws/install/armor_detector/lib:/opt/ros/humble/opt/rviz_ogre_vendor/lib:/opt/ros/humble/lib/x86_64-linux-gnu:/opt/ros/humble/lib /usr/bin/cmake --install /home/ywag/ros_ws/build/armor_detector
