[0.008s] Invoking command in '/home/ywag/ros_ws/build/rm_serial_driver': CMAKE_PREFIX_PATH=/home/ywag/ros_ws/install/auto_aim_interfaces:/home/ywag/ros_ws/install/rm_vision_bringup:/home/ywag/ros_ws/install/rm_serial_driver:/home/ywag/ros_ws/install/rm_gimbal_description:/home/ywag/ros_ws/install/mindvision_camera:/home/ywag/ros_ws/install/hik_camera:/home/ywag/ros_ws/install/ballistic_solver:/home/ywag/ros_ws/install/armor_tracker:/home/ywag/ros_ws/install/armor_detector:/opt/ros/humble LD_LIBRARY_PATH=/home/ywag/ros_ws/install/auto_aim_interfaces/lib:/usr/local/lib:/usr/local/lib:/usr/local/lib:/usr/local/lib:/usr/local/lib:/usr/local/lib:/home/ywag/ros_ws/install/rm_serial_driver/lib:/home/ywag/ros_ws/install/mindvision_camera/lib:/home/ywag/ros_ws/install/hik_camera/lib:/home/ywag/ros_ws/install/armor_tracker/lib:/home/ywag/ros_ws/install/armor_detector/lib:/opt/ros/humble/opt/rviz_ogre_vendor/lib:/opt/ros/humble/lib/x86_64-linux-gnu:/opt/ros/humble/lib /usr/bin/cmake --build /home/ywag/ros_ws/build/rm_serial_driver -- -j2 -l2
[0.181s] [ 60%] Built target rm_serial_driver
[0.223s] [100%] Built target rm_serial_driver_node
[0.250s] Invoked command in '/home/ywag/ros_ws/build/rm_serial_driver' returned '0': CMAKE_PREFIX_PATH=/home/ywag/ros_ws/install/auto_aim_interfaces:/home/ywag/ros_ws/install/rm_vision_bringup:/home/ywag/ros_ws/install/rm_serial_driver:/home/ywag/ros_ws/install/rm_gimbal_description:/home/ywag/ros_ws/install/mindvision_camera:/home/ywag/ros_ws/install/hik_camera:/home/ywag/ros_ws/install/ballistic_solver:/home/ywag/ros_ws/install/armor_tracker:/home/ywag/ros_ws/install/armor_detector:/opt/ros/humble LD_LIBRARY_PATH=/home/ywag/ros_ws/install/auto_aim_interfaces/lib:/usr/local/lib:/usr/local/lib:/usr/local/lib:/usr/local/lib:/usr/local/lib:/usr/local/lib:/home/ywag/ros_ws/install/rm_serial_driver/lib:/home/ywag/ros_ws/install/mindvision_camera/lib:/home/ywag/ros_ws/install/hik_camera/lib:/home/ywag/ros_ws/install/armor_tracker/lib:/home/ywag/ros_ws/install/armor_detector/lib:/opt/ros/humble/opt/rviz_ogre_vendor/lib:/opt/ros/humble/lib/x86_64-linux-gnu:/opt/ros/humble/lib /usr/bin/cmake --build /home/ywag/ros_ws/build/rm_serial_driver -- -j2 -l2
[0.255s] Invoking command in '/home/ywag/ros_ws/build/rm_serial_driver': CMAKE_PREFIX_PATH=/home/ywag/ros_ws/install/auto_aim_interfaces:/home/ywag/ros_ws/install/rm_vision_bringup:/home/ywag/ros_ws/install/rm_serial_driver:/home/ywag/ros_ws/install/rm_gimbal_description:/home/ywag/ros_ws/install/mindvision_camera:/home/ywag/ros_ws/install/hik_camera:/home/ywag/ros_ws/install/ballistic_solver:/home/ywag/ros_ws/install/armor_tracker:/home/ywag/ros_ws/install/armor_detector:/opt/ros/humble LD_LIBRARY_PATH=/home/ywag/ros_ws/install/auto_aim_interfaces/lib:/usr/local/lib:/usr/local/lib:/usr/local/lib:/usr/local/lib:/usr/local/lib:/usr/local/lib:/home/ywag/ros_ws/install/rm_serial_driver/lib:/home/ywag/ros_ws/install/mindvision_camera/lib:/home/ywag/ros_ws/install/hik_camera/lib:/home/ywag/ros_ws/install/armor_tracker/lib:/home/ywag/ros_ws/install/armor_detector/lib:/opt/ros/humble/opt/rviz_ogre_vendor/lib:/opt/ros/humble/lib/x86_64-linux-gnu:/opt/ros/humble/lib /usr/bin/cmake --install /home/ywag/ros_ws/build/rm_serial_driver
[0.269s] -- Install configuration: ""
[0.272s] -- Execute custom install script
[0.272s] -- Up-to-date symlink: /home/ywag/ros_ws/install/rm_serial_driver/lib/rm_serial_driver/rm_serial_driver_node
[0.274s] -- Up-to-date symlink: /home/ywag/ros_ws/install/rm_serial_driver/include/rm_serial_driver/crc.hpp
[0.274s] -- Up-to-date symlink: /home/ywag/ros_ws/install/rm_serial_driver/include/rm_serial_driver/packet.hpp
[0.274s] -- Up-to-date symlink: /home/ywag/ros_ws/install/rm_serial_driver/include/rm_serial_driver/rm_serial_driver.hpp
[0.274s] -- Up-to-date symlink: /home/ywag/ros_ws/install/rm_serial_driver/share/rm_serial_driver/environment/library_path.sh
[0.274s] -- Up-to-date symlink: /home/ywag/ros_ws/install/rm_serial_driver/share/rm_serial_driver/environment/library_path.dsv
[0.275s] -- Up-to-date symlink: /home/ywag/ros_ws/install/rm_serial_driver/lib/librm_serial_driver.so
[0.275s] -- Up-to-date symlink: /home/ywag/ros_ws/install/rm_serial_driver/share/rm_serial_driver/config/serial_driver.yaml
[0.275s] -- Up-to-date symlink: /home/ywag/ros_ws/install/rm_serial_driver/share/rm_serial_driver/launch/serial_driver.launch.py
[0.276s] -- Up-to-date symlink: /home/ywag/ros_ws/install/rm_serial_driver/share/ament_index/resource_index/package_run_dependencies/rm_serial_driver
[0.276s] -- Up-to-date symlink: /home/ywag/ros_ws/install/rm_serial_driver/share/ament_index/resource_index/parent_prefix_path/rm_serial_driver
[0.276s] -- Up-to-date symlink: /home/ywag/ros_ws/install/rm_serial_driver/share/rm_serial_driver/environment/ament_prefix_path.sh
[0.276s] -- Up-to-date symlink: /home/ywag/ros_ws/install/rm_serial_driver/share/rm_serial_driver/environment/ament_prefix_path.dsv
[0.276s] -- Up-to-date symlink: /home/ywag/ros_ws/install/rm_serial_driver/share/rm_serial_driver/environment/path.sh
[0.276s] -- Up-to-date symlink: /home/ywag/ros_ws/install/rm_serial_driver/share/rm_serial_driver/environment/path.dsv
[0.284s] -- Up-to-date symlink: /home/ywag/ros_ws/install/rm_serial_driver/share/rm_serial_driver/local_setup.bash
[0.284s] -- Up-to-date symlink: /home/ywag/ros_ws/install/rm_serial_driver/share/rm_serial_driver/local_setup.sh
[0.284s] -- Up-to-date symlink: /home/ywag/ros_ws/install/rm_serial_driver/share/rm_serial_driver/local_setup.zsh
[0.284s] -- Up-to-date symlink: /home/ywag/ros_ws/install/rm_serial_driver/share/rm_serial_driver/local_setup.dsv
[0.284s] -- Symlinking: /home/ywag/ros_ws/install/rm_serial_driver/share/rm_serial_driver/package.dsv
[0.286s] -- Up-to-date symlink: /home/ywag/ros_ws/install/rm_serial_driver/share/ament_index/resource_index/packages/rm_serial_driver
[0.286s] -- Up-to-date symlink: /home/ywag/ros_ws/install/rm_serial_driver/share/ament_index/resource_index/rclcpp_components/rm_serial_driver
[0.286s] -- Up-to-date symlink: /home/ywag/ros_ws/install/rm_serial_driver/share/rm_serial_driver/cmake/ament_cmake_export_dependencies-extras.cmake
[0.286s] -- Up-to-date symlink: /home/ywag/ros_ws/install/rm_serial_driver/share/rm_serial_driver/cmake/ament_cmake_export_include_directories-extras.cmake
[0.286s] -- Up-to-date symlink: /home/ywag/ros_ws/install/rm_serial_driver/share/rm_serial_driver/cmake/ament_cmake_export_libraries-extras.cmake
[0.286s] -- Up-to-date symlink: /home/ywag/ros_ws/install/rm_serial_driver/share/rm_serial_driver/cmake/rm_serial_driverConfig.cmake
[0.286s] -- Up-to-date symlink: /home/ywag/ros_ws/install/rm_serial_driver/share/rm_serial_driver/cmake/rm_serial_driverConfig-version.cmake
[0.287s] -- Up-to-date symlink: /home/ywag/ros_ws/install/rm_serial_driver/share/rm_serial_driver/package.xml
[0.288s] Invoked command in '/home/ywag/ros_ws/build/rm_serial_driver' returned '0': CMAKE_PREFIX_PATH=/home/ywag/ros_ws/install/auto_aim_interfaces:/home/ywag/ros_ws/install/rm_vision_bringup:/home/ywag/ros_ws/install/rm_serial_driver:/home/ywag/ros_ws/install/rm_gimbal_description:/home/ywag/ros_ws/install/mindvision_camera:/home/ywag/ros_ws/install/hik_camera:/home/ywag/ros_ws/install/ballistic_solver:/home/ywag/ros_ws/install/armor_tracker:/home/ywag/ros_ws/install/armor_detector:/opt/ros/humble LD_LIBRARY_PATH=/home/ywag/ros_ws/install/auto_aim_interfaces/lib:/usr/local/lib:/usr/local/lib:/usr/local/lib:/usr/local/lib:/usr/local/lib:/usr/local/lib:/home/ywag/ros_ws/install/rm_serial_driver/lib:/home/ywag/ros_ws/install/mindvision_camera/lib:/home/ywag/ros_ws/install/hik_camera/lib:/home/ywag/ros_ws/install/armor_tracker/lib:/home/ywag/ros_ws/install/armor_detector/lib:/opt/ros/humble/opt/rviz_ogre_vendor/lib:/opt/ros/humble/lib/x86_64-linux-gnu:/opt/ros/humble/lib /usr/bin/cmake --install /home/ywag/ros_ws/build/rm_serial_driver
