[0.016s] Invoking command in '/home/ywag/ros_ws/build/my_vision_bringup': CMAKE_PREFIX_PATH=/home/ywag/ros_ws/install/ballistic_solver:/home/ywag/ros_ws/install/armor_detector:/home/ywag/ros_ws/install/auto_aim_interfaces:/opt/ros/humble:/home/ywag/ros_ws/install/auto_aim_bringup:/home/ywag/ros_ws/install/rm_vision_bringup:/home/ywag/ros_ws/install/rm_serial_driver:/home/ywag/ros_ws/install/rm_gimbal_description:/home/ywag/ros_ws/install/mindvision_camera:/home/ywag/ros_ws/install/hik_camera:/home/ywag/ros_ws/install/armor_tracker LD_LIBRARY_PATH=/home/ywag/ros_ws/install/armor_detector/lib:/home/ywag/ros_ws/install/auto_aim_interfaces/lib:/usr/local/lib:/usr/local/lib:/usr/local/lib:/usr/local/lib:/usr/local/lib:/usr/local/lib:/home/ywag/ros_ws/install/rm_serial_driver/lib:/home/ywag/ros_ws/install/mindvision_camera/lib:/home/ywag/ros_ws/install/hik_camera/lib:/home/ywag/ros_ws/install/armor_tracker/lib:/opt/ros/humble/opt/rviz_ogre_vendor/lib:/opt/ros/humble/lib/x86_64-linux-gnu:/opt/ros/humble/lib /usr/bin/cmake /home/ywag/ros_ws/src/my_vision_bringup -DCMAKE_INSTALL_PREFIX=/home/ywag/ros_ws/install/my_vision_bringup
[0.131s] -- The C compiler identification is GNU 11.4.0
[0.201s] -- The CXX compiler identification is GNU 11.4.0
[0.208s] -- Detecting C compiler ABI info
[0.288s] -- Detecting C compiler ABI info - done
[0.291s] -- Check for working C compiler: /usr/bin/cc - skipped
[0.292s] -- Detecting C compile features
[0.292s] -- Detecting C compile features - done
[0.295s] -- Detecting CXX compiler ABI info
[0.356s] -- Detecting CXX compiler ABI info - done
[0.360s] -- Check for working CXX compiler: /usr/bin/c++ - skipped
[0.360s] -- Detecting CXX compile features
[0.360s] -- Detecting CXX compile features - done
[0.363s] -- Found ament_cmake: 1.3.12 (/opt/ros/humble/share/ament_cmake/cmake)
[0.501s] -- Found Python3: /usr/bin/python3 (found version "3.10.12") found components: Interpreter 
[0.637s] -- Configuring done
[0.638s] -- Generating done
[0.638s] -- Build files have been written to: /home/ywag/ros_ws/build/my_vision_bringup
[0.640s] Invoked command in '/home/ywag/ros_ws/build/my_vision_bringup' returned '0': CMAKE_PREFIX_PATH=/home/ywag/ros_ws/install/ballistic_solver:/home/ywag/ros_ws/install/armor_detector:/home/ywag/ros_ws/install/auto_aim_interfaces:/opt/ros/humble:/home/ywag/ros_ws/install/auto_aim_bringup:/home/ywag/ros_ws/install/rm_vision_bringup:/home/ywag/ros_ws/install/rm_serial_driver:/home/ywag/ros_ws/install/rm_gimbal_description:/home/ywag/ros_ws/install/mindvision_camera:/home/ywag/ros_ws/install/hik_camera:/home/ywag/ros_ws/install/armor_tracker LD_LIBRARY_PATH=/home/ywag/ros_ws/install/armor_detector/lib:/home/ywag/ros_ws/install/auto_aim_interfaces/lib:/usr/local/lib:/usr/local/lib:/usr/local/lib:/usr/local/lib:/usr/local/lib:/usr/local/lib:/home/ywag/ros_ws/install/rm_serial_driver/lib:/home/ywag/ros_ws/install/mindvision_camera/lib:/home/ywag/ros_ws/install/hik_camera/lib:/home/ywag/ros_ws/install/armor_tracker/lib:/opt/ros/humble/opt/rviz_ogre_vendor/lib:/opt/ros/humble/lib/x86_64-linux-gnu:/opt/ros/humble/lib /usr/bin/cmake /home/ywag/ros_ws/src/my_vision_bringup -DCMAKE_INSTALL_PREFIX=/home/ywag/ros_ws/install/my_vision_bringup
[0.643s] Invoking command in '/home/ywag/ros_ws/build/my_vision_bringup': CMAKE_PREFIX_PATH=/home/ywag/ros_ws/install/ballistic_solver:/home/ywag/ros_ws/install/armor_detector:/home/ywag/ros_ws/install/auto_aim_interfaces:/opt/ros/humble:/home/ywag/ros_ws/install/auto_aim_bringup:/home/ywag/ros_ws/install/rm_vision_bringup:/home/ywag/ros_ws/install/rm_serial_driver:/home/ywag/ros_ws/install/rm_gimbal_description:/home/ywag/ros_ws/install/mindvision_camera:/home/ywag/ros_ws/install/hik_camera:/home/ywag/ros_ws/install/armor_tracker LD_LIBRARY_PATH=/home/ywag/ros_ws/install/armor_detector/lib:/home/ywag/ros_ws/install/auto_aim_interfaces/lib:/usr/local/lib:/usr/local/lib:/usr/local/lib:/usr/local/lib:/usr/local/lib:/usr/local/lib:/home/ywag/ros_ws/install/rm_serial_driver/lib:/home/ywag/ros_ws/install/mindvision_camera/lib:/home/ywag/ros_ws/install/hik_camera/lib:/home/ywag/ros_ws/install/armor_tracker/lib:/opt/ros/humble/opt/rviz_ogre_vendor/lib:/opt/ros/humble/lib/x86_64-linux-gnu:/opt/ros/humble/lib /usr/bin/cmake --build /home/ywag/ros_ws/build/my_vision_bringup -- -j2 -l2
[0.671s] Invoked command in '/home/ywag/ros_ws/build/my_vision_bringup' returned '0': CMAKE_PREFIX_PATH=/home/ywag/ros_ws/install/ballistic_solver:/home/ywag/ros_ws/install/armor_detector:/home/ywag/ros_ws/install/auto_aim_interfaces:/opt/ros/humble:/home/ywag/ros_ws/install/auto_aim_bringup:/home/ywag/ros_ws/install/rm_vision_bringup:/home/ywag/ros_ws/install/rm_serial_driver:/home/ywag/ros_ws/install/rm_gimbal_description:/home/ywag/ros_ws/install/mindvision_camera:/home/ywag/ros_ws/install/hik_camera:/home/ywag/ros_ws/install/armor_tracker LD_LIBRARY_PATH=/home/ywag/ros_ws/install/armor_detector/lib:/home/ywag/ros_ws/install/auto_aim_interfaces/lib:/usr/local/lib:/usr/local/lib:/usr/local/lib:/usr/local/lib:/usr/local/lib:/usr/local/lib:/home/ywag/ros_ws/install/rm_serial_driver/lib:/home/ywag/ros_ws/install/mindvision_camera/lib:/home/ywag/ros_ws/install/hik_camera/lib:/home/ywag/ros_ws/install/armor_tracker/lib:/opt/ros/humble/opt/rviz_ogre_vendor/lib:/opt/ros/humble/lib/x86_64-linux-gnu:/opt/ros/humble/lib /usr/bin/cmake --build /home/ywag/ros_ws/build/my_vision_bringup -- -j2 -l2
[0.681s] Invoking command in '/home/ywag/ros_ws/build/my_vision_bringup': CMAKE_PREFIX_PATH=/home/ywag/ros_ws/install/ballistic_solver:/home/ywag/ros_ws/install/armor_detector:/home/ywag/ros_ws/install/auto_aim_interfaces:/opt/ros/humble:/home/ywag/ros_ws/install/auto_aim_bringup:/home/ywag/ros_ws/install/rm_vision_bringup:/home/ywag/ros_ws/install/rm_serial_driver:/home/ywag/ros_ws/install/rm_gimbal_description:/home/ywag/ros_ws/install/mindvision_camera:/home/ywag/ros_ws/install/hik_camera:/home/ywag/ros_ws/install/armor_tracker LD_LIBRARY_PATH=/home/ywag/ros_ws/install/armor_detector/lib:/home/ywag/ros_ws/install/auto_aim_interfaces/lib:/usr/local/lib:/usr/local/lib:/usr/local/lib:/usr/local/lib:/usr/local/lib:/usr/local/lib:/home/ywag/ros_ws/install/rm_serial_driver/lib:/home/ywag/ros_ws/install/mindvision_camera/lib:/home/ywag/ros_ws/install/hik_camera/lib:/home/ywag/ros_ws/install/armor_tracker/lib:/opt/ros/humble/opt/rviz_ogre_vendor/lib:/opt/ros/humble/lib/x86_64-linux-gnu:/opt/ros/humble/lib /usr/bin/cmake --install /home/ywag/ros_ws/build/my_vision_bringup
[0.685s] -- Install configuration: ""
[0.686s] -- Installing: /home/ywag/ros_ws/install/my_vision_bringup/share/my_vision_bringup/launch
[0.686s] -- Installing: /home/ywag/ros_ws/install/my_vision_bringup/share/my_vision_bringup/launch/my_vision.launch.py
[0.686s] -- Installing: /home/ywag/ros_ws/install/my_vision_bringup/share/ament_index/resource_index/package_run_dependencies/my_vision_bringup
[0.686s] -- Installing: /home/ywag/ros_ws/install/my_vision_bringup/share/ament_index/resource_index/parent_prefix_path/my_vision_bringup
[0.686s] -- Installing: /home/ywag/ros_ws/install/my_vision_bringup/share/my_vision_bringup/environment/ament_prefix_path.sh
[0.686s] -- Installing: /home/ywag/ros_ws/install/my_vision_bringup/share/my_vision_bringup/environment/ament_prefix_path.dsv
[0.686s] -- Installing: /home/ywag/ros_ws/install/my_vision_bringup/share/my_vision_bringup/environment/path.sh
[0.687s] -- Installing: /home/ywag/ros_ws/install/my_vision_bringup/share/my_vision_bringup/environment/path.dsv
[0.687s] -- Installing: /home/ywag/ros_ws/install/my_vision_bringup/share/my_vision_bringup/local_setup.bash
[0.687s] -- Installing: /home/ywag/ros_ws/install/my_vision_bringup/share/my_vision_bringup/local_setup.sh
[0.687s] -- Installing: /home/ywag/ros_ws/install/my_vision_bringup/share/my_vision_bringup/local_setup.zsh
[0.687s] -- Installing: /home/ywag/ros_ws/install/my_vision_bringup/share/my_vision_bringup/local_setup.dsv
[0.687s] -- Installing: /home/ywag/ros_ws/install/my_vision_bringup/share/my_vision_bringup/package.dsv
[0.687s] -- Installing: /home/ywag/ros_ws/install/my_vision_bringup/share/ament_index/resource_index/packages/my_vision_bringup
[0.688s] -- Installing: /home/ywag/ros_ws/install/my_vision_bringup/share/my_vision_bringup/cmake/my_vision_bringupConfig.cmake
[0.688s] -- Installing: /home/ywag/ros_ws/install/my_vision_bringup/share/my_vision_bringup/cmake/my_vision_bringupConfig-version.cmake
[0.688s] -- Installing: /home/ywag/ros_ws/install/my_vision_bringup/share/my_vision_bringup/package.xml
[0.689s] Invoked command in '/home/ywag/ros_ws/build/my_vision_bringup' returned '0': CMAKE_PREFIX_PATH=/home/ywag/ros_ws/install/ballistic_solver:/home/ywag/ros_ws/install/armor_detector:/home/ywag/ros_ws/install/auto_aim_interfaces:/opt/ros/humble:/home/ywag/ros_ws/install/auto_aim_bringup:/home/ywag/ros_ws/install/rm_vision_bringup:/home/ywag/ros_ws/install/rm_serial_driver:/home/ywag/ros_ws/install/rm_gimbal_description:/home/ywag/ros_ws/install/mindvision_camera:/home/ywag/ros_ws/install/hik_camera:/home/ywag/ros_ws/install/armor_tracker LD_LIBRARY_PATH=/home/ywag/ros_ws/install/armor_detector/lib:/home/ywag/ros_ws/install/auto_aim_interfaces/lib:/usr/local/lib:/usr/local/lib:/usr/local/lib:/usr/local/lib:/usr/local/lib:/usr/local/lib:/home/ywag/ros_ws/install/rm_serial_driver/lib:/home/ywag/ros_ws/install/mindvision_camera/lib:/home/ywag/ros_ws/install/hik_camera/lib:/home/ywag/ros_ws/install/armor_tracker/lib:/opt/ros/humble/opt/rviz_ogre_vendor/lib:/opt/ros/humble/lib/x86_64-linux-gnu:/opt/ros/humble/lib /usr/bin/cmake --install /home/ywag/ros_ws/build/my_vision_bringup
