[0.010s] Invoking command in '/home/ywag/ros_ws/build/mindvision_camera': CMAKE_PREFIX_PATH=${CMAKE_PREFIX_PATH}:/opt/ros/humble /usr/bin/cmake --build /home/ywag/ros_ws/build/mindvision_camera -- -j2 -l2
[0.172s] [ 75%] Built target mindvision_camera_node
[0.172s] [100%] Built target mindvision_camera
[0.187s] Invoked command in '/home/ywag/ros_ws/build/mindvision_camera' returned '0': CMAKE_PREFIX_PATH=${CMAKE_PREFIX_PATH}:/opt/ros/humble /usr/bin/cmake --build /home/ywag/ros_ws/build/mindvision_camera -- -j2 -l2
[0.198s] Invoking command in '/home/ywag/ros_ws/build/mindvision_camera': CMAKE_PREFIX_PATH=${CMAKE_PREFIX_PATH}:/opt/ros/humble /usr/bin/cmake --install /home/ywag/ros_ws/build/mindvision_camera
[0.212s] -- Install configuration: ""
[0.213s] -- Execute custom install script
[0.217s] -- Up-to-date symlink: /home/ywag/ros_ws/install/mindvision_camera/lib/mindvision_camera/mindvision_camera_node
[0.217s] -- Up-to-date symlink: /home/ywag/ros_ws/install/mindvision_camera/share/mindvision_camera/environment/library_path.sh
[0.218s] -- Up-to-date symlink: /home/ywag/ros_ws/install/mindvision_camera/share/mindvision_camera/environment/library_path.dsv
[0.218s] -- Up-to-date symlink: /home/ywag/ros_ws/install/mindvision_camera/lib/libmindvision_camera.so
[0.219s] -- Up-to-date symlink: /home/ywag/ros_ws/install/mindvision_camera/share/mindvision_camera/config/camera_info.yaml
[0.219s] -- Up-to-date symlink: /home/ywag/ros_ws/install/mindvision_camera/share/mindvision_camera/config/camera_params.yaml
[0.220s] -- Up-to-date symlink: /home/ywag/ros_ws/install/mindvision_camera/share/mindvision_camera/launch/mv_launch.py
[0.220s] -- Up-to-date symlink: /home/ywag/ros_ws/install/mindvision_camera/share/ament_index/resource_index/package_run_dependencies/mindvision_camera
[0.223s] -- Up-to-date symlink: /home/ywag/ros_ws/install/mindvision_camera/share/ament_index/resource_index/parent_prefix_path/mindvision_camera
[0.223s] -- Up-to-date symlink: /home/ywag/ros_ws/install/mindvision_camera/share/mindvision_camera/environment/ament_prefix_path.sh
[0.223s] -- Up-to-date symlink: /home/ywag/ros_ws/install/mindvision_camera/share/mindvision_camera/environment/ament_prefix_path.dsv
[0.224s] -- Up-to-date symlink: /home/ywag/ros_ws/install/mindvision_camera/share/mindvision_camera/environment/path.sh
[0.230s] -- Up-to-date symlink: /home/ywag/ros_ws/install/mindvision_camera/share/mindvision_camera/environment/path.dsv
[0.230s] -- Up-to-date symlink: /home/ywag/ros_ws/install/mindvision_camera/share/mindvision_camera/local_setup.bash
[0.230s] -- Up-to-date symlink: /home/ywag/ros_ws/install/mindvision_camera/share/mindvision_camera/local_setup.sh
[0.230s] -- Up-to-date symlink: /home/ywag/ros_ws/install/mindvision_camera/share/mindvision_camera/local_setup.zsh
[0.230s] -- Up-to-date symlink: /home/ywag/ros_ws/install/mindvision_camera/share/mindvision_camera/local_setup.dsv
[0.230s] -- Symlinking: /home/ywag/ros_ws/install/mindvision_camera/share/mindvision_camera/package.dsv
[0.240s] -- Up-to-date symlink: /home/ywag/ros_ws/install/mindvision_camera/share/ament_index/resource_index/packages/mindvision_camera
[0.243s] -- Up-to-date symlink: /home/ywag/ros_ws/install/mindvision_camera/share/ament_index/resource_index/rclcpp_components/mindvision_camera
[0.243s] -- Up-to-date symlink: /home/ywag/ros_ws/install/mindvision_camera/share/mindvision_camera/cmake/ament_cmake_export_dependencies-extras.cmake
[0.243s] -- Up-to-date symlink: /home/ywag/ros_ws/install/mindvision_camera/share/mindvision_camera/cmake/ament_cmake_export_libraries-extras.cmake
[0.243s] -- Up-to-date symlink: /home/ywag/ros_ws/install/mindvision_camera/share/mindvision_camera/cmake/mindvision_cameraConfig.cmake
[0.243s] -- Up-to-date symlink: /home/ywag/ros_ws/install/mindvision_camera/share/mindvision_camera/cmake/mindvision_cameraConfig-version.cmake
[0.244s] -- Up-to-date symlink: /home/ywag/ros_ws/install/mindvision_camera/share/mindvision_camera/package.xml
[0.247s] Invoked command in '/home/ywag/ros_ws/build/mindvision_camera' returned '0': CMAKE_PREFIX_PATH=${CMAKE_PREFIX_PATH}:/opt/ros/humble /usr/bin/cmake --install /home/ywag/ros_ws/build/mindvision_camera
