-- The C compiler identification is GNU 11.4.0
-- The CXX compiler identification is GNU 11.4.0
-- Detecting C compiler ABI info
-- Detecting C compiler ABI info - done
-- Check for working C compiler: /usr/bin/cc - skipped
-- Detecting C compile features
-- Detecting C compile features - done
-- Detecting CXX compiler ABI info
-- Detecting CXX compiler ABI info - done
-- Check for working CXX compiler: /usr/bin/c++ - skipped
-- Detecting CXX compile features
-- Detecting CXX compile features - done
-- Found ament_cmake: 1.3.12 (/opt/ros/humble/share/ament_cmake/cmake)
-- Found Python3: /usr/bin/python3 (found version "3.10.12") found components: Interpreter 
-- Override CMake install command with custom implementation using symlinks instead of copying resources
-- Found rclcpp: 16.0.14 (/opt/ros/humble/share/rclcpp/cmake)
-- Found rosidl_generator_c: 3.1.7 (/opt/ros/humble/share/rosidl_generator_c/cmake)
-- Found rosidl_adapter: 3.1.7 (/opt/ros/humble/share/rosidl_adapter/cmake)
-- Found rosidl_generator_cpp: 3.1.7 (/opt/ros/humble/share/rosidl_generator_cpp/cmake)
-- Using all available rosidl_typesupport_c: rosidl_typesupport_fastrtps_c;rosidl_typesupport_introspection_c
-- Using all available rosidl_typesupport_cpp: rosidl_typesupport_fastrtps_cpp;rosidl_typesupport_introspection_cpp
-- Found rmw_implementation_cmake: 6.1.2 (/opt/ros/humble/share/rmw_implementation_cmake/cmake)
-- Found rmw_fastrtps_cpp: 6.2.8 (/opt/ros/humble/share/rmw_fastrtps_cpp/cmake)
-- Found OpenSSL: /usr/lib/x86_64-linux-gnu/libcrypto.so (found version "3.0.2")  
-- Found FastRTPS: /opt/ros/humble/include  
-- Using RMW implementation 'rmw_fastrtps_cpp' as default
-- Looking for pthread.h
-- Looking for pthread.h - found
-- Performing Test CMAKE_HAVE_LIBC_PTHREAD
-- Performing Test CMAKE_HAVE_LIBC_PTHREAD - Success
-- Found Threads: TRUE  
-- Found auto_aim_interfaces: 0.0.0 (/home/ywag/ros_ws/install/auto_aim_interfaces/share/auto_aim_interfaces/cmake)
-- Found ament_lint_auto: 0.12.14 (/opt/ros/humble/share/ament_lint_auto/cmake)
-- Added test 'cppcheck' to perform static code analysis on C / C++ code
-- Configured cppcheck include dirs: $<BUILD_INTERFACE:/home/ywag/ros_ws/src/ballistic_solver/include>
-- Configured cppcheck exclude dirs and/or files: 
-- Added test 'lint_cmake' to check CMake code style
-- Added test 'uncrustify' to check C / C++ code style
-- Configured uncrustify additional arguments: 
-- Added test 'xmllint' to check XML markup files
-- Configuring done
-- Generating done
-- Build files have been written to: /home/ywag/ros_ws/build/ballistic_solver
[ 33%] [32mBuilding CXX object CMakeFiles/ballistic_solver_node.dir/src/ballistic_solver_node.cpp.o[0m
[ 66%] [32mBuilding CXX object CMakeFiles/ballistic_solver_node.dir/src/SolveTrajectory.cpp.o[0m
[100%] [32m[1mLinking CXX executable ballistic_solver_node[0m
[100%] Built target ballistic_solver_node
-- Install configuration: ""
-- Execute custom install script
-- Symlinking: /home/ywag/ros_ws/install/ballistic_solver/lib/ballistic_solver/ballistic_solver_node
-- Symlinking: /home/ywag/ros_ws/install/ballistic_solver/share/ament_index/resource_index/package_run_dependencies/ballistic_solver
-- Symlinking: /home/ywag/ros_ws/install/ballistic_solver/share/ament_index/resource_index/parent_prefix_path/ballistic_solver
-- Symlinking: /home/ywag/ros_ws/install/ballistic_solver/share/ballistic_solver/environment/ament_prefix_path.sh
-- Symlinking: /home/ywag/ros_ws/install/ballistic_solver/share/ballistic_solver/environment/ament_prefix_path.dsv
-- Symlinking: /home/ywag/ros_ws/install/ballistic_solver/share/ballistic_solver/environment/path.sh
-- Symlinking: /home/ywag/ros_ws/install/ballistic_solver/share/ballistic_solver/environment/path.dsv
-- Symlinking: /home/ywag/ros_ws/install/ballistic_solver/share/ballistic_solver/local_setup.bash
-- Symlinking: /home/ywag/ros_ws/install/ballistic_solver/share/ballistic_solver/local_setup.sh
-- Symlinking: /home/ywag/ros_ws/install/ballistic_solver/share/ballistic_solver/local_setup.zsh
-- Symlinking: /home/ywag/ros_ws/install/ballistic_solver/share/ballistic_solver/local_setup.dsv
-- Symlinking: /home/ywag/ros_ws/install/ballistic_solver/share/ballistic_solver/package.dsv
-- Symlinking: /home/ywag/ros_ws/install/ballistic_solver/share/ament_index/resource_index/packages/ballistic_solver
-- Symlinking: /home/ywag/ros_ws/install/ballistic_solver/share/ballistic_solver/cmake/ballistic_solverConfig.cmake
-- Symlinking: /home/ywag/ros_ws/install/ballistic_solver/share/ballistic_solver/cmake/ballistic_solverConfig-version.cmake
-- Symlinking: /home/ywag/ros_ws/install/ballistic_solver/share/ballistic_solver/package.xml
