[0.016s] Invoking command in '/home/ywag/ros_ws/build/ballistic_solver': CMAKE_PREFIX_PATH=/home/ywag/ros_ws/install/auto_aim_interfaces:/home/ywag/ros_ws/install/rm_vision_bringup:/home/ywag/ros_ws/install/rm_serial_driver:/home/ywag/ros_ws/install/rm_gimbal_description:/home/ywag/ros_ws/install/mindvision_camera:/home/ywag/ros_ws/install/hik_camera:/home/ywag/ros_ws/install/ballistic_solver:/home/ywag/ros_ws/install/armor_tracker:/home/ywag/ros_ws/install/armor_detector:/opt/ros/humble LD_LIBRARY_PATH=/home/ywag/ros_ws/install/auto_aim_interfaces/lib:/usr/local/lib:/usr/local/lib:/usr/local/lib:/usr/local/lib:/usr/local/lib:/usr/local/lib:/home/ywag/ros_ws/install/rm_serial_driver/lib:/home/ywag/ros_ws/install/mindvision_camera/lib:/home/ywag/ros_ws/install/hik_camera/lib:/home/ywag/ros_ws/install/armor_tracker/lib:/home/ywag/ros_ws/install/armor_detector/lib:/opt/ros/humble/opt/rviz_ogre_vendor/lib:/opt/ros/humble/lib/x86_64-linux-gnu:/opt/ros/humble/lib /usr/bin/cmake /home/ywag/ros_ws/src/ballistic_solver -DAMENT_CMAKE_SYMLINK_INSTALL=1 -DCMAKE_INSTALL_PREFIX=/home/ywag/ros_ws/install/ballistic_solver
[0.122s] -- The C compiler identification is GNU 11.4.0
[0.195s] -- The CXX compiler identification is GNU 11.4.0
[0.206s] -- Detecting C compiler ABI info
[0.313s] -- Detecting C compiler ABI info - done
[0.320s] -- Check for working C compiler: /usr/bin/cc - skipped
[0.324s] -- Detecting C compile features
[0.324s] -- Detecting C compile features - done
[0.327s] -- Detecting CXX compiler ABI info
[0.458s] -- Detecting CXX compiler ABI info - done
[0.469s] -- Check for working CXX compiler: /usr/bin/c++ - skipped
[0.469s] -- Detecting CXX compile features
[0.470s] -- Detecting CXX compile features - done
[0.473s] -- Found ament_cmake: 1.3.12 (/opt/ros/humble/share/ament_cmake/cmake)
[0.711s] -- Found Python3: /usr/bin/python3 (found version "3.10.12") found components: Interpreter 
[0.790s] -- Override CMake install command with custom implementation using symlinks instead of copying resources
[0.823s] -- Found rclcpp: 16.0.14 (/opt/ros/humble/share/rclcpp/cmake)
[0.891s] -- Found rosidl_generator_c: 3.1.7 (/opt/ros/humble/share/rosidl_generator_c/cmake)
[0.891s] -- Found rosidl_adapter: 3.1.7 (/opt/ros/humble/share/rosidl_adapter/cmake)
[0.902s] -- Found rosidl_generator_cpp: 3.1.7 (/opt/ros/humble/share/rosidl_generator_cpp/cmake)
[0.942s] -- Using all available rosidl_typesupport_c: rosidl_typesupport_fastrtps_c;rosidl_typesupport_introspection_c
[0.979s] -- Using all available rosidl_typesupport_cpp: rosidl_typesupport_fastrtps_cpp;rosidl_typesupport_introspection_cpp
[1.025s] -- Found rmw_implementation_cmake: 6.1.2 (/opt/ros/humble/share/rmw_implementation_cmake/cmake)
[1.025s] -- Found rmw_fastrtps_cpp: 6.2.8 (/opt/ros/humble/share/rmw_fastrtps_cpp/cmake)
[1.088s] -- Found OpenSSL: /usr/lib/x86_64-linux-gnu/libcrypto.so (found version "3.0.2")  
[1.125s] -- Found FastRTPS: /opt/ros/humble/include  
[1.173s] -- Using RMW implementation 'rmw_fastrtps_cpp' as default
[1.186s] -- Looking for pthread.h
[1.306s] -- Looking for pthread.h - found
[1.306s] -- Performing Test CMAKE_HAVE_LIBC_PTHREAD
[1.402s] -- Performing Test CMAKE_HAVE_LIBC_PTHREAD - Success
[1.406s] -- Found Threads: TRUE  
[1.484s] -- Found auto_aim_interfaces: 0.0.0 (/home/ywag/ros_ws/install/auto_aim_interfaces/share/auto_aim_interfaces/cmake)
[1.510s] -- Found ament_lint_auto: 0.12.14 (/opt/ros/humble/share/ament_lint_auto/cmake)
[1.579s] -- Added test 'cppcheck' to perform static code analysis on C / C++ code
[1.579s] -- Configured cppcheck include dirs: $<BUILD_INTERFACE:/home/ywag/ros_ws/src/ballistic_solver/include>
[1.579s] -- Configured cppcheck exclude dirs and/or files: 
[1.583s] -- Added test 'lint_cmake' to check CMake code style
[1.583s] -- Added test 'uncrustify' to check C / C++ code style
[1.583s] -- Configured uncrustify additional arguments: 
[1.583s] -- Added test 'xmllint' to check XML markup files
[1.583s] -- Configuring done
[1.593s] -- Generating done
[1.602s] -- Build files have been written to: /home/ywag/ros_ws/build/ballistic_solver
[1.613s] Invoked command in '/home/ywag/ros_ws/build/ballistic_solver' returned '0': CMAKE_PREFIX_PATH=/home/ywag/ros_ws/install/auto_aim_interfaces:/home/ywag/ros_ws/install/rm_vision_bringup:/home/ywag/ros_ws/install/rm_serial_driver:/home/ywag/ros_ws/install/rm_gimbal_description:/home/ywag/ros_ws/install/mindvision_camera:/home/ywag/ros_ws/install/hik_camera:/home/ywag/ros_ws/install/ballistic_solver:/home/ywag/ros_ws/install/armor_tracker:/home/ywag/ros_ws/install/armor_detector:/opt/ros/humble LD_LIBRARY_PATH=/home/ywag/ros_ws/install/auto_aim_interfaces/lib:/usr/local/lib:/usr/local/lib:/usr/local/lib:/usr/local/lib:/usr/local/lib:/usr/local/lib:/home/ywag/ros_ws/install/rm_serial_driver/lib:/home/ywag/ros_ws/install/mindvision_camera/lib:/home/ywag/ros_ws/install/hik_camera/lib:/home/ywag/ros_ws/install/armor_tracker/lib:/home/ywag/ros_ws/install/armor_detector/lib:/opt/ros/humble/opt/rviz_ogre_vendor/lib:/opt/ros/humble/lib/x86_64-linux-gnu:/opt/ros/humble/lib /usr/bin/cmake /home/ywag/ros_ws/src/ballistic_solver -DAMENT_CMAKE_SYMLINK_INSTALL=1 -DCMAKE_INSTALL_PREFIX=/home/ywag/ros_ws/install/ballistic_solver
[1.613s] Invoking command in '/home/ywag/ros_ws/build/ballistic_solver': CMAKE_PREFIX_PATH=/home/ywag/ros_ws/install/auto_aim_interfaces:/home/ywag/ros_ws/install/rm_vision_bringup:/home/ywag/ros_ws/install/rm_serial_driver:/home/ywag/ros_ws/install/rm_gimbal_description:/home/ywag/ros_ws/install/mindvision_camera:/home/ywag/ros_ws/install/hik_camera:/home/ywag/ros_ws/install/ballistic_solver:/home/ywag/ros_ws/install/armor_tracker:/home/ywag/ros_ws/install/armor_detector:/opt/ros/humble LD_LIBRARY_PATH=/home/ywag/ros_ws/install/auto_aim_interfaces/lib:/usr/local/lib:/usr/local/lib:/usr/local/lib:/usr/local/lib:/usr/local/lib:/usr/local/lib:/home/ywag/ros_ws/install/rm_serial_driver/lib:/home/ywag/ros_ws/install/mindvision_camera/lib:/home/ywag/ros_ws/install/hik_camera/lib:/home/ywag/ros_ws/install/armor_tracker/lib:/home/ywag/ros_ws/install/armor_detector/lib:/opt/ros/humble/opt/rviz_ogre_vendor/lib:/opt/ros/humble/lib/x86_64-linux-gnu:/opt/ros/humble/lib /usr/bin/cmake --build /home/ywag/ros_ws/build/ballistic_solver -- -j2 -l2
[1.681s] [ 33%] [32mBuilding CXX object CMakeFiles/ballistic_solver_node.dir/src/ballistic_solver_node.cpp.o[0m
[10.094s] [ 66%] [32mBuilding CXX object CMakeFiles/ballistic_solver_node.dir/src/SolveTrajectory.cpp.o[0m
[10.239s] [100%] [32m[1mLinking CXX executable ballistic_solver_node[0m
[10.531s] [100%] Built target ballistic_solver_node
[10.539s] Invoked command in '/home/ywag/ros_ws/build/ballistic_solver' returned '0': CMAKE_PREFIX_PATH=/home/ywag/ros_ws/install/auto_aim_interfaces:/home/ywag/ros_ws/install/rm_vision_bringup:/home/ywag/ros_ws/install/rm_serial_driver:/home/ywag/ros_ws/install/rm_gimbal_description:/home/ywag/ros_ws/install/mindvision_camera:/home/ywag/ros_ws/install/hik_camera:/home/ywag/ros_ws/install/ballistic_solver:/home/ywag/ros_ws/install/armor_tracker:/home/ywag/ros_ws/install/armor_detector:/opt/ros/humble LD_LIBRARY_PATH=/home/ywag/ros_ws/install/auto_aim_interfaces/lib:/usr/local/lib:/usr/local/lib:/usr/local/lib:/usr/local/lib:/usr/local/lib:/usr/local/lib:/home/ywag/ros_ws/install/rm_serial_driver/lib:/home/ywag/ros_ws/install/mindvision_camera/lib:/home/ywag/ros_ws/install/hik_camera/lib:/home/ywag/ros_ws/install/armor_tracker/lib:/home/ywag/ros_ws/install/armor_detector/lib:/opt/ros/humble/opt/rviz_ogre_vendor/lib:/opt/ros/humble/lib/x86_64-linux-gnu:/opt/ros/humble/lib /usr/bin/cmake --build /home/ywag/ros_ws/build/ballistic_solver -- -j2 -l2
[10.540s] Invoking command in '/home/ywag/ros_ws/build/ballistic_solver': CMAKE_PREFIX_PATH=/home/ywag/ros_ws/install/auto_aim_interfaces:/home/ywag/ros_ws/install/rm_vision_bringup:/home/ywag/ros_ws/install/rm_serial_driver:/home/ywag/ros_ws/install/rm_gimbal_description:/home/ywag/ros_ws/install/mindvision_camera:/home/ywag/ros_ws/install/hik_camera:/home/ywag/ros_ws/install/ballistic_solver:/home/ywag/ros_ws/install/armor_tracker:/home/ywag/ros_ws/install/armor_detector:/opt/ros/humble LD_LIBRARY_PATH=/home/ywag/ros_ws/install/auto_aim_interfaces/lib:/usr/local/lib:/usr/local/lib:/usr/local/lib:/usr/local/lib:/usr/local/lib:/usr/local/lib:/home/ywag/ros_ws/install/rm_serial_driver/lib:/home/ywag/ros_ws/install/mindvision_camera/lib:/home/ywag/ros_ws/install/hik_camera/lib:/home/ywag/ros_ws/install/armor_tracker/lib:/home/ywag/ros_ws/install/armor_detector/lib:/opt/ros/humble/opt/rviz_ogre_vendor/lib:/opt/ros/humble/lib/x86_64-linux-gnu:/opt/ros/humble/lib /usr/bin/cmake --install /home/ywag/ros_ws/build/ballistic_solver
[10.544s] -- Install configuration: ""
[10.544s] -- Execute custom install script
[10.544s] -- Symlinking: /home/ywag/ros_ws/install/ballistic_solver/lib/ballistic_solver/ballistic_solver_node
[10.549s] -- Symlinking: /home/ywag/ros_ws/install/ballistic_solver/share/ament_index/resource_index/package_run_dependencies/ballistic_solver
[10.554s] -- Symlinking: /home/ywag/ros_ws/install/ballistic_solver/share/ament_index/resource_index/parent_prefix_path/ballistic_solver
[10.559s] -- Symlinking: /home/ywag/ros_ws/install/ballistic_solver/share/ballistic_solver/environment/ament_prefix_path.sh
[10.564s] -- Symlinking: /home/ywag/ros_ws/install/ballistic_solver/share/ballistic_solver/environment/ament_prefix_path.dsv
[10.568s] -- Symlinking: /home/ywag/ros_ws/install/ballistic_solver/share/ballistic_solver/environment/path.sh
[10.572s] -- Symlinking: /home/ywag/ros_ws/install/ballistic_solver/share/ballistic_solver/environment/path.dsv
[10.577s] -- Symlinking: /home/ywag/ros_ws/install/ballistic_solver/share/ballistic_solver/local_setup.bash
[10.581s] -- Symlinking: /home/ywag/ros_ws/install/ballistic_solver/share/ballistic_solver/local_setup.sh
[10.591s] -- Symlinking: /home/ywag/ros_ws/install/ballistic_solver/share/ballistic_solver/local_setup.zsh
[10.591s] -- Symlinking: /home/ywag/ros_ws/install/ballistic_solver/share/ballistic_solver/local_setup.dsv
[10.595s] -- Symlinking: /home/ywag/ros_ws/install/ballistic_solver/share/ballistic_solver/package.dsv
[10.601s] -- Symlinking: /home/ywag/ros_ws/install/ballistic_solver/share/ament_index/resource_index/packages/ballistic_solver
[10.607s] -- Symlinking: /home/ywag/ros_ws/install/ballistic_solver/share/ballistic_solver/cmake/ballistic_solverConfig.cmake
[10.612s] -- Symlinking: /home/ywag/ros_ws/install/ballistic_solver/share/ballistic_solver/cmake/ballistic_solverConfig-version.cmake
[10.616s] -- Symlinking: /home/ywag/ros_ws/install/ballistic_solver/share/ballistic_solver/package.xml
[10.624s] Invoked command in '/home/ywag/ros_ws/build/ballistic_solver' returned '0': CMAKE_PREFIX_PATH=/home/ywag/ros_ws/install/auto_aim_interfaces:/home/ywag/ros_ws/install/rm_vision_bringup:/home/ywag/ros_ws/install/rm_serial_driver:/home/ywag/ros_ws/install/rm_gimbal_description:/home/ywag/ros_ws/install/mindvision_camera:/home/ywag/ros_ws/install/hik_camera:/home/ywag/ros_ws/install/ballistic_solver:/home/ywag/ros_ws/install/armor_tracker:/home/ywag/ros_ws/install/armor_detector:/opt/ros/humble LD_LIBRARY_PATH=/home/ywag/ros_ws/install/auto_aim_interfaces/lib:/usr/local/lib:/usr/local/lib:/usr/local/lib:/usr/local/lib:/usr/local/lib:/usr/local/lib:/home/ywag/ros_ws/install/rm_serial_driver/lib:/home/ywag/ros_ws/install/mindvision_camera/lib:/home/ywag/ros_ws/install/hik_camera/lib:/home/ywag/ros_ws/install/armor_tracker/lib:/home/ywag/ros_ws/install/armor_detector/lib:/opt/ros/humble/opt/rviz_ogre_vendor/lib:/opt/ros/humble/lib/x86_64-linux-gnu:/opt/ros/humble/lib /usr/bin/cmake --install /home/ywag/ros_ws/build/ballistic_solver
