[0.012s] Invoking command in '/home/ywag/ros_ws/build/rm_serial_driver': CMAKE_PREFIX_PATH=/home/ywag/ros_ws/install/auto_aim_interfaces:/home/ywag/ros_ws/install/rm_vision_bringup:/home/ywag/ros_ws/install/rm_serial_driver:/home/ywag/ros_ws/install/rm_gimbal_description:/home/ywag/ros_ws/install/mindvision_camera:/home/ywag/ros_ws/install/hik_camera:/home/ywag/ros_ws/install/ballistic_solver:/home/ywag/ros_ws/install/armor_tracker:/home/ywag/ros_ws/install/armor_detector:/opt/ros/humble LD_LIBRARY_PATH=/home/ywag/ros_ws/install/auto_aim_interfaces/lib:/usr/local/lib:/usr/local/lib:/usr/local/lib:/usr/local/lib:/usr/local/lib:/usr/local/lib:/home/ywag/ros_ws/install/rm_serial_driver/lib:/home/ywag/ros_ws/install/mindvision_camera/lib:/home/ywag/ros_ws/install/hik_camera/lib:/home/ywag/ros_ws/install/armor_tracker/lib:/home/ywag/ros_ws/install/armor_detector/lib:/opt/ros/humble/opt/rviz_ogre_vendor/lib:/opt/ros/humble/lib/x86_64-linux-gnu:/opt/ros/humble/lib /usr/bin/cmake /home/ywag/ros_ws/src/rm_serial_driver -DAMENT_CMAKE_SYMLINK_INSTALL=1 -DCMAKE_INSTALL_PREFIX=/home/ywag/ros_ws/install/rm_serial_driver
[0.077s] -- The C compiler identification is GNU 11.4.0
[0.199s] -- The CXX compiler identification is GNU 11.4.0
[0.209s] -- Detecting C compiler ABI info
[0.290s] -- Detecting C compiler ABI info - done
[0.295s] -- Check for working C compiler: /usr/bin/cc - skipped
[0.295s] -- Detecting C compile features
[0.300s] -- Detecting C compile features - done
[0.302s] -- Detecting CXX compiler ABI info
[0.395s] -- Detecting CXX compiler ABI info - done
[0.411s] -- Check for working CXX compiler: /usr/bin/c++ - skipped
[0.414s] -- Detecting CXX compile features
[0.414s] -- Detecting CXX compile features - done
[0.419s] -- Found ament_cmake_auto: 1.3.12 (/opt/ros/humble/share/ament_cmake_auto/cmake)
[0.581s] -- Found Python3: /usr/bin/python3 (found version "3.10.12") found components: Interpreter 
[0.653s] -- Override CMake install command with custom implementation using symlinks instead of copying resources
[0.818s] -- Found rosidl_generator_c: 3.1.7 (/opt/ros/humble/share/rosidl_generator_c/cmake)
[0.820s] -- Found rosidl_adapter: 3.1.7 (/opt/ros/humble/share/rosidl_adapter/cmake)
[0.827s] -- Found rosidl_generator_cpp: 3.1.7 (/opt/ros/humble/share/rosidl_generator_cpp/cmake)
[0.839s] -- Using all available rosidl_typesupport_c: rosidl_typesupport_fastrtps_c;rosidl_typesupport_introspection_c
[0.865s] -- Using all available rosidl_typesupport_cpp: rosidl_typesupport_fastrtps_cpp;rosidl_typesupport_introspection_cpp
[0.928s] -- Found rmw_implementation_cmake: 6.1.2 (/opt/ros/humble/share/rmw_implementation_cmake/cmake)
[0.930s] -- Found rmw_fastrtps_cpp: 6.2.8 (/opt/ros/humble/share/rmw_fastrtps_cpp/cmake)
[0.986s] -- Found OpenSSL: /usr/lib/x86_64-linux-gnu/libcrypto.so (found version "3.0.2")  
[1.011s] -- Found FastRTPS: /opt/ros/humble/include  
[1.052s] -- Using RMW implementation 'rmw_fastrtps_cpp' as default
[1.061s] -- Looking for pthread.h
[1.173s] -- Looking for pthread.h - found
[1.173s] -- Performing Test CMAKE_HAVE_LIBC_PTHREAD
[1.257s] -- Performing Test CMAKE_HAVE_LIBC_PTHREAD - Success
[1.257s] -- Found Threads: TRUE  
[1.396s] -- Found asio_cmake_module: 1.2.0 (/opt/ros/humble/share/asio_cmake_module/cmake)
[1.400s] -- Found ASIO: /usr/include  
[1.686s] -- Found eigen3_cmake_module: 0.1.1 (/opt/ros/humble/share/eigen3_cmake_module/cmake)
[1.691s] -- Found Eigen3: TRUE (found version "3.4.0") 
[1.692s] -- Ensuring Eigen3 include directory is part of orocos-kdl CMake target
[1.789s] -- Found ament_lint_auto: 0.12.14 (/opt/ros/humble/share/ament_lint_auto/cmake)
[1.807s] [0mIn this package, headers install destination is set to `include` by ament_auto_package. It is recommended to install `include/rm_serial_driver` instead and will be the default behavior of ament_auto_package from ROS 2 Kilted Kaiju. On distributions before Kilted, ament_auto_package behaves the same way when you use USE_SCOPED_HEADER_INSTALL_DIR option.[0m
[1.821s] -- Added test 'cppcheck' to perform static code analysis on C / C++ code
[1.821s] -- Configured cppcheck include dirs: /home/ywag/ros_ws/src/rm_serial_driver/include
[1.821s] -- Configured cppcheck exclude dirs and/or files: 
[1.821s] -- Added test 'cpplint' to check C / C++ code against the Google style
[1.821s] -- Configured cpplint exclude dirs and/or files: 
[1.822s] -- Added test 'flake8' to check Python code syntax and style conventions
[1.825s] -- Added test 'lint_cmake' to check CMake code style
[1.825s] -- Added test 'pep257' to check Python code against some of the docstring style conventions in PEP 257
[1.826s] -- Added test 'xmllint' to check XML markup files
[1.828s] -- Added test 'clang_format' to check C / C++ code style
[1.836s] -- Configuring done
[1.880s] -- Generating done
[1.886s] -- Build files have been written to: /home/ywag/ros_ws/build/rm_serial_driver
[1.905s] Invoked command in '/home/ywag/ros_ws/build/rm_serial_driver' returned '0': CMAKE_PREFIX_PATH=/home/ywag/ros_ws/install/auto_aim_interfaces:/home/ywag/ros_ws/install/rm_vision_bringup:/home/ywag/ros_ws/install/rm_serial_driver:/home/ywag/ros_ws/install/rm_gimbal_description:/home/ywag/ros_ws/install/mindvision_camera:/home/ywag/ros_ws/install/hik_camera:/home/ywag/ros_ws/install/ballistic_solver:/home/ywag/ros_ws/install/armor_tracker:/home/ywag/ros_ws/install/armor_detector:/opt/ros/humble LD_LIBRARY_PATH=/home/ywag/ros_ws/install/auto_aim_interfaces/lib:/usr/local/lib:/usr/local/lib:/usr/local/lib:/usr/local/lib:/usr/local/lib:/usr/local/lib:/home/ywag/ros_ws/install/rm_serial_driver/lib:/home/ywag/ros_ws/install/mindvision_camera/lib:/home/ywag/ros_ws/install/hik_camera/lib:/home/ywag/ros_ws/install/armor_tracker/lib:/home/ywag/ros_ws/install/armor_detector/lib:/opt/ros/humble/opt/rviz_ogre_vendor/lib:/opt/ros/humble/lib/x86_64-linux-gnu:/opt/ros/humble/lib /usr/bin/cmake /home/ywag/ros_ws/src/rm_serial_driver -DAMENT_CMAKE_SYMLINK_INSTALL=1 -DCMAKE_INSTALL_PREFIX=/home/ywag/ros_ws/install/rm_serial_driver
[1.905s] Invoking command in '/home/ywag/ros_ws/build/rm_serial_driver': CMAKE_PREFIX_PATH=/home/ywag/ros_ws/install/auto_aim_interfaces:/home/ywag/ros_ws/install/rm_vision_bringup:/home/ywag/ros_ws/install/rm_serial_driver:/home/ywag/ros_ws/install/rm_gimbal_description:/home/ywag/ros_ws/install/mindvision_camera:/home/ywag/ros_ws/install/hik_camera:/home/ywag/ros_ws/install/ballistic_solver:/home/ywag/ros_ws/install/armor_tracker:/home/ywag/ros_ws/install/armor_detector:/opt/ros/humble LD_LIBRARY_PATH=/home/ywag/ros_ws/install/auto_aim_interfaces/lib:/usr/local/lib:/usr/local/lib:/usr/local/lib:/usr/local/lib:/usr/local/lib:/usr/local/lib:/home/ywag/ros_ws/install/rm_serial_driver/lib:/home/ywag/ros_ws/install/mindvision_camera/lib:/home/ywag/ros_ws/install/hik_camera/lib:/home/ywag/ros_ws/install/armor_tracker/lib:/home/ywag/ros_ws/install/armor_detector/lib:/opt/ros/humble/opt/rviz_ogre_vendor/lib:/opt/ros/humble/lib/x86_64-linux-gnu:/opt/ros/humble/lib /usr/bin/cmake --build /home/ywag/ros_ws/build/rm_serial_driver -- -j2 -l2
[1.966s] [ 20%] [32mBuilding CXX object CMakeFiles/rm_serial_driver.dir/src/rm_serial_driver.cpp.o[0m
[18.536s] [ 40%] [32mBuilding CXX object CMakeFiles/rm_serial_driver.dir/src/crc.cpp.o[0m
[18.596s] [ 60%] [32m[1mLinking CXX shared library librm_serial_driver.so[0m
[19.510s] [ 60%] Built target rm_serial_driver
[19.533s] [ 80%] [32mBuilding CXX object CMakeFiles/rm_serial_driver_node.dir/rclcpp_components/node_main_rm_serial_driver_node.cpp.o[0m
[23.043s] [100%] [32m[1mLinking CXX executable rm_serial_driver_node[0m
[23.175s] [100%] Built target rm_serial_driver_node
[23.224s] Invoked command in '/home/ywag/ros_ws/build/rm_serial_driver' returned '0': CMAKE_PREFIX_PATH=/home/ywag/ros_ws/install/auto_aim_interfaces:/home/ywag/ros_ws/install/rm_vision_bringup:/home/ywag/ros_ws/install/rm_serial_driver:/home/ywag/ros_ws/install/rm_gimbal_description:/home/ywag/ros_ws/install/mindvision_camera:/home/ywag/ros_ws/install/hik_camera:/home/ywag/ros_ws/install/ballistic_solver:/home/ywag/ros_ws/install/armor_tracker:/home/ywag/ros_ws/install/armor_detector:/opt/ros/humble LD_LIBRARY_PATH=/home/ywag/ros_ws/install/auto_aim_interfaces/lib:/usr/local/lib:/usr/local/lib:/usr/local/lib:/usr/local/lib:/usr/local/lib:/usr/local/lib:/home/ywag/ros_ws/install/rm_serial_driver/lib:/home/ywag/ros_ws/install/mindvision_camera/lib:/home/ywag/ros_ws/install/hik_camera/lib:/home/ywag/ros_ws/install/armor_tracker/lib:/home/ywag/ros_ws/install/armor_detector/lib:/opt/ros/humble/opt/rviz_ogre_vendor/lib:/opt/ros/humble/lib/x86_64-linux-gnu:/opt/ros/humble/lib /usr/bin/cmake --build /home/ywag/ros_ws/build/rm_serial_driver -- -j2 -l2
[23.239s] Invoking command in '/home/ywag/ros_ws/build/rm_serial_driver': CMAKE_PREFIX_PATH=/home/ywag/ros_ws/install/auto_aim_interfaces:/home/ywag/ros_ws/install/rm_vision_bringup:/home/ywag/ros_ws/install/rm_serial_driver:/home/ywag/ros_ws/install/rm_gimbal_description:/home/ywag/ros_ws/install/mindvision_camera:/home/ywag/ros_ws/install/hik_camera:/home/ywag/ros_ws/install/ballistic_solver:/home/ywag/ros_ws/install/armor_tracker:/home/ywag/ros_ws/install/armor_detector:/opt/ros/humble LD_LIBRARY_PATH=/home/ywag/ros_ws/install/auto_aim_interfaces/lib:/usr/local/lib:/usr/local/lib:/usr/local/lib:/usr/local/lib:/usr/local/lib:/usr/local/lib:/home/ywag/ros_ws/install/rm_serial_driver/lib:/home/ywag/ros_ws/install/mindvision_camera/lib:/home/ywag/ros_ws/install/hik_camera/lib:/home/ywag/ros_ws/install/armor_tracker/lib:/home/ywag/ros_ws/install/armor_detector/lib:/opt/ros/humble/opt/rviz_ogre_vendor/lib:/opt/ros/humble/lib/x86_64-linux-gnu:/opt/ros/humble/lib /usr/bin/cmake --install /home/ywag/ros_ws/build/rm_serial_driver
[23.249s] -- Install configuration: ""
[23.250s] -- Execute custom install script
[23.250s] -- Symlinking: /home/ywag/ros_ws/install/rm_serial_driver/lib/rm_serial_driver/rm_serial_driver_node
[23.259s] -- Symlinking: /home/ywag/ros_ws/install/rm_serial_driver/include/rm_serial_driver/crc.hpp
[23.281s] -- Symlinking: /home/ywag/ros_ws/install/rm_serial_driver/include/rm_serial_driver/packet.hpp
[23.290s] -- Symlinking: /home/ywag/ros_ws/install/rm_serial_driver/include/rm_serial_driver/rm_serial_driver.hpp
[23.296s] -- Symlinking: /home/ywag/ros_ws/install/rm_serial_driver/share/rm_serial_driver/environment/library_path.sh
[23.317s] -- Symlinking: /home/ywag/ros_ws/install/rm_serial_driver/share/rm_serial_driver/environment/library_path.dsv
[23.341s] -- Symlinking: /home/ywag/ros_ws/install/rm_serial_driver/lib/librm_serial_driver.so
[23.362s] -- Symlinking: /home/ywag/ros_ws/install/rm_serial_driver/share/rm_serial_driver/config/serial_driver.yaml
[23.374s] -- Symlinking: /home/ywag/ros_ws/install/rm_serial_driver/share/rm_serial_driver/launch/serial_driver.launch.py
[23.380s] -- Symlinking: /home/ywag/ros_ws/install/rm_serial_driver/share/ament_index/resource_index/package_run_dependencies/rm_serial_driver
[23.387s] -- Symlinking: /home/ywag/ros_ws/install/rm_serial_driver/share/ament_index/resource_index/parent_prefix_path/rm_serial_driver
[23.398s] -- Symlinking: /home/ywag/ros_ws/install/rm_serial_driver/share/rm_serial_driver/environment/ament_prefix_path.sh
[23.403s] -- Symlinking: /home/ywag/ros_ws/install/rm_serial_driver/share/rm_serial_driver/environment/ament_prefix_path.dsv
[23.413s] -- Symlinking: /home/ywag/ros_ws/install/rm_serial_driver/share/rm_serial_driver/environment/path.sh
[23.420s] -- Symlinking: /home/ywag/ros_ws/install/rm_serial_driver/share/rm_serial_driver/environment/path.dsv
[23.429s] -- Symlinking: /home/ywag/ros_ws/install/rm_serial_driver/share/rm_serial_driver/local_setup.bash
[23.435s] -- Symlinking: /home/ywag/ros_ws/install/rm_serial_driver/share/rm_serial_driver/local_setup.sh
[23.444s] -- Symlinking: /home/ywag/ros_ws/install/rm_serial_driver/share/rm_serial_driver/local_setup.zsh
[23.455s] -- Symlinking: /home/ywag/ros_ws/install/rm_serial_driver/share/rm_serial_driver/local_setup.dsv
[23.468s] -- Symlinking: /home/ywag/ros_ws/install/rm_serial_driver/share/rm_serial_driver/package.dsv
[23.472s] -- Symlinking: /home/ywag/ros_ws/install/rm_serial_driver/share/ament_index/resource_index/packages/rm_serial_driver
[23.476s] -- Symlinking: /home/ywag/ros_ws/install/rm_serial_driver/share/ament_index/resource_index/rclcpp_components/rm_serial_driver
[23.484s] -- Symlinking: /home/ywag/ros_ws/install/rm_serial_driver/share/rm_serial_driver/cmake/ament_cmake_export_dependencies-extras.cmake
[23.490s] -- Symlinking: /home/ywag/ros_ws/install/rm_serial_driver/share/rm_serial_driver/cmake/ament_cmake_export_include_directories-extras.cmake
[23.500s] -- Symlinking: /home/ywag/ros_ws/install/rm_serial_driver/share/rm_serial_driver/cmake/ament_cmake_export_libraries-extras.cmake
[23.507s] -- Symlinking: /home/ywag/ros_ws/install/rm_serial_driver/share/rm_serial_driver/cmake/rm_serial_driverConfig.cmake
[23.519s] -- Symlinking: /home/ywag/ros_ws/install/rm_serial_driver/share/rm_serial_driver/cmake/rm_serial_driverConfig-version.cmake
[23.528s] -- Symlinking: /home/ywag/ros_ws/install/rm_serial_driver/share/rm_serial_driver/package.xml
[23.539s] Invoked command in '/home/ywag/ros_ws/build/rm_serial_driver' returned '0': CMAKE_PREFIX_PATH=/home/ywag/ros_ws/install/auto_aim_interfaces:/home/ywag/ros_ws/install/rm_vision_bringup:/home/ywag/ros_ws/install/rm_serial_driver:/home/ywag/ros_ws/install/rm_gimbal_description:/home/ywag/ros_ws/install/mindvision_camera:/home/ywag/ros_ws/install/hik_camera:/home/ywag/ros_ws/install/ballistic_solver:/home/ywag/ros_ws/install/armor_tracker:/home/ywag/ros_ws/install/armor_detector:/opt/ros/humble LD_LIBRARY_PATH=/home/ywag/ros_ws/install/auto_aim_interfaces/lib:/usr/local/lib:/usr/local/lib:/usr/local/lib:/usr/local/lib:/usr/local/lib:/usr/local/lib:/home/ywag/ros_ws/install/rm_serial_driver/lib:/home/ywag/ros_ws/install/mindvision_camera/lib:/home/ywag/ros_ws/install/hik_camera/lib:/home/ywag/ros_ws/install/armor_tracker/lib:/home/ywag/ros_ws/install/armor_detector/lib:/opt/ros/humble/opt/rviz_ogre_vendor/lib:/opt/ros/humble/lib/x86_64-linux-gnu:/opt/ros/humble/lib /usr/bin/cmake --install /home/ywag/ros_ws/build/rm_serial_driver
