[0.011s] Invoking command in '/home/ywag/ros_ws/build/armor_detector': CMAKE_PREFIX_PATH=/home/ywag/ros_ws/install/auto_aim_interfaces:/home/ywag/ros_ws/install/rm_vision_bringup:/home/ywag/ros_ws/install/rm_serial_driver:/home/ywag/ros_ws/install/rm_gimbal_description:/home/ywag/ros_ws/install/mindvision_camera:/home/ywag/ros_ws/install/hik_camera:/home/ywag/ros_ws/install/ballistic_solver:/home/ywag/ros_ws/install/armor_tracker:/home/ywag/ros_ws/install/armor_detector:/opt/ros/humble LD_LIBRARY_PATH=/home/ywag/ros_ws/install/auto_aim_interfaces/lib:/usr/local/lib:/usr/local/lib:/usr/local/lib:/usr/local/lib:/usr/local/lib:/usr/local/lib:/home/ywag/ros_ws/install/rm_serial_driver/lib:/home/ywag/ros_ws/install/mindvision_camera/lib:/home/ywag/ros_ws/install/hik_camera/lib:/home/ywag/ros_ws/install/armor_tracker/lib:/home/ywag/ros_ws/install/armor_detector/lib:/opt/ros/humble/opt/rviz_ogre_vendor/lib:/opt/ros/humble/lib/x86_64-linux-gnu:/opt/ros/humble/lib /usr/bin/cmake /home/ywag/ros_ws/src/rm_auto_aim/armor_detector -DAMENT_CMAKE_SYMLINK_INSTALL=1 -DCMAKE_INSTALL_PREFIX=/home/ywag/ros_ws/install/armor_detector
[0.105s] -- The C compiler identification is GNU 11.4.0
[0.211s] -- The CXX compiler identification is GNU 11.4.0
[0.230s] -- Detecting C compiler ABI info
[0.351s] -- Detecting C compiler ABI info - done
[0.365s] -- Check for working C compiler: /usr/bin/cc - skipped
[0.365s] -- Detecting C compile features
[0.365s] -- Detecting C compile features - done
[0.369s] -- Detecting CXX compiler ABI info
[0.494s] -- Detecting CXX compiler ABI info - done
[0.502s] -- Check for working CXX compiler: /usr/bin/c++ - skipped
[0.502s] -- Detecting CXX compile features
[0.503s] -- Detecting CXX compile features - done
[0.506s] -- Found ament_cmake_auto: 1.3.12 (/opt/ros/humble/share/ament_cmake_auto/cmake)
[0.708s] -- Found Python3: /usr/bin/python3 (found version "3.10.12") found components: Interpreter 
[0.802s] -- Override CMake install command with custom implementation using symlinks instead of copying resources
[0.834s] -- Found OpenCV: /usr/local (found version "4.6.0") 
[0.985s] -- Found rosidl_generator_c: 3.1.7 (/opt/ros/humble/share/rosidl_generator_c/cmake)
[0.993s] -- Found rosidl_adapter: 3.1.7 (/opt/ros/humble/share/rosidl_adapter/cmake)
[1.003s] -- Found rosidl_generator_cpp: 3.1.7 (/opt/ros/humble/share/rosidl_generator_cpp/cmake)
[1.015s] -- Using all available rosidl_typesupport_c: rosidl_typesupport_fastrtps_c;rosidl_typesupport_introspection_c
[1.033s] -- Using all available rosidl_typesupport_cpp: rosidl_typesupport_fastrtps_cpp;rosidl_typesupport_introspection_cpp
[1.083s] -- Found rmw_implementation_cmake: 6.1.2 (/opt/ros/humble/share/rmw_implementation_cmake/cmake)
[1.083s] -- Found rmw_fastrtps_cpp: 6.2.8 (/opt/ros/humble/share/rmw_fastrtps_cpp/cmake)
[1.208s] -- Found OpenSSL: /usr/lib/x86_64-linux-gnu/libcrypto.so (found version "3.0.2")  
[1.252s] -- Found FastRTPS: /opt/ros/humble/include  
[1.302s] -- Using RMW implementation 'rmw_fastrtps_cpp' as default
[1.310s] -- Looking for pthread.h
[1.436s] -- Looking for pthread.h - found
[1.436s] -- Performing Test CMAKE_HAVE_LIBC_PTHREAD
[1.589s] -- Performing Test CMAKE_HAVE_LIBC_PTHREAD - Success
[1.589s] -- Found Threads: TRUE  
[1.838s] -- Found eigen3_cmake_module: 0.1.1 (/opt/ros/humble/share/eigen3_cmake_module/cmake)
[1.838s] -- Found Eigen3: TRUE (found version "3.4.0") 
[1.839s] -- Ensuring Eigen3 include directory is part of orocos-kdl CMake target
[1.910s] -- Found ament_lint_auto: 0.12.14 (/opt/ros/humble/share/ament_lint_auto/cmake)
[1.930s] -- Found ament_cmake_gtest: 1.3.12 (/opt/ros/humble/share/ament_cmake_gtest/cmake)
[1.937s] -- Found gtest sources under '/opt/ros/humble/src/gtest_vendor': C++ tests using 'Google Test' will be built
[1.940s] [0mIn this package, headers install destination is set to `include` by ament_auto_package. It is recommended to install `include/armor_detector` instead and will be the default behavior of ament_auto_package from ROS 2 Kilted Kaiju. On distributions before Kilted, ament_auto_package behaves the same way when you use USE_SCOPED_HEADER_INSTALL_DIR option.[0m
[1.952s] -- Added test 'cppcheck' to perform static code analysis on C / C++ code
[1.953s] -- Configured cppcheck include dirs: /home/ywag/ros_ws/src/rm_auto_aim/armor_detector/include
[1.953s] -- Configured cppcheck exclude dirs and/or files: 
[1.955s] -- Added test 'lint_cmake' to check CMake code style
[1.957s] -- Added test 'xmllint' to check XML markup files
[1.962s] -- Added test 'clang_format' to check C / C++ code style
[1.965s] -- Configuring done
[2.013s] -- Generating done
[2.026s] -- Build files have been written to: /home/ywag/ros_ws/build/armor_detector
[2.045s] Invoked command in '/home/ywag/ros_ws/build/armor_detector' returned '0': CMAKE_PREFIX_PATH=/home/ywag/ros_ws/install/auto_aim_interfaces:/home/ywag/ros_ws/install/rm_vision_bringup:/home/ywag/ros_ws/install/rm_serial_driver:/home/ywag/ros_ws/install/rm_gimbal_description:/home/ywag/ros_ws/install/mindvision_camera:/home/ywag/ros_ws/install/hik_camera:/home/ywag/ros_ws/install/ballistic_solver:/home/ywag/ros_ws/install/armor_tracker:/home/ywag/ros_ws/install/armor_detector:/opt/ros/humble LD_LIBRARY_PATH=/home/ywag/ros_ws/install/auto_aim_interfaces/lib:/usr/local/lib:/usr/local/lib:/usr/local/lib:/usr/local/lib:/usr/local/lib:/usr/local/lib:/home/ywag/ros_ws/install/rm_serial_driver/lib:/home/ywag/ros_ws/install/mindvision_camera/lib:/home/ywag/ros_ws/install/hik_camera/lib:/home/ywag/ros_ws/install/armor_tracker/lib:/home/ywag/ros_ws/install/armor_detector/lib:/opt/ros/humble/opt/rviz_ogre_vendor/lib:/opt/ros/humble/lib/x86_64-linux-gnu:/opt/ros/humble/lib /usr/bin/cmake /home/ywag/ros_ws/src/rm_auto_aim/armor_detector -DAMENT_CMAKE_SYMLINK_INSTALL=1 -DCMAKE_INSTALL_PREFIX=/home/ywag/ros_ws/install/armor_detector
[2.045s] Invoking command in '/home/ywag/ros_ws/build/armor_detector': CMAKE_PREFIX_PATH=/home/ywag/ros_ws/install/auto_aim_interfaces:/home/ywag/ros_ws/install/rm_vision_bringup:/home/ywag/ros_ws/install/rm_serial_driver:/home/ywag/ros_ws/install/rm_gimbal_description:/home/ywag/ros_ws/install/mindvision_camera:/home/ywag/ros_ws/install/hik_camera:/home/ywag/ros_ws/install/ballistic_solver:/home/ywag/ros_ws/install/armor_tracker:/home/ywag/ros_ws/install/armor_detector:/opt/ros/humble LD_LIBRARY_PATH=/home/ywag/ros_ws/install/auto_aim_interfaces/lib:/usr/local/lib:/usr/local/lib:/usr/local/lib:/usr/local/lib:/usr/local/lib:/usr/local/lib:/home/ywag/ros_ws/install/rm_serial_driver/lib:/home/ywag/ros_ws/install/mindvision_camera/lib:/home/ywag/ros_ws/install/hik_camera/lib:/home/ywag/ros_ws/install/armor_tracker/lib:/home/ywag/ros_ws/install/armor_detector/lib:/opt/ros/humble/opt/rviz_ogre_vendor/lib:/opt/ros/humble/lib/x86_64-linux-gnu:/opt/ros/humble/lib /usr/bin/cmake --build /home/ywag/ros_ws/build/armor_detector -- -j2 -l2
[2.149s] [  6%] [32mBuilding CXX object CMakeFiles/armor_detector.dir/src/detector.cpp.o[0m
[4.642s] [ 13%] [32mBuilding CXX object CMakeFiles/armor_detector.dir/src/detector_node.cpp.o[0m
[28.725s] [ 20%] [32mBuilding CXX object CMakeFiles/armor_detector.dir/src/number_classifier.cpp.o[0m
[31.044s] [ 26%] [32mBuilding CXX object CMakeFiles/armor_detector.dir/src/pnp_solver.cpp.o[0m
[32.210s] [ 33%] [32m[1mLinking CXX shared library libarmor_detector.so[0m
[33.384s] [ 33%] Built target armor_detector
[33.416s] [ 40%] [32mBuilding CXX object CMakeFiles/armor_detector_node.dir/rclcpp_components/node_main_armor_detector_node.cpp.o[0m
[36.924s] [ 46%] [32m[1mLinking CXX executable armor_detector_node[0m
[37.036s] [ 46%] Built target armor_detector_node
[37.062s] [ 53%] [32mBuilding CXX object gtest/CMakeFiles/gtest_main.dir/src/gtest_main.cc.o[0m
[37.721s] [ 60%] [32m[1mLinking CXX static library libgtest_main.a[0m
[37.776s] [ 60%] Built target gtest_main
[37.815s] [ 66%] [32mBuilding CXX object gtest/CMakeFiles/gtest.dir/src/gtest-all.cc.o[0m
[41.033s] [ 73%] [32m[1mLinking CXX static library libgtest.a[0m
[41.105s] [ 73%] Built target gtest
[41.132s] [ 80%] [32mBuilding CXX object CMakeFiles/test_node_startup.dir/test/test_node_startup.cpp.o[0m
[47.349s] [ 86%] [32m[1mLinking CXX executable test_node_startup[0m
[48.240s] [ 86%] Built target test_node_startup
[48.285s] [ 93%] [32mBuilding CXX object CMakeFiles/test_number_cls.dir/test/test_number_cls.cpp.o[0m
[50.490s] [100%] [32m[1mLinking CXX executable test_number_cls[0m
[50.908s] /usr/bin/ld: warning: libopencv_core.so.4.5d, needed by /opt/ros/humble/lib/libcv_bridge.so, may conflict with libopencv_core.so.406
[51.276s] [100%] Built target test_number_cls
[51.307s] Invoked command in '/home/ywag/ros_ws/build/armor_detector' returned '0': CMAKE_PREFIX_PATH=/home/ywag/ros_ws/install/auto_aim_interfaces:/home/ywag/ros_ws/install/rm_vision_bringup:/home/ywag/ros_ws/install/rm_serial_driver:/home/ywag/ros_ws/install/rm_gimbal_description:/home/ywag/ros_ws/install/mindvision_camera:/home/ywag/ros_ws/install/hik_camera:/home/ywag/ros_ws/install/ballistic_solver:/home/ywag/ros_ws/install/armor_tracker:/home/ywag/ros_ws/install/armor_detector:/opt/ros/humble LD_LIBRARY_PATH=/home/ywag/ros_ws/install/auto_aim_interfaces/lib:/usr/local/lib:/usr/local/lib:/usr/local/lib:/usr/local/lib:/usr/local/lib:/usr/local/lib:/home/ywag/ros_ws/install/rm_serial_driver/lib:/home/ywag/ros_ws/install/mindvision_camera/lib:/home/ywag/ros_ws/install/hik_camera/lib:/home/ywag/ros_ws/install/armor_tracker/lib:/home/ywag/ros_ws/install/armor_detector/lib:/opt/ros/humble/opt/rviz_ogre_vendor/lib:/opt/ros/humble/lib/x86_64-linux-gnu:/opt/ros/humble/lib /usr/bin/cmake --build /home/ywag/ros_ws/build/armor_detector -- -j2 -l2
[51.316s] Invoking command in '/home/ywag/ros_ws/build/armor_detector': CMAKE_PREFIX_PATH=/home/ywag/ros_ws/install/auto_aim_interfaces:/home/ywag/ros_ws/install/rm_vision_bringup:/home/ywag/ros_ws/install/rm_serial_driver:/home/ywag/ros_ws/install/rm_gimbal_description:/home/ywag/ros_ws/install/mindvision_camera:/home/ywag/ros_ws/install/hik_camera:/home/ywag/ros_ws/install/ballistic_solver:/home/ywag/ros_ws/install/armor_tracker:/home/ywag/ros_ws/install/armor_detector:/opt/ros/humble LD_LIBRARY_PATH=/home/ywag/ros_ws/install/auto_aim_interfaces/lib:/usr/local/lib:/usr/local/lib:/usr/local/lib:/usr/local/lib:/usr/local/lib:/usr/local/lib:/home/ywag/ros_ws/install/rm_serial_driver/lib:/home/ywag/ros_ws/install/mindvision_camera/lib:/home/ywag/ros_ws/install/hik_camera/lib:/home/ywag/ros_ws/install/armor_tracker/lib:/home/ywag/ros_ws/install/armor_detector/lib:/opt/ros/humble/opt/rviz_ogre_vendor/lib:/opt/ros/humble/lib/x86_64-linux-gnu:/opt/ros/humble/lib /usr/bin/cmake --install /home/ywag/ros_ws/build/armor_detector
[51.324s] -- Install configuration: ""
[51.325s] -- Execute custom install script
[51.325s] -- Symlinking: /home/ywag/ros_ws/install/armor_detector/lib/armor_detector/armor_detector_node
[51.339s] -- Symlinking: /home/ywag/ros_ws/install/armor_detector/include/armor_detector/armor.hpp
[51.347s] -- Symlinking: /home/ywag/ros_ws/install/armor_detector/include/armor_detector/detector.hpp
[51.355s] -- Symlinking: /home/ywag/ros_ws/install/armor_detector/include/armor_detector/detector_node.hpp
[51.365s] -- Symlinking: /home/ywag/ros_ws/install/armor_detector/include/armor_detector/number_classifier.hpp
[51.388s] -- Symlinking: /home/ywag/ros_ws/install/armor_detector/include/armor_detector/pnp_solver.hpp
[51.391s] -- Symlinking: /home/ywag/ros_ws/install/armor_detector/share/armor_detector/environment/library_path.sh
[51.402s] -- Symlinking: /home/ywag/ros_ws/install/armor_detector/share/armor_detector/environment/library_path.dsv
[51.415s] -- Symlinking: /home/ywag/ros_ws/install/armor_detector/lib/libarmor_detector.so
[51.426s] -- Symlinking: /home/ywag/ros_ws/install/armor_detector/share/armor_detector/model/label.txt
[51.447s] -- Symlinking: /home/ywag/ros_ws/install/armor_detector/share/armor_detector/model/mlp.onnx
[51.464s] -- Symlinking: /home/ywag/ros_ws/install/armor_detector/share/ament_index/resource_index/package_run_dependencies/armor_detector
[51.466s] -- Symlinking: /home/ywag/ros_ws/install/armor_detector/share/ament_index/resource_index/parent_prefix_path/armor_detector
[51.479s] -- Symlinking: /home/ywag/ros_ws/install/armor_detector/share/armor_detector/environment/ament_prefix_path.sh
[51.491s] -- Symlinking: /home/ywag/ros_ws/install/armor_detector/share/armor_detector/environment/ament_prefix_path.dsv
[51.515s] -- Symlinking: /home/ywag/ros_ws/install/armor_detector/share/armor_detector/environment/path.sh
[51.519s] -- Symlinking: /home/ywag/ros_ws/install/armor_detector/share/armor_detector/environment/path.dsv
[51.529s] -- Symlinking: /home/ywag/ros_ws/install/armor_detector/share/armor_detector/local_setup.bash
[51.539s] -- Symlinking: /home/ywag/ros_ws/install/armor_detector/share/armor_detector/local_setup.sh
[51.548s] -- Symlinking: /home/ywag/ros_ws/install/armor_detector/share/armor_detector/local_setup.zsh
[51.560s] -- Symlinking: /home/ywag/ros_ws/install/armor_detector/share/armor_detector/local_setup.dsv
[51.571s] -- Symlinking: /home/ywag/ros_ws/install/armor_detector/share/armor_detector/package.dsv
[51.584s] -- Symlinking: /home/ywag/ros_ws/install/armor_detector/share/ament_index/resource_index/packages/armor_detector
[51.595s] -- Symlinking: /home/ywag/ros_ws/install/armor_detector/share/ament_index/resource_index/rclcpp_components/armor_detector
[51.606s] -- Symlinking: /home/ywag/ros_ws/install/armor_detector/share/armor_detector/cmake/ament_cmake_export_dependencies-extras.cmake
[51.616s] -- Symlinking: /home/ywag/ros_ws/install/armor_detector/share/armor_detector/cmake/ament_cmake_export_include_directories-extras.cmake
[51.629s] -- Symlinking: /home/ywag/ros_ws/install/armor_detector/share/armor_detector/cmake/ament_cmake_export_libraries-extras.cmake
[51.643s] -- Symlinking: /home/ywag/ros_ws/install/armor_detector/share/armor_detector/cmake/armor_detectorConfig.cmake
[51.663s] -- Symlinking: /home/ywag/ros_ws/install/armor_detector/share/armor_detector/cmake/armor_detectorConfig-version.cmake
[51.672s] -- Symlinking: /home/ywag/ros_ws/install/armor_detector/share/armor_detector/package.xml
[51.691s] Invoked command in '/home/ywag/ros_ws/build/armor_detector' returned '0': CMAKE_PREFIX_PATH=/home/ywag/ros_ws/install/auto_aim_interfaces:/home/ywag/ros_ws/install/rm_vision_bringup:/home/ywag/ros_ws/install/rm_serial_driver:/home/ywag/ros_ws/install/rm_gimbal_description:/home/ywag/ros_ws/install/mindvision_camera:/home/ywag/ros_ws/install/hik_camera:/home/ywag/ros_ws/install/ballistic_solver:/home/ywag/ros_ws/install/armor_tracker:/home/ywag/ros_ws/install/armor_detector:/opt/ros/humble LD_LIBRARY_PATH=/home/ywag/ros_ws/install/auto_aim_interfaces/lib:/usr/local/lib:/usr/local/lib:/usr/local/lib:/usr/local/lib:/usr/local/lib:/usr/local/lib:/home/ywag/ros_ws/install/rm_serial_driver/lib:/home/ywag/ros_ws/install/mindvision_camera/lib:/home/ywag/ros_ws/install/hik_camera/lib:/home/ywag/ros_ws/install/armor_tracker/lib:/home/ywag/ros_ws/install/armor_detector/lib:/opt/ros/humble/opt/rviz_ogre_vendor/lib:/opt/ros/humble/lib/x86_64-linux-gnu:/opt/ros/humble/lib /usr/bin/cmake --install /home/ywag/ros_ws/build/armor_detector
