[0.014s] Invoking command in '/home/ywag/ros_ws/build/mindvision_camera': CMAKE_PREFIX_PATH=${CMAKE_PREFIX_PATH}:/opt/ros/humble /usr/bin/cmake --build /home/ywag/ros_ws/build/mindvision_camera -- -j2 -l2
[0.077s] [ 50%] Built target mindvision_camera
[0.110s] [100%] Built target mindvision_camera_node
[0.129s] Invoked command in '/home/ywag/ros_ws/build/mindvision_camera' returned '0': CMAKE_PREFIX_PATH=${CMAKE_PREFIX_PATH}:/opt/ros/humble /usr/bin/cmake --build /home/ywag/ros_ws/build/mindvision_camera -- -j2 -l2
[0.134s] Invoking command in '/home/ywag/ros_ws/build/mindvision_camera': CMAKE_PREFIX_PATH=${CMAKE_PREFIX_PATH}:/opt/ros/humble /usr/bin/cmake --install /home/ywag/ros_ws/build/mindvision_camera
[0.150s] -- Install configuration: ""
[0.151s] -- Execute custom install script
[0.151s] -- Up-to-date symlink: /home/ywag/ros_ws/install/mindvision_camera/lib/mindvision_camera/mindvision_camera_node
[0.151s] -- Up-to-date symlink: /home/ywag/ros_ws/install/mindvision_camera/share/mindvision_camera/environment/library_path.sh
[0.151s] -- Up-to-date symlink: /home/ywag/ros_ws/install/mindvision_camera/share/mindvision_camera/environment/library_path.dsv
[0.152s] -- Up-to-date symlink: /home/ywag/ros_ws/install/mindvision_camera/lib/libmindvision_camera.so
[0.152s] -- Up-to-date symlink: /home/ywag/ros_ws/install/mindvision_camera/share/mindvision_camera/config/camera_info.yaml
[0.152s] -- Up-to-date symlink: /home/ywag/ros_ws/install/mindvision_camera/share/mindvision_camera/config/camera_params.yaml
[0.152s] -- Up-to-date symlink: /home/ywag/ros_ws/install/mindvision_camera/share/mindvision_camera/launch/mv_launch.py
[0.152s] -- Up-to-date symlink: /home/ywag/ros_ws/install/mindvision_camera/share/ament_index/resource_index/package_run_dependencies/mindvision_camera
[0.152s] -- Up-to-date symlink: /home/ywag/ros_ws/install/mindvision_camera/share/ament_index/resource_index/parent_prefix_path/mindvision_camera
[0.152s] -- Up-to-date symlink: /home/ywag/ros_ws/install/mindvision_camera/share/mindvision_camera/environment/ament_prefix_path.sh
[0.153s] -- Up-to-date symlink: /home/ywag/ros_ws/install/mindvision_camera/share/mindvision_camera/environment/ament_prefix_path.dsv
[0.153s] -- Up-to-date symlink: /home/ywag/ros_ws/install/mindvision_camera/share/mindvision_camera/environment/path.sh
[0.153s] -- Up-to-date symlink: /home/ywag/ros_ws/install/mindvision_camera/share/mindvision_camera/environment/path.dsv
[0.153s] -- Up-to-date symlink: /home/ywag/ros_ws/install/mindvision_camera/share/mindvision_camera/local_setup.bash
[0.153s] -- Up-to-date symlink: /home/ywag/ros_ws/install/mindvision_camera/share/mindvision_camera/local_setup.sh
[0.153s] -- Up-to-date symlink: /home/ywag/ros_ws/install/mindvision_camera/share/mindvision_camera/local_setup.zsh
[0.153s] -- Up-to-date symlink: /home/ywag/ros_ws/install/mindvision_camera/share/mindvision_camera/local_setup.dsv
[0.153s] -- Symlinking: /home/ywag/ros_ws/install/mindvision_camera/share/mindvision_camera/package.dsv
[0.159s] -- Up-to-date symlink: /home/ywag/ros_ws/install/mindvision_camera/share/ament_index/resource_index/packages/mindvision_camera
[0.163s] -- Up-to-date symlink: /home/ywag/ros_ws/install/mindvision_camera/share/ament_index/resource_index/rclcpp_components/mindvision_camera
[0.163s] -- Up-to-date symlink: /home/ywag/ros_ws/install/mindvision_camera/share/mindvision_camera/cmake/ament_cmake_export_dependencies-extras.cmake
[0.163s] -- Up-to-date symlink: /home/ywag/ros_ws/install/mindvision_camera/share/mindvision_camera/cmake/ament_cmake_export_libraries-extras.cmake
[0.163s] -- Up-to-date symlink: /home/ywag/ros_ws/install/mindvision_camera/share/mindvision_camera/cmake/mindvision_cameraConfig.cmake
[0.163s] -- Up-to-date symlink: /home/ywag/ros_ws/install/mindvision_camera/share/mindvision_camera/cmake/mindvision_cameraConfig-version.cmake
[0.163s] -- Up-to-date symlink: /home/ywag/ros_ws/install/mindvision_camera/share/mindvision_camera/package.xml
[0.165s] Invoked command in '/home/ywag/ros_ws/build/mindvision_camera' returned '0': CMAKE_PREFIX_PATH=${CMAKE_PREFIX_PATH}:/opt/ros/humble /usr/bin/cmake --install /home/ywag/ros_ws/build/mindvision_camera
